[0.324s] DEBUG:colcon:Command line arguments: ['/usr/bin/colcon', 'build']
[0.324s] DEBUG:colcon:Parsed command line arguments: Namespace(log_base=None, log_level=None, verb_name='build', build_base='build', install_base='install', merge_install=False, symlink_install=False, test_result_base=None, continue_on_error=False, executor='parallel', parallel_workers=12, event_handlers=None, ignore_user_meta=False, metas=['./colcon.meta'], base_paths=['.'], packages_ignore=None, packages_ignore_regex=None, paths=None, packages_up_to=None, packages_up_to_regex=None, packages_above=None, packages_above_and_dependencies=None, packages_above_depth=None, packages_select_by_dep=None, packages_skip_by_dep=None, packages_skip_up_to=None, packages_select_build_failed=False, packages_skip_build_finished=False, packages_select_test_failures=False, packages_skip_test_passed=False, packages_select=None, packages_skip=None, packages_select_regex=None, packages_skip_regex=None, packages_start=None, packages_end=None, allow_overriding=[], cmake_args=None, cmake_target=None, cmake_target_skip_unavailable=False, cmake_clean_cache=False, cmake_clean_first=False, cmake_force_configure=False, ament_cmake_args=None, catkin_cmake_args=None, catkin_skip_building_tests=False, verb_parser=<colcon_defaults.argument_parser.defaults.DefaultArgumentsDecorator object at 0x74e574a705c0>, verb_extension=<colcon_core.verb.build.BuildVerb object at 0x74e574a702c0>, main=<bound method BuildVerb.main of <colcon_core.verb.build.BuildVerb object at 0x74e574a702c0>>)
[0.390s] Level 1:colcon.colcon_core.package_discovery:discover_packages(colcon_meta) check parameters
[0.390s] Level 1:colcon.colcon_core.package_discovery:discover_packages(recursive) check parameters
[0.390s] Level 1:colcon.colcon_core.package_discovery:discover_packages(ignore) check parameters
[0.390s] Level 1:colcon.colcon_core.package_discovery:discover_packages(path) check parameters
[0.390s] Level 1:colcon.colcon_core.package_discovery:discover_packages(colcon_meta) discover
[0.390s] Level 1:colcon.colcon_core.package_discovery:discover_packages(recursive) discover
[0.391s] INFO:colcon.colcon_core.package_discovery:Crawling recursively for packages in '/home/stefa/robot_mock_ws'
[0.391s] Level 1:colcon.colcon_core.package_identification:_identify(.) by extensions ['ignore', 'ignore_ament_install']
[0.391s] Level 1:colcon.colcon_core.package_identification:_identify(.) by extension 'ignore'
[0.391s] Level 1:colcon.colcon_core.package_identification:_identify(.) by extension 'ignore_ament_install'
[0.391s] Level 1:colcon.colcon_core.package_identification:_identify(.) by extensions ['colcon_pkg']
[0.391s] Level 1:colcon.colcon_core.package_identification:_identify(.) by extension 'colcon_pkg'
[0.391s] Level 1:colcon.colcon_core.package_identification:_identify(.) by extensions ['colcon_meta']
[0.391s] Level 1:colcon.colcon_core.package_identification:_identify(.) by extension 'colcon_meta'
[0.391s] Level 1:colcon.colcon_core.package_identification:_identify(.) by extensions ['ros']
[0.391s] Level 1:colcon.colcon_core.package_identification:_identify(.) by extension 'ros'
[0.428s] Level 1:colcon.colcon_core.package_identification:_identify(.) by extensions ['cmake', 'python']
[0.428s] Level 1:colcon.colcon_core.package_identification:_identify(.) by extension 'cmake'
[0.428s] Level 1:colcon.colcon_core.package_identification:_identify(.) by extension 'python'
[0.429s] Level 1:colcon.colcon_core.package_identification:_identify(.) by extensions ['python_setup_py']
[0.429s] Level 1:colcon.colcon_core.package_identification:_identify(.) by extension 'python_setup_py'
[0.429s] Level 1:colcon.colcon_core.package_identification:_identify(build) by extensions ['ignore', 'ignore_ament_install']
[0.429s] Level 1:colcon.colcon_core.package_identification:_identify(build) by extension 'ignore'
[0.429s] Level 1:colcon.colcon_core.package_identification:_identify(build) ignored
[0.429s] Level 1:colcon.colcon_core.package_identification:_identify(install) by extensions ['ignore', 'ignore_ament_install']
[0.429s] Level 1:colcon.colcon_core.package_identification:_identify(install) by extension 'ignore'
[0.429s] Level 1:colcon.colcon_core.package_identification:_identify(install) ignored
[0.429s] Level 1:colcon.colcon_core.package_identification:_identify(log) by extensions ['ignore', 'ignore_ament_install']
[0.430s] Level 1:colcon.colcon_core.package_identification:_identify(log) by extension 'ignore'
[0.430s] Level 1:colcon.colcon_core.package_identification:_identify(log) ignored
[0.430s] Level 1:colcon.colcon_core.package_identification:_identify(rosbag2_2026_02_13-20_44_03) by extensions ['ignore', 'ignore_ament_install']
[0.430s] Level 1:colcon.colcon_core.package_identification:_identify(rosbag2_2026_02_13-20_44_03) by extension 'ignore'
[0.430s] Level 1:colcon.colcon_core.package_identification:_identify(rosbag2_2026_02_13-20_44_03) by extension 'ignore_ament_install'
[0.430s] Level 1:colcon.colcon_core.package_identification:_identify(rosbag2_2026_02_13-20_44_03) by extensions ['colcon_pkg']
[0.430s] Level 1:colcon.colcon_core.package_identification:_identify(rosbag2_2026_02_13-20_44_03) by extension 'colcon_pkg'
[0.430s] Level 1:colcon.colcon_core.package_identification:_identify(rosbag2_2026_02_13-20_44_03) by extensions ['colcon_meta']
[0.430s] Level 1:colcon.colcon_core.package_identification:_identify(rosbag2_2026_02_13-20_44_03) by extension 'colcon_meta'
[0.430s] Level 1:colcon.colcon_core.package_identification:_identify(rosbag2_2026_02_13-20_44_03) by extensions ['ros']
[0.430s] Level 1:colcon.colcon_core.package_identification:_identify(rosbag2_2026_02_13-20_44_03) by extension 'ros'
[0.430s] Level 1:colcon.colcon_core.package_identification:_identify(rosbag2_2026_02_13-20_44_03) by extensions ['cmake', 'python']
[0.430s] Level 1:colcon.colcon_core.package_identification:_identify(rosbag2_2026_02_13-20_44_03) by extension 'cmake'
[0.430s] Level 1:colcon.colcon_core.package_identification:_identify(rosbag2_2026_02_13-20_44_03) by extension 'python'
[0.430s] Level 1:colcon.colcon_core.package_identification:_identify(rosbag2_2026_02_13-20_44_03) by extensions ['python_setup_py']
[0.430s] Level 1:colcon.colcon_core.package_identification:_identify(rosbag2_2026_02_13-20_44_03) by extension 'python_setup_py'
[0.431s] Level 1:colcon.colcon_core.package_identification:_identify(src) by extensions ['ignore', 'ignore_ament_install']
[0.431s] Level 1:colcon.colcon_core.package_identification:_identify(src) by extension 'ignore'
[0.431s] Level 1:colcon.colcon_core.package_identification:_identify(src) by extension 'ignore_ament_install'
[0.431s] Level 1:colcon.colcon_core.package_identification:_identify(src) by extensions ['colcon_pkg']
[0.431s] Level 1:colcon.colcon_core.package_identification:_identify(src) by extension 'colcon_pkg'
[0.431s] Level 1:colcon.colcon_core.package_identification:_identify(src) by extensions ['colcon_meta']
[0.431s] Level 1:colcon.colcon_core.package_identification:_identify(src) by extension 'colcon_meta'
[0.431s] Level 1:colcon.colcon_core.package_identification:_identify(src) by extensions ['ros']
[0.431s] Level 1:colcon.colcon_core.package_identification:_identify(src) by extension 'ros'
[0.431s] Level 1:colcon.colcon_core.package_identification:_identify(src) by extensions ['cmake', 'python']
[0.431s] Level 1:colcon.colcon_core.package_identification:_identify(src) by extension 'cmake'
[0.431s] Level 1:colcon.colcon_core.package_identification:_identify(src) by extension 'python'
[0.431s] Level 1:colcon.colcon_core.package_identification:_identify(src) by extensions ['python_setup_py']
[0.431s] Level 1:colcon.colcon_core.package_identification:_identify(src) by extension 'python_setup_py'
[0.431s] Level 1:colcon.colcon_core.package_identification:_identify(src/log) by extensions ['ignore', 'ignore_ament_install']
[0.432s] Level 1:colcon.colcon_core.package_identification:_identify(src/log) by extension 'ignore'
[0.432s] Level 1:colcon.colcon_core.package_identification:_identify(src/log) ignored
[0.432s] Level 1:colcon.colcon_core.package_identification:_identify(src/mock_sensors) by extensions ['ignore', 'ignore_ament_install']
[0.432s] Level 1:colcon.colcon_core.package_identification:_identify(src/mock_sensors) by extension 'ignore'
[0.432s] Level 1:colcon.colcon_core.package_identification:_identify(src/mock_sensors) by extension 'ignore_ament_install'
[0.432s] Level 1:colcon.colcon_core.package_identification:_identify(src/mock_sensors) by extensions ['colcon_pkg']
[0.432s] Level 1:colcon.colcon_core.package_identification:_identify(src/mock_sensors) by extension 'colcon_pkg'
[0.432s] Level 1:colcon.colcon_core.package_identification:_identify(src/mock_sensors) by extensions ['colcon_meta']
[0.432s] Level 1:colcon.colcon_core.package_identification:_identify(src/mock_sensors) by extension 'colcon_meta'
[0.432s] Level 1:colcon.colcon_core.package_identification:_identify(src/mock_sensors) by extensions ['ros']
[0.432s] Level 1:colcon.colcon_core.package_identification:_identify(src/mock_sensors) by extension 'ros'
[0.436s] DEBUG:colcon.colcon_core.package_identification:Package 'src/mock_sensors' with type 'ros.ament_python' and name 'mock_sensors'
[0.437s] Level 1:colcon.colcon_core.package_identification:_identify(src/my_robot_description) by extensions ['ignore', 'ignore_ament_install']
[0.437s] Level 1:colcon.colcon_core.package_identification:_identify(src/my_robot_description) by extension 'ignore'
[0.437s] Level 1:colcon.colcon_core.package_identification:_identify(src/my_robot_description) by extension 'ignore_ament_install'
[0.437s] Level 1:colcon.colcon_core.package_identification:_identify(src/my_robot_description) by extensions ['colcon_pkg']
[0.437s] Level 1:colcon.colcon_core.package_identification:_identify(src/my_robot_description) by extension 'colcon_pkg'
[0.437s] Level 1:colcon.colcon_core.package_identification:_identify(src/my_robot_description) by extensions ['colcon_meta']
[0.437s] Level 1:colcon.colcon_core.package_identification:_identify(src/my_robot_description) by extension 'colcon_meta'
[0.437s] Level 1:colcon.colcon_core.package_identification:_identify(src/my_robot_description) by extensions ['ros']
[0.438s] Level 1:colcon.colcon_core.package_identification:_identify(src/my_robot_description) by extension 'ros'
[0.438s] DEBUG:colcon.colcon_core.package_identification:Package 'src/my_robot_description' with type 'ros.ament_cmake' and name 'my_robot_description'
[0.438s] Level 1:colcon.colcon_core.package_identification:_identify(src/python_tools) by extensions ['ignore', 'ignore_ament_install']
[0.438s] Level 1:colcon.colcon_core.package_identification:_identify(src/python_tools) by extension 'ignore'
[0.439s] Level 1:colcon.colcon_core.package_identification:_identify(src/python_tools) by extension 'ignore_ament_install'
[0.439s] Level 1:colcon.colcon_core.package_identification:_identify(src/python_tools) by extensions ['colcon_pkg']
[0.439s] Level 1:colcon.colcon_core.package_identification:_identify(src/python_tools) by extension 'colcon_pkg'
[0.439s] Level 1:colcon.colcon_core.package_identification:_identify(src/python_tools) by extensions ['colcon_meta']
[0.439s] Level 1:colcon.colcon_core.package_identification:_identify(src/python_tools) by extension 'colcon_meta'
[0.439s] Level 1:colcon.colcon_core.package_identification:_identify(src/python_tools) by extensions ['ros']
[0.439s] Level 1:colcon.colcon_core.package_identification:_identify(src/python_tools) by extension 'ros'
[0.440s] DEBUG:colcon.colcon_core.package_identification:Package 'src/python_tools' with type 'ros.ament_python' and name 'python_tools'
[0.440s] Level 1:colcon.colcon_core.package_identification:_identify(src/robot_brain_cpp) by extensions ['ignore', 'ignore_ament_install']
[0.440s] Level 1:colcon.colcon_core.package_identification:_identify(src/robot_brain_cpp) by extension 'ignore'
[0.440s] Level 1:colcon.colcon_core.package_identification:_identify(src/robot_brain_cpp) by extension 'ignore_ament_install'
[0.440s] Level 1:colcon.colcon_core.package_identification:_identify(src/robot_brain_cpp) by extensions ['colcon_pkg']
[0.440s] Level 1:colcon.colcon_core.package_identification:_identify(src/robot_brain_cpp) by extension 'colcon_pkg'
[0.440s] Level 1:colcon.colcon_core.package_identification:_identify(src/robot_brain_cpp) by extensions ['colcon_meta']
[0.440s] Level 1:colcon.colcon_core.package_identification:_identify(src/robot_brain_cpp) by extension 'colcon_meta'
[0.440s] Level 1:colcon.colcon_core.package_identification:_identify(src/robot_brain_cpp) by extensions ['ros']
[0.440s] Level 1:colcon.colcon_core.package_identification:_identify(src/robot_brain_cpp) by extension 'ros'
[0.441s] DEBUG:colcon.colcon_core.package_identification:Package 'src/robot_brain_cpp' with type 'ros.ament_cmake' and name 'robot_brain_cpp'
[0.441s] Level 1:colcon.colcon_core.package_discovery:discover_packages(recursive) using defaults
[0.441s] Level 1:colcon.colcon_core.package_discovery:discover_packages(ignore) discover
[0.441s] Level 1:colcon.colcon_core.package_discovery:discover_packages(ignore) using defaults
[0.442s] Level 1:colcon.colcon_core.package_discovery:discover_packages(path) discover
[0.442s] Level 1:colcon.colcon_core.package_discovery:discover_packages(path) using defaults
[0.467s] Level 1:colcon.colcon_core.package_discovery:discover_packages(prefix_path) check parameters
[0.467s] Level 1:colcon.colcon_core.package_discovery:discover_packages(prefix_path) discover
[0.470s] DEBUG:colcon.colcon_installed_package_information.package_discovery:Found 4 installed packages in /home/stefa/robot_mock_ws/install
[0.471s] DEBUG:colcon.colcon_installed_package_information.package_discovery:Found 1 installed packages in /home/stefa/robot_mock_ws/src/my_robot_description/install
[0.474s] DEBUG:colcon.colcon_installed_package_information.package_discovery:Found 491 installed packages in /opt/ros/jazzy
[0.476s] Level 1:colcon.colcon_core.package_discovery:discover_packages(prefix_path) using defaults
[0.577s] Level 5:colcon.colcon_core.verb:set package 'mock_sensors' build argument 'cmake_args' from command line to 'None'
[0.577s] Level 5:colcon.colcon_core.verb:set package 'mock_sensors' build argument 'cmake_target' from command line to 'None'
[0.577s] Level 5:colcon.colcon_core.verb:set package 'mock_sensors' build argument 'cmake_target_skip_unavailable' from command line to 'False'
[0.577s] Level 5:colcon.colcon_core.verb:set package 'mock_sensors' build argument 'cmake_clean_cache' from command line to 'False'
[0.577s] Level 5:colcon.colcon_core.verb:set package 'mock_sensors' build argument 'cmake_clean_first' from command line to 'False'
[0.577s] Level 5:colcon.colcon_core.verb:set package 'mock_sensors' build argument 'cmake_force_configure' from command line to 'False'
[0.577s] Level 5:colcon.colcon_core.verb:set package 'mock_sensors' build argument 'ament_cmake_args' from command line to 'None'
[0.577s] Level 5:colcon.colcon_core.verb:set package 'mock_sensors' build argument 'catkin_cmake_args' from command line to 'None'
[0.577s] Level 5:colcon.colcon_core.verb:set package 'mock_sensors' build argument 'catkin_skip_building_tests' from command line to 'False'
[0.578s] DEBUG:colcon.colcon_core.verb:Building package 'mock_sensors' with the following arguments: {'ament_cmake_args': None, 'build_base': '/home/stefa/robot_mock_ws/build/mock_sensors', 'catkin_cmake_args': None, 'catkin_skip_building_tests': False, 'cmake_args': None, 'cmake_clean_cache': False, 'cmake_clean_first': False, 'cmake_force_configure': False, 'cmake_target': None, 'cmake_target_skip_unavailable': False, 'install_base': '/home/stefa/robot_mock_ws/install/mock_sensors', 'merge_install': False, 'path': '/home/stefa/robot_mock_ws/src/mock_sensors', 'symlink_install': False, 'test_result_base': None}
[0.578s] Level 5:colcon.colcon_core.verb:set package 'my_robot_description' build argument 'cmake_args' from command line to 'None'
[0.578s] Level 5:colcon.colcon_core.verb:set package 'my_robot_description' build argument 'cmake_target' from command line to 'None'
[0.578s] Level 5:colcon.colcon_core.verb:set package 'my_robot_description' build argument 'cmake_target_skip_unavailable' from command line to 'False'
[0.578s] Level 5:colcon.colcon_core.verb:set package 'my_robot_description' build argument 'cmake_clean_cache' from command line to 'False'
[0.578s] Level 5:colcon.colcon_core.verb:set package 'my_robot_description' build argument 'cmake_clean_first' from command line to 'False'
[0.578s] Level 5:colcon.colcon_core.verb:set package 'my_robot_description' build argument 'cmake_force_configure' from command line to 'False'
[0.578s] Level 5:colcon.colcon_core.verb:set package 'my_robot_description' build argument 'ament_cmake_args' from command line to 'None'
[0.578s] Level 5:colcon.colcon_core.verb:set package 'my_robot_description' build argument 'catkin_cmake_args' from command line to 'None'
[0.578s] Level 5:colcon.colcon_core.verb:set package 'my_robot_description' build argument 'catkin_skip_building_tests' from command line to 'False'
[0.578s] DEBUG:colcon.colcon_core.verb:Building package 'my_robot_description' with the following arguments: {'ament_cmake_args': None, 'build_base': '/home/stefa/robot_mock_ws/build/my_robot_description', 'catkin_cmake_args': None, 'catkin_skip_building_tests': False, 'cmake_args': None, 'cmake_clean_cache': False, 'cmake_clean_first': False, 'cmake_force_configure': False, 'cmake_target': None, 'cmake_target_skip_unavailable': False, 'install_base': '/home/stefa/robot_mock_ws/install/my_robot_description', 'merge_install': False, 'path': '/home/stefa/robot_mock_ws/src/my_robot_description', 'symlink_install': False, 'test_result_base': None}
[0.578s] Level 5:colcon.colcon_core.verb:set package 'python_tools' build argument 'cmake_args' from command line to 'None'
[0.579s] Level 5:colcon.colcon_core.verb:set package 'python_tools' build argument 'cmake_target' from command line to 'None'
[0.579s] Level 5:colcon.colcon_core.verb:set package 'python_tools' build argument 'cmake_target_skip_unavailable' from command line to 'False'
[0.579s] Level 5:colcon.colcon_core.verb:set package 'python_tools' build argument 'cmake_clean_cache' from command line to 'False'
[0.579s] Level 5:colcon.colcon_core.verb:set package 'python_tools' build argument 'cmake_clean_first' from command line to 'False'
[0.579s] Level 5:colcon.colcon_core.verb:set package 'python_tools' build argument 'cmake_force_configure' from command line to 'False'
[0.579s] Level 5:colcon.colcon_core.verb:set package 'python_tools' build argument 'ament_cmake_args' from command line to 'None'
[0.579s] Level 5:colcon.colcon_core.verb:set package 'python_tools' build argument 'catkin_cmake_args' from command line to 'None'
[0.579s] Level 5:colcon.colcon_core.verb:set package 'python_tools' build argument 'catkin_skip_building_tests' from command line to 'False'
[0.579s] DEBUG:colcon.colcon_core.verb:Building package 'python_tools' with the following arguments: {'ament_cmake_args': None, 'build_base': '/home/stefa/robot_mock_ws/build/python_tools', 'catkin_cmake_args': None, 'catkin_skip_building_tests': False, 'cmake_args': None, 'cmake_clean_cache': False, 'cmake_clean_first': False, 'cmake_force_configure': False, 'cmake_target': None, 'cmake_target_skip_unavailable': False, 'install_base': '/home/stefa/robot_mock_ws/install/python_tools', 'merge_install': False, 'path': '/home/stefa/robot_mock_ws/src/python_tools', 'symlink_install': False, 'test_result_base': None}
[0.579s] Level 5:colcon.colcon_core.verb:set package 'robot_brain_cpp' build argument 'cmake_args' from command line to 'None'
[0.579s] Level 5:colcon.colcon_core.verb:set package 'robot_brain_cpp' build argument 'cmake_target' from command line to 'None'
[0.579s] Level 5:colcon.colcon_core.verb:set package 'robot_brain_cpp' build argument 'cmake_target_skip_unavailable' from command line to 'False'
[0.579s] Level 5:colcon.colcon_core.verb:set package 'robot_brain_cpp' build argument 'cmake_clean_cache' from command line to 'False'
[0.579s] Level 5:colcon.colcon_core.verb:set package 'robot_brain_cpp' build argument 'cmake_clean_first' from command line to 'False'
[0.579s] Level 5:colcon.colcon_core.verb:set package 'robot_brain_cpp' build argument 'cmake_force_configure' from command line to 'False'
[0.579s] Level 5:colcon.colcon_core.verb:set package 'robot_brain_cpp' build argument 'ament_cmake_args' from command line to 'None'
[0.579s] Level 5:colcon.colcon_core.verb:set package 'robot_brain_cpp' build argument 'catkin_cmake_args' from command line to 'None'
[0.579s] Level 5:colcon.colcon_core.verb:set package 'robot_brain_cpp' build argument 'catkin_skip_building_tests' from command line to 'False'
[0.579s] DEBUG:colcon.colcon_core.verb:Building package 'robot_brain_cpp' with the following arguments: {'ament_cmake_args': None, 'build_base': '/home/stefa/robot_mock_ws/build/robot_brain_cpp', 'catkin_cmake_args': None, 'catkin_skip_building_tests': False, 'cmake_args': None, 'cmake_clean_cache': False, 'cmake_clean_first': False, 'cmake_force_configure': False, 'cmake_target': None, 'cmake_target_skip_unavailable': False, 'install_base': '/home/stefa/robot_mock_ws/install/robot_brain_cpp', 'merge_install': False, 'path': '/home/stefa/robot_mock_ws/src/robot_brain_cpp', 'symlink_install': False, 'test_result_base': None}
[0.579s] INFO:colcon.colcon_core.executor:Executing jobs using 'parallel' executor
[0.581s] DEBUG:colcon.colcon_parallel_executor.executor.parallel:run_until_complete
[0.581s] INFO:colcon.colcon_ros.task.ament_python.build:Building ROS package in '/home/stefa/robot_mock_ws/src/mock_sensors' with build type 'ament_python'
[0.581s] Level 1:colcon.colcon_core.shell:create_environment_hook('mock_sensors', 'ament_prefix_path')
[0.584s] INFO:colcon.colcon_core.plugin_system:Skipping extension 'colcon_core.shell.bat': Not used on non-Windows systems
[0.585s] INFO:colcon.colcon_core.shell:Creating environment hook '/home/stefa/robot_mock_ws/install/mock_sensors/share/mock_sensors/hook/ament_prefix_path.ps1'
[0.585s] INFO:colcon.colcon_core.shell:Creating environment descriptor '/home/stefa/robot_mock_ws/install/mock_sensors/share/mock_sensors/hook/ament_prefix_path.dsv'
[0.586s] INFO:colcon.colcon_core.shell:Creating environment hook '/home/stefa/robot_mock_ws/install/mock_sensors/share/mock_sensors/hook/ament_prefix_path.sh'
[0.587s] INFO:colcon.colcon_core.shell:Skip shell extension 'powershell' for command environment: Not usable outside of PowerShell
[0.587s] DEBUG:colcon.colcon_core.shell:Skip shell extension 'dsv' for command environment
[0.595s] INFO:colcon.colcon_ros.task.ament_cmake.build:Building ROS package in '/home/stefa/robot_mock_ws/src/my_robot_description' with build type 'ament_cmake'
[0.595s] INFO:colcon.colcon_cmake.task.cmake.build:Building CMake package in '/home/stefa/robot_mock_ws/src/my_robot_description'
[0.595s] INFO:colcon.colcon_core.shell:Skip shell extension 'powershell' for command environment: Not usable outside of PowerShell
[0.595s] DEBUG:colcon.colcon_core.shell:Skip shell extension 'dsv' for command environment
[0.602s] INFO:colcon.colcon_ros.task.ament_python.build:Building ROS package in '/home/stefa/robot_mock_ws/src/python_tools' with build type 'ament_python'
[0.602s] Level 1:colcon.colcon_core.shell:create_environment_hook('python_tools', 'ament_prefix_path')
[0.603s] INFO:colcon.colcon_core.shell:Creating environment hook '/home/stefa/robot_mock_ws/install/python_tools/share/python_tools/hook/ament_prefix_path.ps1'
[0.604s] INFO:colcon.colcon_core.shell:Creating environment descriptor '/home/stefa/robot_mock_ws/install/python_tools/share/python_tools/hook/ament_prefix_path.dsv'
[0.605s] INFO:colcon.colcon_core.shell:Creating environment hook '/home/stefa/robot_mock_ws/install/python_tools/share/python_tools/hook/ament_prefix_path.sh'
[0.606s] INFO:colcon.colcon_core.shell:Skip shell extension 'powershell' for command environment: Not usable outside of PowerShell
[0.606s] DEBUG:colcon.colcon_core.shell:Skip shell extension 'dsv' for command environment
[0.613s] INFO:colcon.colcon_ros.task.ament_cmake.build:Building ROS package in '/home/stefa/robot_mock_ws/src/robot_brain_cpp' with build type 'ament_cmake'
[0.613s] INFO:colcon.colcon_cmake.task.cmake.build:Building CMake package in '/home/stefa/robot_mock_ws/src/robot_brain_cpp'
[0.614s] INFO:colcon.colcon_core.shell:Skip shell extension 'powershell' for command environment: Not usable outside of PowerShell
[0.614s] DEBUG:colcon.colcon_core.shell:Skip shell extension 'dsv' for command environment
[1.906s] INFO:colcon.colcon_core.task.python.build:Building Python package in '/home/stefa/robot_mock_ws/src/mock_sensors'
[1.906s] INFO:colcon.colcon_core.shell:Skip shell extension 'powershell' for command environment: Not usable outside of PowerShell
[1.906s] DEBUG:colcon.colcon_core.shell:Skip shell extension 'dsv' for command environment
[1.919s] DEBUG:colcon.colcon_core.event_handler.log_command:Invoking command in '/home/stefa/robot_mock_ws/build/my_robot_description': CMAKE_PREFIX_PATH=${CMAKE_PREFIX_PATH}:/home/stefa/robot_mock_ws/install/python_tools:/home/stefa/robot_mock_ws/install/mock_sensors:/opt/ros/jazzy /usr/bin/cmake --build /home/stefa/robot_mock_ws/build/my_robot_description -- -j12 -l12
[2.231s] INFO:colcon.colcon_core.task.python.build:Building Python package in '/home/stefa/robot_mock_ws/src/python_tools'
[2.232s] INFO:colcon.colcon_core.shell:Skip shell extension 'powershell' for command environment: Not usable outside of PowerShell
[2.232s] DEBUG:colcon.colcon_core.shell:Skip shell extension 'dsv' for command environment
[2.242s] DEBUG:colcon.colcon_core.event_handler.log_command:Invoked command in '/home/stefa/robot_mock_ws/build/my_robot_description' returned '0': CMAKE_PREFIX_PATH=${CMAKE_PREFIX_PATH}:/home/stefa/robot_mock_ws/install/python_tools:/home/stefa/robot_mock_ws/install/mock_sensors:/opt/ros/jazzy /usr/bin/cmake --build /home/stefa/robot_mock_ws/build/my_robot_description -- -j12 -l12
[2.259s] DEBUG:colcon.colcon_core.event_handler.log_command:Invoking command in '/home/stefa/robot_mock_ws/build/my_robot_description': CMAKE_PREFIX_PATH=${CMAKE_PREFIX_PATH}:/home/stefa/robot_mock_ws/install/python_tools:/home/stefa/robot_mock_ws/install/mock_sensors:/opt/ros/jazzy /usr/bin/cmake --install /home/stefa/robot_mock_ws/build/my_robot_description
[2.265s] DEBUG:colcon.colcon_core.event_handler.log_command:Invoking command in '/home/stefa/robot_mock_ws/build/robot_brain_cpp': CMAKE_PREFIX_PATH=${CMAKE_PREFIX_PATH}:/home/stefa/robot_mock_ws/install/python_tools:/home/stefa/robot_mock_ws/install/mock_sensors:/opt/ros/jazzy /usr/bin/cmake --build /home/stefa/robot_mock_ws/build/robot_brain_cpp -- -j12 -l12
[2.278s] Level 1:colcon.colcon_core.environment:create_environment_scripts_only(my_robot_description)
[2.279s] DEBUG:colcon.colcon_core.event_handler.log_command:Invoked command in '/home/stefa/robot_mock_ws/build/my_robot_description' returned '0': CMAKE_PREFIX_PATH=${CMAKE_PREFIX_PATH}:/home/stefa/robot_mock_ws/install/python_tools:/home/stefa/robot_mock_ws/install/mock_sensors:/opt/ros/jazzy /usr/bin/cmake --install /home/stefa/robot_mock_ws/build/my_robot_description
[2.282s] Level 1:colcon.colcon_core.environment:checking '/home/stefa/robot_mock_ws/install/my_robot_description' for CMake module files
[2.283s] Level 1:colcon.colcon_core.environment:checking '/home/stefa/robot_mock_ws/install/my_robot_description' for CMake config files
[2.284s] Level 1:colcon.colcon_core.shell:create_environment_hook('my_robot_description', 'cmake_prefix_path')
[2.284s] INFO:colcon.colcon_core.shell:Creating environment hook '/home/stefa/robot_mock_ws/install/my_robot_description/share/my_robot_description/hook/cmake_prefix_path.ps1'
[2.285s] INFO:colcon.colcon_core.shell:Creating environment descriptor '/home/stefa/robot_mock_ws/install/my_robot_description/share/my_robot_description/hook/cmake_prefix_path.dsv'
[2.286s] INFO:colcon.colcon_core.shell:Creating environment hook '/home/stefa/robot_mock_ws/install/my_robot_description/share/my_robot_description/hook/cmake_prefix_path.sh'
[2.287s] Level 1:colcon.colcon_core.environment:checking '/home/stefa/robot_mock_ws/install/my_robot_description/bin'
[2.288s] Level 1:colcon.colcon_core.environment:checking '/home/stefa/robot_mock_ws/install/my_robot_description/lib/pkgconfig/my_robot_description.pc'
[2.288s] Level 1:colcon.colcon_core.environment:checking '/home/stefa/robot_mock_ws/install/my_robot_description/lib/python3.12/site-packages'
[2.288s] Level 1:colcon.colcon_core.environment:checking '/home/stefa/robot_mock_ws/install/my_robot_description/bin'
[2.289s] INFO:colcon.colcon_core.shell:Creating package script '/home/stefa/robot_mock_ws/install/my_robot_description/share/my_robot_description/package.ps1'
[2.290s] INFO:colcon.colcon_core.shell:Creating package descriptor '/home/stefa/robot_mock_ws/install/my_robot_description/share/my_robot_description/package.dsv'
[2.290s] INFO:colcon.colcon_core.shell:Creating package script '/home/stefa/robot_mock_ws/install/my_robot_description/share/my_robot_description/package.sh'
[2.291s] INFO:colcon.colcon_core.shell:Creating package script '/home/stefa/robot_mock_ws/install/my_robot_description/share/my_robot_description/package.bash'
[2.292s] INFO:colcon.colcon_core.shell:Creating package script '/home/stefa/robot_mock_ws/install/my_robot_description/share/my_robot_description/package.zsh'
[2.292s] Level 1:colcon.colcon_core.environment:create_file_with_runtime_dependencies(/home/stefa/robot_mock_ws/install/my_robot_description/share/colcon-core/packages/my_robot_description)
[2.293s] Level 1:colcon.colcon_core.environment:create_environment_scripts_only(my_robot_description)
[2.293s] Level 1:colcon.colcon_core.environment:checking '/home/stefa/robot_mock_ws/install/my_robot_description' for CMake module files
[2.294s] Level 1:colcon.colcon_core.environment:checking '/home/stefa/robot_mock_ws/install/my_robot_description' for CMake config files
[2.294s] Level 1:colcon.colcon_core.shell:create_environment_hook('my_robot_description', 'cmake_prefix_path')
[2.294s] INFO:colcon.colcon_core.shell:Creating environment hook '/home/stefa/robot_mock_ws/install/my_robot_description/share/my_robot_description/hook/cmake_prefix_path.ps1'
[2.295s] INFO:colcon.colcon_core.shell:Creating environment descriptor '/home/stefa/robot_mock_ws/install/my_robot_description/share/my_robot_description/hook/cmake_prefix_path.dsv'
[2.295s] INFO:colcon.colcon_core.shell:Creating environment hook '/home/stefa/robot_mock_ws/install/my_robot_description/share/my_robot_description/hook/cmake_prefix_path.sh'
[2.296s] Level 1:colcon.colcon_core.environment:checking '/home/stefa/robot_mock_ws/install/my_robot_description/bin'
[2.296s] Level 1:colcon.colcon_core.environment:checking '/home/stefa/robot_mock_ws/install/my_robot_description/lib/pkgconfig/my_robot_description.pc'
[2.296s] Level 1:colcon.colcon_core.environment:checking '/home/stefa/robot_mock_ws/install/my_robot_description/lib/python3.12/site-packages'
[2.297s] Level 1:colcon.colcon_core.environment:checking '/home/stefa/robot_mock_ws/install/my_robot_description/bin'
[2.297s] INFO:colcon.colcon_core.shell:Creating package script '/home/stefa/robot_mock_ws/install/my_robot_description/share/my_robot_description/package.ps1'
[2.297s] INFO:colcon.colcon_core.shell:Creating package descriptor '/home/stefa/robot_mock_ws/install/my_robot_description/share/my_robot_description/package.dsv'
[2.298s] INFO:colcon.colcon_core.shell:Creating package script '/home/stefa/robot_mock_ws/install/my_robot_description/share/my_robot_description/package.sh'
[2.299s] INFO:colcon.colcon_core.shell:Creating package script '/home/stefa/robot_mock_ws/install/my_robot_description/share/my_robot_description/package.bash'
[2.299s] INFO:colcon.colcon_core.shell:Creating package script '/home/stefa/robot_mock_ws/install/my_robot_description/share/my_robot_description/package.zsh'
[2.323s] Level 1:colcon.colcon_core.environment:create_file_with_runtime_dependencies(/home/stefa/robot_mock_ws/install/my_robot_description/share/colcon-core/packages/my_robot_description)
[2.426s] DEBUG:colcon.colcon_core.event_handler.log_command:Invoked command in '/home/stefa/robot_mock_ws/build/robot_brain_cpp' returned '0': CMAKE_PREFIX_PATH=${CMAKE_PREFIX_PATH}:/home/stefa/robot_mock_ws/install/python_tools:/home/stefa/robot_mock_ws/install/mock_sensors:/opt/ros/jazzy /usr/bin/cmake --build /home/stefa/robot_mock_ws/build/robot_brain_cpp -- -j12 -l12
[2.428s] DEBUG:colcon.colcon_core.event_handler.log_command:Invoking command in '/home/stefa/robot_mock_ws/build/robot_brain_cpp': CMAKE_PREFIX_PATH=${CMAKE_PREFIX_PATH}:/home/stefa/robot_mock_ws/install/python_tools:/home/stefa/robot_mock_ws/install/mock_sensors:/opt/ros/jazzy /usr/bin/cmake --install /home/stefa/robot_mock_ws/build/robot_brain_cpp
[2.479s] Level 1:colcon.colcon_core.environment:create_environment_scripts_only(robot_brain_cpp)
[2.479s] Level 1:colcon.colcon_core.environment:checking '/home/stefa/robot_mock_ws/install/robot_brain_cpp' for CMake module files
[2.480s] DEBUG:colcon.colcon_core.event_handler.log_command:Invoked command in '/home/stefa/robot_mock_ws/build/robot_brain_cpp' returned '0': CMAKE_PREFIX_PATH=${CMAKE_PREFIX_PATH}:/home/stefa/robot_mock_ws/install/python_tools:/home/stefa/robot_mock_ws/install/mock_sensors:/opt/ros/jazzy /usr/bin/cmake --install /home/stefa/robot_mock_ws/build/robot_brain_cpp
[2.481s] Level 1:colcon.colcon_core.environment:checking '/home/stefa/robot_mock_ws/install/robot_brain_cpp' for CMake config files
[2.481s] Level 1:colcon.colcon_core.shell:create_environment_hook('robot_brain_cpp', 'cmake_prefix_path')
[2.482s] INFO:colcon.colcon_core.shell:Creating environment hook '/home/stefa/robot_mock_ws/install/robot_brain_cpp/share/robot_brain_cpp/hook/cmake_prefix_path.ps1'
[2.482s] INFO:colcon.colcon_core.shell:Creating environment descriptor '/home/stefa/robot_mock_ws/install/robot_brain_cpp/share/robot_brain_cpp/hook/cmake_prefix_path.dsv'
[2.483s] INFO:colcon.colcon_core.shell:Creating environment hook '/home/stefa/robot_mock_ws/install/robot_brain_cpp/share/robot_brain_cpp/hook/cmake_prefix_path.sh'
[2.484s] Level 1:colcon.colcon_core.environment:checking '/home/stefa/robot_mock_ws/install/robot_brain_cpp/lib'
[2.484s] Level 1:colcon.colcon_core.environment:checking '/home/stefa/robot_mock_ws/install/robot_brain_cpp/bin'
[2.484s] Level 1:colcon.colcon_core.environment:checking '/home/stefa/robot_mock_ws/install/robot_brain_cpp/lib/pkgconfig/robot_brain_cpp.pc'
[2.484s] Level 1:colcon.colcon_core.environment:checking '/home/stefa/robot_mock_ws/install/robot_brain_cpp/lib/python3.12/site-packages'
[2.485s] Level 1:colcon.colcon_core.environment:checking '/home/stefa/robot_mock_ws/install/robot_brain_cpp/bin'
[2.485s] INFO:colcon.colcon_core.shell:Creating package script '/home/stefa/robot_mock_ws/install/robot_brain_cpp/share/robot_brain_cpp/package.ps1'
[2.487s] INFO:colcon.colcon_core.shell:Creating package descriptor '/home/stefa/robot_mock_ws/install/robot_brain_cpp/share/robot_brain_cpp/package.dsv'
[2.488s] INFO:colcon.colcon_core.shell:Creating package script '/home/stefa/robot_mock_ws/install/robot_brain_cpp/share/robot_brain_cpp/package.sh'
[2.488s] INFO:colcon.colcon_core.shell:Creating package script '/home/stefa/robot_mock_ws/install/robot_brain_cpp/share/robot_brain_cpp/package.bash'
[2.489s] INFO:colcon.colcon_core.shell:Creating package script '/home/stefa/robot_mock_ws/install/robot_brain_cpp/share/robot_brain_cpp/package.zsh'
[2.490s] Level 1:colcon.colcon_core.environment:create_file_with_runtime_dependencies(/home/stefa/robot_mock_ws/install/robot_brain_cpp/share/colcon-core/packages/robot_brain_cpp)
[2.492s] Level 1:colcon.colcon_core.environment:create_environment_scripts_only(robot_brain_cpp)
[2.493s] Level 1:colcon.colcon_core.environment:checking '/home/stefa/robot_mock_ws/install/robot_brain_cpp' for CMake module files
[2.494s] Level 1:colcon.colcon_core.environment:checking '/home/stefa/robot_mock_ws/install/robot_brain_cpp' for CMake config files
[2.495s] Level 1:colcon.colcon_core.shell:create_environment_hook('robot_brain_cpp', 'cmake_prefix_path')
[2.495s] INFO:colcon.colcon_core.shell:Creating environment hook '/home/stefa/robot_mock_ws/install/robot_brain_cpp/share/robot_brain_cpp/hook/cmake_prefix_path.ps1'
[2.496s] INFO:colcon.colcon_core.shell:Creating environment descriptor '/home/stefa/robot_mock_ws/install/robot_brain_cpp/share/robot_brain_cpp/hook/cmake_prefix_path.dsv'
[2.497s] INFO:colcon.colcon_core.shell:Creating environment hook '/home/stefa/robot_mock_ws/install/robot_brain_cpp/share/robot_brain_cpp/hook/cmake_prefix_path.sh'
[2.499s] Level 1:colcon.colcon_core.environment:checking '/home/stefa/robot_mock_ws/install/robot_brain_cpp/lib'
[2.499s] Level 1:colcon.colcon_core.environment:checking '/home/stefa/robot_mock_ws/install/robot_brain_cpp/bin'
[2.499s] Level 1:colcon.colcon_core.environment:checking '/home/stefa/robot_mock_ws/install/robot_brain_cpp/lib/pkgconfig/robot_brain_cpp.pc'
[2.500s] Level 1:colcon.colcon_core.environment:checking '/home/stefa/robot_mock_ws/install/robot_brain_cpp/lib/python3.12/site-packages'
[2.501s] Level 1:colcon.colcon_core.environment:checking '/home/stefa/robot_mock_ws/install/robot_brain_cpp/bin'
[2.501s] INFO:colcon.colcon_core.shell:Creating package script '/home/stefa/robot_mock_ws/install/robot_brain_cpp/share/robot_brain_cpp/package.ps1'
[2.503s] INFO:colcon.colcon_core.shell:Creating package descriptor '/home/stefa/robot_mock_ws/install/robot_brain_cpp/share/robot_brain_cpp/package.dsv'
[2.504s] INFO:colcon.colcon_core.shell:Creating package script '/home/stefa/robot_mock_ws/install/robot_brain_cpp/share/robot_brain_cpp/package.sh'
[2.505s] INFO:colcon.colcon_core.shell:Creating package script '/home/stefa/robot_mock_ws/install/robot_brain_cpp/share/robot_brain_cpp/package.bash'
[2.506s] INFO:colcon.colcon_core.shell:Creating package script '/home/stefa/robot_mock_ws/install/robot_brain_cpp/share/robot_brain_cpp/package.zsh'
[2.506s] Level 1:colcon.colcon_core.environment:create_file_with_runtime_dependencies(/home/stefa/robot_mock_ws/install/robot_brain_cpp/share/colcon-core/packages/robot_brain_cpp)
[3.639s] DEBUG:colcon.colcon_core.event_handler.log_command:Invoking command in '/home/stefa/robot_mock_ws/src/mock_sensors': PYTHONPATH=/home/stefa/robot_mock_ws/build/mock_sensors/prefix_override:/usr/lib/python3/dist-packages/colcon_core/task/python/colcon_distutils_commands:/home/stefa/robot_mock_ws/install/mock_sensors/lib/python3.12/site-packages:${PYTHONPATH} /usr/bin/python3 -W ignore:setup.py install is deprecated -W ignore:easy_install command is deprecated setup.py egg_info --egg-base ../../build/mock_sensors build --build-base /home/stefa/robot_mock_ws/build/mock_sensors/build install --record /home/stefa/robot_mock_ws/build/mock_sensors/install.log --single-version-externally-managed install_data
[3.671s] DEBUG:colcon.colcon_core.event_handler.log_command:Invoking command in '/home/stefa/robot_mock_ws/src/python_tools': PYTHONPATH=/home/stefa/robot_mock_ws/build/python_tools/prefix_override:/usr/lib/python3/dist-packages/colcon_core/task/python/colcon_distutils_commands:/home/stefa/robot_mock_ws/install/python_tools/lib/python3.12/site-packages:${PYTHONPATH} /usr/bin/python3 -W ignore:setup.py install is deprecated -W ignore:easy_install command is deprecated setup.py egg_info --egg-base ../../build/python_tools build --build-base /home/stefa/robot_mock_ws/build/python_tools/build install --record /home/stefa/robot_mock_ws/build/python_tools/install.log --single-version-externally-managed install_data
[4.765s] Level 1:colcon.colcon_core.environment:checking '/home/stefa/robot_mock_ws/install/mock_sensors' for CMake module files
[4.766s] DEBUG:colcon.colcon_core.event_handler.log_command:Invoked command in '/home/stefa/robot_mock_ws/src/mock_sensors' returned '0': PYTHONPATH=/home/stefa/robot_mock_ws/build/mock_sensors/prefix_override:/usr/lib/python3/dist-packages/colcon_core/task/python/colcon_distutils_commands:/home/stefa/robot_mock_ws/install/mock_sensors/lib/python3.12/site-packages:${PYTHONPATH} /usr/bin/python3 -W ignore:setup.py install is deprecated -W ignore:easy_install command is deprecated setup.py egg_info --egg-base ../../build/mock_sensors build --build-base /home/stefa/robot_mock_ws/build/mock_sensors/build install --record /home/stefa/robot_mock_ws/build/mock_sensors/install.log --single-version-externally-managed install_data
[4.767s] Level 1:colcon.colcon_core.environment:checking '/home/stefa/robot_mock_ws/install/mock_sensors' for CMake config files
[4.767s] Level 1:colcon.colcon_core.environment:checking '/home/stefa/robot_mock_ws/install/mock_sensors/lib'
[4.767s] Level 1:colcon.colcon_core.environment:checking '/home/stefa/robot_mock_ws/install/mock_sensors/bin'
[4.767s] Level 1:colcon.colcon_core.environment:checking '/home/stefa/robot_mock_ws/install/mock_sensors/lib/pkgconfig/mock_sensors.pc'
[4.768s] Level 1:colcon.colcon_core.environment:checking '/home/stefa/robot_mock_ws/install/mock_sensors/lib/python3.12/site-packages'
[4.768s] Level 1:colcon.colcon_core.shell:create_environment_hook('mock_sensors', 'pythonpath')
[4.768s] INFO:colcon.colcon_core.shell:Creating environment hook '/home/stefa/robot_mock_ws/install/mock_sensors/share/mock_sensors/hook/pythonpath.ps1'
[4.769s] INFO:colcon.colcon_core.shell:Creating environment descriptor '/home/stefa/robot_mock_ws/install/mock_sensors/share/mock_sensors/hook/pythonpath.dsv'
[4.769s] INFO:colcon.colcon_core.shell:Creating environment hook '/home/stefa/robot_mock_ws/install/mock_sensors/share/mock_sensors/hook/pythonpath.sh'
[4.771s] Level 1:colcon.colcon_core.environment:checking '/home/stefa/robot_mock_ws/install/mock_sensors/bin'
[4.771s] Level 1:colcon.colcon_core.environment:create_environment_scripts_only(mock_sensors)
[4.771s] INFO:colcon.colcon_core.shell:Creating package script '/home/stefa/robot_mock_ws/install/mock_sensors/share/mock_sensors/package.ps1'
[4.772s] INFO:colcon.colcon_core.shell:Creating package descriptor '/home/stefa/robot_mock_ws/install/mock_sensors/share/mock_sensors/package.dsv'
[4.773s] INFO:colcon.colcon_core.shell:Creating package script '/home/stefa/robot_mock_ws/install/mock_sensors/share/mock_sensors/package.sh'
[4.773s] INFO:colcon.colcon_core.shell:Creating package script '/home/stefa/robot_mock_ws/install/mock_sensors/share/mock_sensors/package.bash'
[4.774s] INFO:colcon.colcon_core.shell:Creating package script '/home/stefa/robot_mock_ws/install/mock_sensors/share/mock_sensors/package.zsh'
[4.774s] Level 1:colcon.colcon_core.environment:create_file_with_runtime_dependencies(/home/stefa/robot_mock_ws/install/mock_sensors/share/colcon-core/packages/mock_sensors)
[4.789s] Level 1:colcon.colcon_core.environment:checking '/home/stefa/robot_mock_ws/install/python_tools' for CMake module files
[4.790s] DEBUG:colcon.colcon_core.event_handler.log_command:Invoked command in '/home/stefa/robot_mock_ws/src/python_tools' returned '0': PYTHONPATH=/home/stefa/robot_mock_ws/build/python_tools/prefix_override:/usr/lib/python3/dist-packages/colcon_core/task/python/colcon_distutils_commands:/home/stefa/robot_mock_ws/install/python_tools/lib/python3.12/site-packages:${PYTHONPATH} /usr/bin/python3 -W ignore:setup.py install is deprecated -W ignore:easy_install command is deprecated setup.py egg_info --egg-base ../../build/python_tools build --build-base /home/stefa/robot_mock_ws/build/python_tools/build install --record /home/stefa/robot_mock_ws/build/python_tools/install.log --single-version-externally-managed install_data
[4.790s] Level 1:colcon.colcon_core.environment:checking '/home/stefa/robot_mock_ws/install/python_tools' for CMake config files
[4.791s] Level 1:colcon.colcon_core.environment:checking '/home/stefa/robot_mock_ws/install/python_tools/lib'
[4.791s] Level 1:colcon.colcon_core.environment:checking '/home/stefa/robot_mock_ws/install/python_tools/bin'
[4.791s] Level 1:colcon.colcon_core.environment:checking '/home/stefa/robot_mock_ws/install/python_tools/lib/pkgconfig/python_tools.pc'
[4.791s] Level 1:colcon.colcon_core.environment:checking '/home/stefa/robot_mock_ws/install/python_tools/lib/python3.12/site-packages'
[4.791s] Level 1:colcon.colcon_core.shell:create_environment_hook('python_tools', 'pythonpath')
[4.792s] INFO:colcon.colcon_core.shell:Creating environment hook '/home/stefa/robot_mock_ws/install/python_tools/share/python_tools/hook/pythonpath.ps1'
[4.792s] INFO:colcon.colcon_core.shell:Creating environment descriptor '/home/stefa/robot_mock_ws/install/python_tools/share/python_tools/hook/pythonpath.dsv'
[4.793s] INFO:colcon.colcon_core.shell:Creating environment hook '/home/stefa/robot_mock_ws/install/python_tools/share/python_tools/hook/pythonpath.sh'
[4.794s] Level 1:colcon.colcon_core.environment:checking '/home/stefa/robot_mock_ws/install/python_tools/bin'
[4.794s] Level 1:colcon.colcon_core.environment:create_environment_scripts_only(python_tools)
[4.794s] INFO:colcon.colcon_core.shell:Creating package script '/home/stefa/robot_mock_ws/install/python_tools/share/python_tools/package.ps1'
[4.795s] INFO:colcon.colcon_core.shell:Creating package descriptor '/home/stefa/robot_mock_ws/install/python_tools/share/python_tools/package.dsv'
[4.796s] INFO:colcon.colcon_core.shell:Creating package script '/home/stefa/robot_mock_ws/install/python_tools/share/python_tools/package.sh'
[4.797s] INFO:colcon.colcon_core.shell:Creating package script '/home/stefa/robot_mock_ws/install/python_tools/share/python_tools/package.bash'
[4.797s] INFO:colcon.colcon_core.shell:Creating package script '/home/stefa/robot_mock_ws/install/python_tools/share/python_tools/package.zsh'
[4.798s] Level 1:colcon.colcon_core.environment:create_file_with_runtime_dependencies(/home/stefa/robot_mock_ws/install/python_tools/share/colcon-core/packages/python_tools)
[4.798s] DEBUG:colcon.colcon_parallel_executor.executor.parallel:closing loop
[4.799s] DEBUG:colcon.colcon_parallel_executor.executor.parallel:loop closed
[4.799s] DEBUG:colcon.colcon_parallel_executor.executor.parallel:run_until_complete finished with '0'
[4.799s] DEBUG:colcon.colcon_core.event_reactor:joining thread
[4.912s] INFO:colcon.colcon_core.plugin_system:Skipping extension 'colcon_notification.desktop_notification.notify_send': Could not find 'notify-send'
[4.912s] INFO:colcon.colcon_core.plugin_system:Skipping extension 'colcon_notification.desktop_notification.terminal_notifier': Not used on non-Darwin systems
[4.912s] INFO:colcon.colcon_core.plugin_system:Skipping extension 'colcon_notification.desktop_notification.win32': Not used on non-Windows systems
[4.912s] INFO:colcon.colcon_notification.desktop_notification:Sending desktop notification using 'notify2'
[4.914s] DEBUG:colcon.colcon_notification.desktop_notification.notify2:Failed to initialize notify2: org.freedesktop.DBus.Error.ServiceUnknown: The name org.freedesktop.Notifications was not provided by any .service files
[4.914s] DEBUG:colcon.colcon_core.event_reactor:joined thread
[4.915s] INFO:colcon.colcon_core.shell:Creating prefix script '/home/stefa/robot_mock_ws/install/local_setup.ps1'
[4.916s] INFO:colcon.colcon_core.shell:Creating prefix util module '/home/stefa/robot_mock_ws/install/_local_setup_util_ps1.py'
[4.917s] INFO:colcon.colcon_core.shell:Creating prefix chain script '/home/stefa/robot_mock_ws/install/setup.ps1'
[4.918s] INFO:colcon.colcon_core.shell:Creating prefix script '/home/stefa/robot_mock_ws/install/local_setup.sh'
[4.919s] INFO:colcon.colcon_core.shell:Creating prefix util module '/home/stefa/robot_mock_ws/install/_local_setup_util_sh.py'
[4.920s] INFO:colcon.colcon_core.shell:Creating prefix chain script '/home/stefa/robot_mock_ws/install/setup.sh'
[4.921s] INFO:colcon.colcon_core.shell:Creating prefix script '/home/stefa/robot_mock_ws/install/local_setup.bash'
[4.922s] INFO:colcon.colcon_core.shell:Creating prefix chain script '/home/stefa/robot_mock_ws/install/setup.bash'
[4.923s] INFO:colcon.colcon_core.shell:Creating prefix script '/home/stefa/robot_mock_ws/install/local_setup.zsh'
[4.924s] INFO:colcon.colcon_core.shell:Creating prefix chain script '/home/stefa/robot_mock_ws/install/setup.zsh'
