[0.378s] Invoking command in '/home/stefa/robot_mock_ws/build/my_robot_description': CMAKE_PREFIX_PATH=${CMAKE_PREFIX_PATH}:/home/stefa/robot_mock_ws/install/python_tools:/home/stefa/robot_mock_ws/install/mock_sensors:/opt/ros/jazzy /usr/bin/cmake --build /home/stefa/robot_mock_ws/build/my_robot_description -- -j12 -l12
[0.701s] Invoked command in '/home/stefa/robot_mock_ws/build/my_robot_description' returned '0': CMAKE_PREFIX_PATH=${CMAKE_PREFIX_PATH}:/home/stefa/robot_mock_ws/install/python_tools:/home/stefa/robot_mock_ws/install/mock_sensors:/opt/ros/jazzy /usr/bin/cmake --build /home/stefa/robot_mock_ws/build/my_robot_description -- -j12 -l12
[0.718s] Invoking command in '/home/stefa/robot_mock_ws/build/my_robot_description': CMAKE_PREFIX_PATH=${CMAKE_PREFIX_PATH}:/home/stefa/robot_mock_ws/install/python_tools:/home/stefa/robot_mock_ws/install/mock_sensors:/opt/ros/jazzy /usr/bin/cmake --install /home/stefa/robot_mock_ws/build/my_robot_description
[0.732s] -- Install configuration: ""
[0.732s] -- Up-to-date: /home/stefa/robot_mock_ws/install/my_robot_description/share/my_robot_description/urdf
[0.733s] -- Up-to-date: /home/stefa/robot_mock_ws/install/my_robot_description/share/my_robot_description/urdf/my_robot.urdf
[0.733s] -- Up-to-date: /home/stefa/robot_mock_ws/install/my_robot_description/share/my_robot_description/launch
[0.733s] -- Installing: /home/stefa/robot_mock_ws/install/my_robot_description/share/my_robot_description/launch/gazebo.launch.py
[0.734s] -- Up-to-date: /home/stefa/robot_mock_ws/install/my_robot_description/share/ament_index/resource_index/package_run_dependencies/my_robot_description
[0.734s] -- Up-to-date: /home/stefa/robot_mock_ws/install/my_robot_description/share/ament_index/resource_index/parent_prefix_path/my_robot_description
[0.734s] -- Up-to-date: /home/stefa/robot_mock_ws/install/my_robot_description/share/my_robot_description/environment/ament_prefix_path.sh
[0.735s] -- Up-to-date: /home/stefa/robot_mock_ws/install/my_robot_description/share/my_robot_description/environment/ament_prefix_path.dsv
[0.735s] -- Up-to-date: /home/stefa/robot_mock_ws/install/my_robot_description/share/my_robot_description/environment/path.sh
[0.735s] -- Up-to-date: /home/stefa/robot_mock_ws/install/my_robot_description/share/my_robot_description/environment/path.dsv
[0.735s] -- Up-to-date: /home/stefa/robot_mock_ws/install/my_robot_description/share/my_robot_description/local_setup.bash
[0.735s] -- Up-to-date: /home/stefa/robot_mock_ws/install/my_robot_description/share/my_robot_description/local_setup.sh
[0.735s] -- Up-to-date: /home/stefa/robot_mock_ws/install/my_robot_description/share/my_robot_description/local_setup.zsh
[0.735s] -- Up-to-date: /home/stefa/robot_mock_ws/install/my_robot_description/share/my_robot_description/local_setup.dsv
[0.735s] -- Up-to-date: /home/stefa/robot_mock_ws/install/my_robot_description/share/my_robot_description/package.dsv
[0.735s] -- Up-to-date: /home/stefa/robot_mock_ws/install/my_robot_description/share/ament_index/resource_index/packages/my_robot_description
[0.735s] -- Up-to-date: /home/stefa/robot_mock_ws/install/my_robot_description/share/my_robot_description/cmake/my_robot_descriptionConfig.cmake
[0.736s] -- Up-to-date: /home/stefa/robot_mock_ws/install/my_robot_description/share/my_robot_description/cmake/my_robot_descriptionConfig-version.cmake
[0.736s] -- Up-to-date: /home/stefa/robot_mock_ws/install/my_robot_description/share/my_robot_description/package.xml
[0.738s] Invoked command in '/home/stefa/robot_mock_ws/build/my_robot_description' returned '0': CMAKE_PREFIX_PATH=${CMAKE_PREFIX_PATH}:/home/stefa/robot_mock_ws/install/python_tools:/home/stefa/robot_mock_ws/install/mock_sensors:/opt/ros/jazzy /usr/bin/cmake --install /home/stefa/robot_mock_ws/build/my_robot_description
