[0.375s] Invoking command in '/home/stefa/robot_mock_ws/build/my_robot_description': CMAKE_PREFIX_PATH=${CMAKE_PREFIX_PATH}:/home/stefa/robot_mock_ws/install/python_tools:/home/stefa/robot_mock_ws/install/mock_sensors:/opt/ros/jazzy /usr/bin/cmake /home/stefa/robot_mock_ws/src/my_robot_description -DCMAKE_INSTALL_PREFIX=/home/stefa/robot_mock_ws/install/my_robot_description
[0.779s] -- The C compiler identification is GNU 13.3.0
[2.545s] -- The CXX compiler identification is GNU 13.3.0
[4.139s] -- Detecting C compiler ABI info
[4.704s] -- Detecting C compiler ABI info - done
[4.717s] -- Check for working C compiler: /usr/bin/cc - skipped
[4.718s] -- Detecting C compile features
[4.718s] -- Detecting C compile features - done
[4.927s] -- Detecting CXX compiler ABI info
[5.465s] -- Detecting CXX compiler ABI info - done
[5.476s] -- Check for working CXX compiler: /usr/bin/c++ - skipped
[5.476s] -- Detecting CXX compile features
[5.477s] -- Detecting CXX compile features - done
[5.535s] -- Found ament_cmake: 2.5.5 (/opt/ros/jazzy/share/ament_cmake/cmake)
[5.835s] -- Found Python3: /usr/bin/python3 (found version "3.12.3") found components: Interpreter 
[6.245s] -- Configuring done (5.9s)
[6.255s] -- Generating done (0.0s)
[6.259s] -- Build files have been written to: /home/stefa/robot_mock_ws/build/my_robot_description
[6.265s] Invoked command in '/home/stefa/robot_mock_ws/build/my_robot_description' returned '0': CMAKE_PREFIX_PATH=${CMAKE_PREFIX_PATH}:/home/stefa/robot_mock_ws/install/python_tools:/home/stefa/robot_mock_ws/install/mock_sensors:/opt/ros/jazzy /usr/bin/cmake /home/stefa/robot_mock_ws/src/my_robot_description -DCMAKE_INSTALL_PREFIX=/home/stefa/robot_mock_ws/install/my_robot_description
[6.267s] Invoking command in '/home/stefa/robot_mock_ws/build/my_robot_description': CMAKE_PREFIX_PATH=${CMAKE_PREFIX_PATH}:/home/stefa/robot_mock_ws/install/python_tools:/home/stefa/robot_mock_ws/install/mock_sensors:/opt/ros/jazzy /usr/bin/cmake --build /home/stefa/robot_mock_ws/build/my_robot_description -- -j12 -l12
[6.334s] Invoked command in '/home/stefa/robot_mock_ws/build/my_robot_description' returned '0': CMAKE_PREFIX_PATH=${CMAKE_PREFIX_PATH}:/home/stefa/robot_mock_ws/install/python_tools:/home/stefa/robot_mock_ws/install/mock_sensors:/opt/ros/jazzy /usr/bin/cmake --build /home/stefa/robot_mock_ws/build/my_robot_description -- -j12 -l12
[6.336s] Invoking command in '/home/stefa/robot_mock_ws/build/my_robot_description': CMAKE_PREFIX_PATH=${CMAKE_PREFIX_PATH}:/home/stefa/robot_mock_ws/install/python_tools:/home/stefa/robot_mock_ws/install/mock_sensors:/opt/ros/jazzy /usr/bin/cmake --install /home/stefa/robot_mock_ws/build/my_robot_description
[6.350s] -- Install configuration: ""
[6.350s] -- Installing: /home/stefa/robot_mock_ws/install/my_robot_description/share/my_robot_description/urdf
[6.353s] -- Installing: /home/stefa/robot_mock_ws/install/my_robot_description/share/my_robot_description/urdf/my_robot.urdf
[6.353s] -- Installing: /home/stefa/robot_mock_ws/install/my_robot_description/share/my_robot_description/launch
[6.354s] -- Installing: /home/stefa/robot_mock_ws/install/my_robot_description/share/my_robot_description/launch/gazebo.launch.py
[6.356s] -- Installing: /home/stefa/robot_mock_ws/install/my_robot_description/share/ament_index/resource_index/package_run_dependencies/my_robot_description
[6.356s] -- Installing: /home/stefa/robot_mock_ws/install/my_robot_description/share/ament_index/resource_index/parent_prefix_path/my_robot_description
[6.357s] -- Installing: /home/stefa/robot_mock_ws/install/my_robot_description/share/my_robot_description/environment/ament_prefix_path.sh
[6.357s] -- Installing: /home/stefa/robot_mock_ws/install/my_robot_description/share/my_robot_description/environment/ament_prefix_path.dsv
[6.358s] -- Installing: /home/stefa/robot_mock_ws/install/my_robot_description/share/my_robot_description/environment/path.sh
[6.358s] -- Installing: /home/stefa/robot_mock_ws/install/my_robot_description/share/my_robot_description/environment/path.dsv
[6.358s] -- Installing: /home/stefa/robot_mock_ws/install/my_robot_description/share/my_robot_description/local_setup.bash
[6.358s] -- Installing: /home/stefa/robot_mock_ws/install/my_robot_description/share/my_robot_description/local_setup.sh
[6.359s] -- Installing: /home/stefa/robot_mock_ws/install/my_robot_description/share/my_robot_description/local_setup.zsh
[6.359s] -- Installing: /home/stefa/robot_mock_ws/install/my_robot_description/share/my_robot_description/local_setup.dsv
[6.359s] -- Installing: /home/stefa/robot_mock_ws/install/my_robot_description/share/my_robot_description/package.dsv
[6.360s] -- Installing: /home/stefa/robot_mock_ws/install/my_robot_description/share/ament_index/resource_index/packages/my_robot_description
[6.361s] -- Installing: /home/stefa/robot_mock_ws/install/my_robot_description/share/my_robot_description/cmake/my_robot_descriptionConfig.cmake
[6.361s] -- Installing: /home/stefa/robot_mock_ws/install/my_robot_description/share/my_robot_description/cmake/my_robot_descriptionConfig-version.cmake
[6.361s] -- Installing: /home/stefa/robot_mock_ws/install/my_robot_description/share/my_robot_description/package.xml
[6.364s] Invoked command in '/home/stefa/robot_mock_ws/build/my_robot_description' returned '0': CMAKE_PREFIX_PATH=${CMAKE_PREFIX_PATH}:/home/stefa/robot_mock_ws/install/python_tools:/home/stefa/robot_mock_ws/install/mock_sensors:/opt/ros/jazzy /usr/bin/cmake --install /home/stefa/robot_mock_ws/build/my_robot_description
