[0.246s] DEBUG:colcon:Command line arguments: ['/usr/bin/colcon', 'build']
[0.246s] DEBUG:colcon:Parsed command line arguments: Namespace(log_base=None, log_level=None, verb_name='build', build_base='build', install_base='install', merge_install=False, symlink_install=False, test_result_base=None, continue_on_error=False, executor='parallel', parallel_workers=12, event_handlers=None, ignore_user_meta=False, metas=['./colcon.meta'], base_paths=['.'], packages_ignore=None, packages_ignore_regex=None, paths=None, packages_up_to=None, packages_up_to_regex=None, packages_above=None, packages_above_and_dependencies=None, packages_above_depth=None, packages_select_by_dep=None, packages_skip_by_dep=None, packages_skip_up_to=None, packages_select_build_failed=False, packages_skip_build_finished=False, packages_select_test_failures=False, packages_skip_test_passed=False, packages_select=None, packages_skip=None, packages_select_regex=None, packages_skip_regex=None, packages_start=None, packages_end=None, allow_overriding=[], cmake_args=None, cmake_target=None, cmake_target_skip_unavailable=False, cmake_clean_cache=False, cmake_clean_first=False, cmake_force_configure=False, ament_cmake_args=None, catkin_cmake_args=None, catkin_skip_building_tests=False, verb_parser=<colcon_defaults.argument_parser.defaults.DefaultArgumentsDecorator object at 0x7d1c66676120>, verb_extension=<colcon_core.verb.build.BuildVerb object at 0x7d1c66675e50>, main=<bound method BuildVerb.main of <colcon_core.verb.build.BuildVerb object at 0x7d1c66675e50>>)
[0.288s] Level 1:colcon.colcon_core.package_discovery:discover_packages(colcon_meta) check parameters
[0.289s] Level 1:colcon.colcon_core.package_discovery:discover_packages(recursive) check parameters
[0.289s] Level 1:colcon.colcon_core.package_discovery:discover_packages(ignore) check parameters
[0.289s] Level 1:colcon.colcon_core.package_discovery:discover_packages(path) check parameters
[0.289s] Level 1:colcon.colcon_core.package_discovery:discover_packages(colcon_meta) discover
[0.289s] Level 1:colcon.colcon_core.package_discovery:discover_packages(recursive) discover
[0.289s] INFO:colcon.colcon_core.package_discovery:Crawling recursively for packages in '/home/stefa/robot_mock_ws'
[0.289s] Level 1:colcon.colcon_core.package_identification:_identify(.) by extensions ['ignore', 'ignore_ament_install']
[0.289s] Level 1:colcon.colcon_core.package_identification:_identify(.) by extension 'ignore'
[0.289s] Level 1:colcon.colcon_core.package_identification:_identify(.) by extension 'ignore_ament_install'
[0.289s] Level 1:colcon.colcon_core.package_identification:_identify(.) by extensions ['colcon_pkg']
[0.289s] Level 1:colcon.colcon_core.package_identification:_identify(.) by extension 'colcon_pkg'
[0.289s] Level 1:colcon.colcon_core.package_identification:_identify(.) by extensions ['colcon_meta']
[0.289s] Level 1:colcon.colcon_core.package_identification:_identify(.) by extension 'colcon_meta'
[0.289s] Level 1:colcon.colcon_core.package_identification:_identify(.) by extensions ['ros']
[0.289s] Level 1:colcon.colcon_core.package_identification:_identify(.) by extension 'ros'
[0.314s] Level 1:colcon.colcon_core.package_identification:_identify(.) by extensions ['cmake', 'python']
[0.314s] Level 1:colcon.colcon_core.package_identification:_identify(.) by extension 'cmake'
[0.314s] Level 1:colcon.colcon_core.package_identification:_identify(.) by extension 'python'
[0.314s] Level 1:colcon.colcon_core.package_identification:_identify(.) by extensions ['python_setup_py']
[0.314s] Level 1:colcon.colcon_core.package_identification:_identify(.) by extension 'python_setup_py'
[0.314s] Level 1:colcon.colcon_core.package_identification:_identify(build) by extensions ['ignore', 'ignore_ament_install']
[0.314s] Level 1:colcon.colcon_core.package_identification:_identify(build) by extension 'ignore'
[0.314s] Level 1:colcon.colcon_core.package_identification:_identify(build) ignored
[0.315s] Level 1:colcon.colcon_core.package_identification:_identify(install) by extensions ['ignore', 'ignore_ament_install']
[0.315s] Level 1:colcon.colcon_core.package_identification:_identify(install) by extension 'ignore'
[0.315s] Level 1:colcon.colcon_core.package_identification:_identify(install) ignored
[0.315s] Level 1:colcon.colcon_core.package_identification:_identify(log) by extensions ['ignore', 'ignore_ament_install']
[0.315s] Level 1:colcon.colcon_core.package_identification:_identify(log) by extension 'ignore'
[0.315s] Level 1:colcon.colcon_core.package_identification:_identify(log) ignored
[0.315s] Level 1:colcon.colcon_core.package_identification:_identify(src) by extensions ['ignore', 'ignore_ament_install']
[0.315s] Level 1:colcon.colcon_core.package_identification:_identify(src) by extension 'ignore'
[0.315s] Level 1:colcon.colcon_core.package_identification:_identify(src) by extension 'ignore_ament_install'
[0.315s] Level 1:colcon.colcon_core.package_identification:_identify(src) by extensions ['colcon_pkg']
[0.315s] Level 1:colcon.colcon_core.package_identification:_identify(src) by extension 'colcon_pkg'
[0.315s] Level 1:colcon.colcon_core.package_identification:_identify(src) by extensions ['colcon_meta']
[0.315s] Level 1:colcon.colcon_core.package_identification:_identify(src) by extension 'colcon_meta'
[0.315s] Level 1:colcon.colcon_core.package_identification:_identify(src) by extensions ['ros']
[0.315s] Level 1:colcon.colcon_core.package_identification:_identify(src) by extension 'ros'
[0.315s] Level 1:colcon.colcon_core.package_identification:_identify(src) by extensions ['cmake', 'python']
[0.315s] Level 1:colcon.colcon_core.package_identification:_identify(src) by extension 'cmake'
[0.315s] Level 1:colcon.colcon_core.package_identification:_identify(src) by extension 'python'
[0.315s] Level 1:colcon.colcon_core.package_identification:_identify(src) by extensions ['python_setup_py']
[0.316s] Level 1:colcon.colcon_core.package_identification:_identify(src) by extension 'python_setup_py'
[0.316s] Level 1:colcon.colcon_core.package_identification:_identify(src/mock_sensors) by extensions ['ignore', 'ignore_ament_install']
[0.316s] Level 1:colcon.colcon_core.package_identification:_identify(src/mock_sensors) by extension 'ignore'
[0.316s] Level 1:colcon.colcon_core.package_identification:_identify(src/mock_sensors) by extension 'ignore_ament_install'
[0.316s] Level 1:colcon.colcon_core.package_identification:_identify(src/mock_sensors) by extensions ['colcon_pkg']
[0.316s] Level 1:colcon.colcon_core.package_identification:_identify(src/mock_sensors) by extension 'colcon_pkg'
[0.316s] Level 1:colcon.colcon_core.package_identification:_identify(src/mock_sensors) by extensions ['colcon_meta']
[0.316s] Level 1:colcon.colcon_core.package_identification:_identify(src/mock_sensors) by extension 'colcon_meta'
[0.316s] Level 1:colcon.colcon_core.package_identification:_identify(src/mock_sensors) by extensions ['ros']
[0.316s] Level 1:colcon.colcon_core.package_identification:_identify(src/mock_sensors) by extension 'ros'
[0.319s] DEBUG:colcon.colcon_core.package_identification:Package 'src/mock_sensors' with type 'ros.ament_python' and name 'mock_sensors'
[0.319s] Level 1:colcon.colcon_core.package_identification:_identify(src/python_tools) by extensions ['ignore', 'ignore_ament_install']
[0.319s] Level 1:colcon.colcon_core.package_identification:_identify(src/python_tools) by extension 'ignore'
[0.319s] Level 1:colcon.colcon_core.package_identification:_identify(src/python_tools) by extension 'ignore_ament_install'
[0.319s] Level 1:colcon.colcon_core.package_identification:_identify(src/python_tools) by extensions ['colcon_pkg']
[0.319s] Level 1:colcon.colcon_core.package_identification:_identify(src/python_tools) by extension 'colcon_pkg'
[0.319s] Level 1:colcon.colcon_core.package_identification:_identify(src/python_tools) by extensions ['colcon_meta']
[0.319s] Level 1:colcon.colcon_core.package_identification:_identify(src/python_tools) by extension 'colcon_meta'
[0.319s] Level 1:colcon.colcon_core.package_identification:_identify(src/python_tools) by extensions ['ros']
[0.319s] Level 1:colcon.colcon_core.package_identification:_identify(src/python_tools) by extension 'ros'
[0.320s] Level 1:colcon.colcon_core.package_identification:_identify(src/python_tools) by extensions ['cmake', 'python']
[0.320s] Level 1:colcon.colcon_core.package_identification:_identify(src/python_tools) by extension 'cmake'
[0.320s] Level 1:colcon.colcon_core.package_identification:_identify(src/python_tools) by extension 'python'
[0.320s] Level 1:colcon.colcon_core.package_identification:_identify(src/python_tools) by extensions ['python_setup_py']
[0.320s] Level 1:colcon.colcon_core.package_identification:_identify(src/python_tools) by extension 'python_setup_py'
[0.320s] Level 1:colcon.colcon_core.package_identification:_identify(src/robot_brain_cpp) by extensions ['ignore', 'ignore_ament_install']
[0.320s] Level 1:colcon.colcon_core.package_identification:_identify(src/robot_brain_cpp) by extension 'ignore'
[0.320s] Level 1:colcon.colcon_core.package_identification:_identify(src/robot_brain_cpp) by extension 'ignore_ament_install'
[0.320s] Level 1:colcon.colcon_core.package_identification:_identify(src/robot_brain_cpp) by extensions ['colcon_pkg']
[0.320s] Level 1:colcon.colcon_core.package_identification:_identify(src/robot_brain_cpp) by extension 'colcon_pkg'
[0.320s] Level 1:colcon.colcon_core.package_identification:_identify(src/robot_brain_cpp) by extensions ['colcon_meta']
[0.320s] Level 1:colcon.colcon_core.package_identification:_identify(src/robot_brain_cpp) by extension 'colcon_meta'
[0.320s] Level 1:colcon.colcon_core.package_identification:_identify(src/robot_brain_cpp) by extensions ['ros']
[0.320s] Level 1:colcon.colcon_core.package_identification:_identify(src/robot_brain_cpp) by extension 'ros'
[0.321s] DEBUG:colcon.colcon_core.package_identification:Package 'src/robot_brain_cpp' with type 'ros.ament_cmake' and name 'robot_brain_cpp'
[0.321s] Level 1:colcon.colcon_core.package_discovery:discover_packages(recursive) using defaults
[0.321s] Level 1:colcon.colcon_core.package_discovery:discover_packages(ignore) discover
[0.321s] Level 1:colcon.colcon_core.package_discovery:discover_packages(ignore) using defaults
[0.321s] Level 1:colcon.colcon_core.package_discovery:discover_packages(path) discover
[0.321s] Level 1:colcon.colcon_core.package_discovery:discover_packages(path) using defaults
[0.338s] Level 1:colcon.colcon_core.package_discovery:discover_packages(prefix_path) check parameters
[0.338s] Level 1:colcon.colcon_core.package_discovery:discover_packages(prefix_path) discover
[0.341s] DEBUG:colcon.colcon_installed_package_information.package_discovery:Found 2 installed packages in /home/stefa/robot_mock_ws/install
[0.342s] DEBUG:colcon.colcon_installed_package_information.package_discovery:Found 286 installed packages in /opt/ros/jazzy
[0.343s] Level 1:colcon.colcon_core.package_discovery:discover_packages(prefix_path) using defaults
[0.390s] Level 5:colcon.colcon_core.verb:set package 'mock_sensors' build argument 'cmake_args' from command line to 'None'
[0.390s] Level 5:colcon.colcon_core.verb:set package 'mock_sensors' build argument 'cmake_target' from command line to 'None'
[0.390s] Level 5:colcon.colcon_core.verb:set package 'mock_sensors' build argument 'cmake_target_skip_unavailable' from command line to 'False'
[0.390s] Level 5:colcon.colcon_core.verb:set package 'mock_sensors' build argument 'cmake_clean_cache' from command line to 'False'
[0.390s] Level 5:colcon.colcon_core.verb:set package 'mock_sensors' build argument 'cmake_clean_first' from command line to 'False'
[0.390s] Level 5:colcon.colcon_core.verb:set package 'mock_sensors' build argument 'cmake_force_configure' from command line to 'False'
[0.390s] Level 5:colcon.colcon_core.verb:set package 'mock_sensors' build argument 'ament_cmake_args' from command line to 'None'
[0.390s] Level 5:colcon.colcon_core.verb:set package 'mock_sensors' build argument 'catkin_cmake_args' from command line to 'None'
[0.390s] Level 5:colcon.colcon_core.verb:set package 'mock_sensors' build argument 'catkin_skip_building_tests' from command line to 'False'
[0.390s] DEBUG:colcon.colcon_core.verb:Building package 'mock_sensors' with the following arguments: {'ament_cmake_args': None, 'build_base': '/home/stefa/robot_mock_ws/build/mock_sensors', 'catkin_cmake_args': None, 'catkin_skip_building_tests': False, 'cmake_args': None, 'cmake_clean_cache': False, 'cmake_clean_first': False, 'cmake_force_configure': False, 'cmake_target': None, 'cmake_target_skip_unavailable': False, 'install_base': '/home/stefa/robot_mock_ws/install/mock_sensors', 'merge_install': False, 'path': '/home/stefa/robot_mock_ws/src/mock_sensors', 'symlink_install': False, 'test_result_base': None}
[0.390s] Level 5:colcon.colcon_core.verb:set package 'robot_brain_cpp' build argument 'cmake_args' from command line to 'None'
[0.390s] Level 5:colcon.colcon_core.verb:set package 'robot_brain_cpp' build argument 'cmake_target' from command line to 'None'
[0.390s] Level 5:colcon.colcon_core.verb:set package 'robot_brain_cpp' build argument 'cmake_target_skip_unavailable' from command line to 'False'
[0.391s] Level 5:colcon.colcon_core.verb:set package 'robot_brain_cpp' build argument 'cmake_clean_cache' from command line to 'False'
[0.391s] Level 5:colcon.colcon_core.verb:set package 'robot_brain_cpp' build argument 'cmake_clean_first' from command line to 'False'
[0.391s] Level 5:colcon.colcon_core.verb:set package 'robot_brain_cpp' build argument 'cmake_force_configure' from command line to 'False'
[0.391s] Level 5:colcon.colcon_core.verb:set package 'robot_brain_cpp' build argument 'ament_cmake_args' from command line to 'None'
[0.391s] Level 5:colcon.colcon_core.verb:set package 'robot_brain_cpp' build argument 'catkin_cmake_args' from command line to 'None'
[0.391s] Level 5:colcon.colcon_core.verb:set package 'robot_brain_cpp' build argument 'catkin_skip_building_tests' from command line to 'False'
[0.391s] DEBUG:colcon.colcon_core.verb:Building package 'robot_brain_cpp' with the following arguments: {'ament_cmake_args': None, 'build_base': '/home/stefa/robot_mock_ws/build/robot_brain_cpp', 'catkin_cmake_args': None, 'catkin_skip_building_tests': False, 'cmake_args': None, 'cmake_clean_cache': False, 'cmake_clean_first': False, 'cmake_force_configure': False, 'cmake_target': None, 'cmake_target_skip_unavailable': False, 'install_base': '/home/stefa/robot_mock_ws/install/robot_brain_cpp', 'merge_install': False, 'path': '/home/stefa/robot_mock_ws/src/robot_brain_cpp', 'symlink_install': False, 'test_result_base': None}
[0.391s] INFO:colcon.colcon_core.executor:Executing jobs using 'parallel' executor
[0.392s] DEBUG:colcon.colcon_parallel_executor.executor.parallel:run_until_complete
[0.392s] INFO:colcon.colcon_ros.task.ament_python.build:Building ROS package in '/home/stefa/robot_mock_ws/src/mock_sensors' with build type 'ament_python'
[0.392s] Level 1:colcon.colcon_core.shell:create_environment_hook('mock_sensors', 'ament_prefix_path')
[0.395s] INFO:colcon.colcon_core.plugin_system:Skipping extension 'colcon_core.shell.bat': Not used on non-Windows systems
[0.395s] INFO:colcon.colcon_core.shell:Creating environment hook '/home/stefa/robot_mock_ws/install/mock_sensors/share/mock_sensors/hook/ament_prefix_path.ps1'
[0.395s] INFO:colcon.colcon_core.shell:Creating environment descriptor '/home/stefa/robot_mock_ws/install/mock_sensors/share/mock_sensors/hook/ament_prefix_path.dsv'
[0.396s] INFO:colcon.colcon_core.shell:Creating environment hook '/home/stefa/robot_mock_ws/install/mock_sensors/share/mock_sensors/hook/ament_prefix_path.sh'
[0.397s] INFO:colcon.colcon_core.shell:Skip shell extension 'powershell' for command environment: Not usable outside of PowerShell
[0.397s] DEBUG:colcon.colcon_core.shell:Skip shell extension 'dsv' for command environment
[0.401s] INFO:colcon.colcon_ros.task.ament_cmake.build:Building ROS package in '/home/stefa/robot_mock_ws/src/robot_brain_cpp' with build type 'ament_cmake'
[0.401s] INFO:colcon.colcon_cmake.task.cmake.build:Building CMake package in '/home/stefa/robot_mock_ws/src/robot_brain_cpp'
[0.401s] INFO:colcon.colcon_core.shell:Skip shell extension 'powershell' for command environment: Not usable outside of PowerShell
[0.401s] DEBUG:colcon.colcon_core.shell:Skip shell extension 'dsv' for command environment
[0.628s] INFO:colcon.colcon_core.task.python.build:Building Python package in '/home/stefa/robot_mock_ws/src/mock_sensors'
[0.628s] INFO:colcon.colcon_core.shell:Skip shell extension 'powershell' for command environment: Not usable outside of PowerShell
[0.628s] DEBUG:colcon.colcon_core.shell:Skip shell extension 'dsv' for command environment
[0.638s] DEBUG:colcon.colcon_core.event_handler.log_command:Invoking command in '/home/stefa/robot_mock_ws/build/robot_brain_cpp': CMAKE_PREFIX_PATH=${CMAKE_PREFIX_PATH}:/home/stefa/robot_mock_ws/install/mock_sensors:/opt/ros/jazzy /usr/bin/cmake --build /home/stefa/robot_mock_ws/build/robot_brain_cpp -- -j12 -l12
[0.823s] DEBUG:colcon.colcon_core.event_handler.log_command:Invoked command in '/home/stefa/robot_mock_ws/build/robot_brain_cpp' returned '0': CMAKE_PREFIX_PATH=${CMAKE_PREFIX_PATH}:/home/stefa/robot_mock_ws/install/mock_sensors:/opt/ros/jazzy /usr/bin/cmake --build /home/stefa/robot_mock_ws/build/robot_brain_cpp -- -j12 -l12
[0.838s] DEBUG:colcon.colcon_core.event_handler.log_command:Invoking command in '/home/stefa/robot_mock_ws/build/robot_brain_cpp': CMAKE_PREFIX_PATH=${CMAKE_PREFIX_PATH}:/home/stefa/robot_mock_ws/install/mock_sensors:/opt/ros/jazzy /usr/bin/cmake --install /home/stefa/robot_mock_ws/build/robot_brain_cpp
[0.855s] Level 1:colcon.colcon_core.environment:create_environment_scripts_only(robot_brain_cpp)
[0.856s] DEBUG:colcon.colcon_core.event_handler.log_command:Invoked command in '/home/stefa/robot_mock_ws/build/robot_brain_cpp' returned '0': CMAKE_PREFIX_PATH=${CMAKE_PREFIX_PATH}:/home/stefa/robot_mock_ws/install/mock_sensors:/opt/ros/jazzy /usr/bin/cmake --install /home/stefa/robot_mock_ws/build/robot_brain_cpp
[0.858s] Level 1:colcon.colcon_core.environment:checking '/home/stefa/robot_mock_ws/install/robot_brain_cpp' for CMake module files
[0.859s] Level 1:colcon.colcon_core.environment:checking '/home/stefa/robot_mock_ws/install/robot_brain_cpp' for CMake config files
[0.863s] Level 1:colcon.colcon_core.shell:create_environment_hook('robot_brain_cpp', 'cmake_prefix_path')
[0.863s] INFO:colcon.colcon_core.shell:Creating environment hook '/home/stefa/robot_mock_ws/install/robot_brain_cpp/share/robot_brain_cpp/hook/cmake_prefix_path.ps1'
[0.864s] INFO:colcon.colcon_core.shell:Creating environment descriptor '/home/stefa/robot_mock_ws/install/robot_brain_cpp/share/robot_brain_cpp/hook/cmake_prefix_path.dsv'
[0.864s] INFO:colcon.colcon_core.shell:Creating environment hook '/home/stefa/robot_mock_ws/install/robot_brain_cpp/share/robot_brain_cpp/hook/cmake_prefix_path.sh'
[0.865s] Level 1:colcon.colcon_core.environment:checking '/home/stefa/robot_mock_ws/install/robot_brain_cpp/lib'
[0.865s] Level 1:colcon.colcon_core.environment:checking '/home/stefa/robot_mock_ws/install/robot_brain_cpp/bin'
[0.865s] Level 1:colcon.colcon_core.environment:checking '/home/stefa/robot_mock_ws/install/robot_brain_cpp/lib/pkgconfig/robot_brain_cpp.pc'
[0.866s] Level 1:colcon.colcon_core.environment:checking '/home/stefa/robot_mock_ws/install/robot_brain_cpp/lib/python3.12/site-packages'
[0.866s] Level 1:colcon.colcon_core.environment:checking '/home/stefa/robot_mock_ws/install/robot_brain_cpp/bin'
[0.866s] INFO:colcon.colcon_core.shell:Creating package script '/home/stefa/robot_mock_ws/install/robot_brain_cpp/share/robot_brain_cpp/package.ps1'
[0.867s] INFO:colcon.colcon_core.shell:Creating package descriptor '/home/stefa/robot_mock_ws/install/robot_brain_cpp/share/robot_brain_cpp/package.dsv'
[0.867s] INFO:colcon.colcon_core.shell:Creating package script '/home/stefa/robot_mock_ws/install/robot_brain_cpp/share/robot_brain_cpp/package.sh'
[0.868s] INFO:colcon.colcon_core.shell:Creating package script '/home/stefa/robot_mock_ws/install/robot_brain_cpp/share/robot_brain_cpp/package.bash'
[0.868s] INFO:colcon.colcon_core.shell:Creating package script '/home/stefa/robot_mock_ws/install/robot_brain_cpp/share/robot_brain_cpp/package.zsh'
[0.869s] Level 1:colcon.colcon_core.environment:create_file_with_runtime_dependencies(/home/stefa/robot_mock_ws/install/robot_brain_cpp/share/colcon-core/packages/robot_brain_cpp)
[0.870s] Level 1:colcon.colcon_core.environment:create_environment_scripts_only(robot_brain_cpp)
[0.870s] Level 1:colcon.colcon_core.environment:checking '/home/stefa/robot_mock_ws/install/robot_brain_cpp' for CMake module files
[0.870s] Level 1:colcon.colcon_core.environment:checking '/home/stefa/robot_mock_ws/install/robot_brain_cpp' for CMake config files
[0.871s] Level 1:colcon.colcon_core.shell:create_environment_hook('robot_brain_cpp', 'cmake_prefix_path')
[0.871s] INFO:colcon.colcon_core.shell:Creating environment hook '/home/stefa/robot_mock_ws/install/robot_brain_cpp/share/robot_brain_cpp/hook/cmake_prefix_path.ps1'
[0.871s] INFO:colcon.colcon_core.shell:Creating environment descriptor '/home/stefa/robot_mock_ws/install/robot_brain_cpp/share/robot_brain_cpp/hook/cmake_prefix_path.dsv'
[0.871s] INFO:colcon.colcon_core.shell:Creating environment hook '/home/stefa/robot_mock_ws/install/robot_brain_cpp/share/robot_brain_cpp/hook/cmake_prefix_path.sh'
[0.872s] Level 1:colcon.colcon_core.environment:checking '/home/stefa/robot_mock_ws/install/robot_brain_cpp/lib'
[0.872s] Level 1:colcon.colcon_core.environment:checking '/home/stefa/robot_mock_ws/install/robot_brain_cpp/bin'
[0.872s] Level 1:colcon.colcon_core.environment:checking '/home/stefa/robot_mock_ws/install/robot_brain_cpp/lib/pkgconfig/robot_brain_cpp.pc'
[0.872s] Level 1:colcon.colcon_core.environment:checking '/home/stefa/robot_mock_ws/install/robot_brain_cpp/lib/python3.12/site-packages'
[0.873s] Level 1:colcon.colcon_core.environment:checking '/home/stefa/robot_mock_ws/install/robot_brain_cpp/bin'
[0.873s] INFO:colcon.colcon_core.shell:Creating package script '/home/stefa/robot_mock_ws/install/robot_brain_cpp/share/robot_brain_cpp/package.ps1'
[0.873s] INFO:colcon.colcon_core.shell:Creating package descriptor '/home/stefa/robot_mock_ws/install/robot_brain_cpp/share/robot_brain_cpp/package.dsv'
[0.874s] INFO:colcon.colcon_core.shell:Creating package script '/home/stefa/robot_mock_ws/install/robot_brain_cpp/share/robot_brain_cpp/package.sh'
[0.874s] INFO:colcon.colcon_core.shell:Creating package script '/home/stefa/robot_mock_ws/install/robot_brain_cpp/share/robot_brain_cpp/package.bash'
[0.874s] INFO:colcon.colcon_core.shell:Creating package script '/home/stefa/robot_mock_ws/install/robot_brain_cpp/share/robot_brain_cpp/package.zsh'
[0.875s] Level 1:colcon.colcon_core.environment:create_file_with_runtime_dependencies(/home/stefa/robot_mock_ws/install/robot_brain_cpp/share/colcon-core/packages/robot_brain_cpp)
[1.295s] DEBUG:colcon.colcon_core.event_handler.log_command:Invoking command in '/home/stefa/robot_mock_ws/src/mock_sensors': PYTHONPATH=/home/stefa/robot_mock_ws/build/mock_sensors/prefix_override:/usr/lib/python3/dist-packages/colcon_core/task/python/colcon_distutils_commands:/home/stefa/robot_mock_ws/install/mock_sensors/lib/python3.12/site-packages:${PYTHONPATH} /usr/bin/python3 -W ignore:setup.py install is deprecated -W ignore:easy_install command is deprecated setup.py egg_info --egg-base ../../build/mock_sensors build --build-base /home/stefa/robot_mock_ws/build/mock_sensors/build install --record /home/stefa/robot_mock_ws/build/mock_sensors/install.log --single-version-externally-managed install_data
[1.871s] Level 1:colcon.colcon_core.environment:checking '/home/stefa/robot_mock_ws/install/mock_sensors' for CMake module files
[1.871s] DEBUG:colcon.colcon_core.event_handler.log_command:Invoked command in '/home/stefa/robot_mock_ws/src/mock_sensors' returned '0': PYTHONPATH=/home/stefa/robot_mock_ws/build/mock_sensors/prefix_override:/usr/lib/python3/dist-packages/colcon_core/task/python/colcon_distutils_commands:/home/stefa/robot_mock_ws/install/mock_sensors/lib/python3.12/site-packages:${PYTHONPATH} /usr/bin/python3 -W ignore:setup.py install is deprecated -W ignore:easy_install command is deprecated setup.py egg_info --egg-base ../../build/mock_sensors build --build-base /home/stefa/robot_mock_ws/build/mock_sensors/build install --record /home/stefa/robot_mock_ws/build/mock_sensors/install.log --single-version-externally-managed install_data
[1.872s] Level 1:colcon.colcon_core.environment:checking '/home/stefa/robot_mock_ws/install/mock_sensors' for CMake config files
[1.872s] Level 1:colcon.colcon_core.environment:checking '/home/stefa/robot_mock_ws/install/mock_sensors/lib'
[1.872s] Level 1:colcon.colcon_core.environment:checking '/home/stefa/robot_mock_ws/install/mock_sensors/bin'
[1.872s] Level 1:colcon.colcon_core.environment:checking '/home/stefa/robot_mock_ws/install/mock_sensors/lib/pkgconfig/mock_sensors.pc'
[1.873s] Level 1:colcon.colcon_core.environment:checking '/home/stefa/robot_mock_ws/install/mock_sensors/lib/python3.12/site-packages'
[1.873s] Level 1:colcon.colcon_core.shell:create_environment_hook('mock_sensors', 'pythonpath')
[1.873s] INFO:colcon.colcon_core.shell:Creating environment hook '/home/stefa/robot_mock_ws/install/mock_sensors/share/mock_sensors/hook/pythonpath.ps1'
[1.873s] INFO:colcon.colcon_core.shell:Creating environment descriptor '/home/stefa/robot_mock_ws/install/mock_sensors/share/mock_sensors/hook/pythonpath.dsv'
[1.874s] INFO:colcon.colcon_core.shell:Creating environment hook '/home/stefa/robot_mock_ws/install/mock_sensors/share/mock_sensors/hook/pythonpath.sh'
[1.874s] Level 1:colcon.colcon_core.environment:checking '/home/stefa/robot_mock_ws/install/mock_sensors/bin'
[1.874s] Level 1:colcon.colcon_core.environment:create_environment_scripts_only(mock_sensors)
[1.875s] INFO:colcon.colcon_core.shell:Creating package script '/home/stefa/robot_mock_ws/install/mock_sensors/share/mock_sensors/package.ps1'
[1.875s] INFO:colcon.colcon_core.shell:Creating package descriptor '/home/stefa/robot_mock_ws/install/mock_sensors/share/mock_sensors/package.dsv'
[1.876s] INFO:colcon.colcon_core.shell:Creating package script '/home/stefa/robot_mock_ws/install/mock_sensors/share/mock_sensors/package.sh'
[1.876s] INFO:colcon.colcon_core.shell:Creating package script '/home/stefa/robot_mock_ws/install/mock_sensors/share/mock_sensors/package.bash'
[1.876s] INFO:colcon.colcon_core.shell:Creating package script '/home/stefa/robot_mock_ws/install/mock_sensors/share/mock_sensors/package.zsh'
[1.877s] Level 1:colcon.colcon_core.environment:create_file_with_runtime_dependencies(/home/stefa/robot_mock_ws/install/mock_sensors/share/colcon-core/packages/mock_sensors)
[1.877s] DEBUG:colcon.colcon_parallel_executor.executor.parallel:closing loop
[1.877s] DEBUG:colcon.colcon_parallel_executor.executor.parallel:loop closed
[1.877s] DEBUG:colcon.colcon_parallel_executor.executor.parallel:run_until_complete finished with '0'
[1.878s] DEBUG:colcon.colcon_core.event_reactor:joining thread
[1.973s] INFO:colcon.colcon_core.plugin_system:Skipping extension 'colcon_notification.desktop_notification.notify_send': Could not find 'notify-send'
[1.973s] INFO:colcon.colcon_core.plugin_system:Skipping extension 'colcon_notification.desktop_notification.terminal_notifier': Not used on non-Darwin systems
[1.973s] INFO:colcon.colcon_core.plugin_system:Skipping extension 'colcon_notification.desktop_notification.win32': Not used on non-Windows systems
[1.974s] INFO:colcon.colcon_notification.desktop_notification:Sending desktop notification using 'notify2'
[1.976s] DEBUG:colcon.colcon_notification.desktop_notification.notify2:Failed to initialize notify2: org.freedesktop.DBus.Error.ServiceUnknown: The name org.freedesktop.Notifications was not provided by any .service files
[1.976s] DEBUG:colcon.colcon_core.event_reactor:joined thread
[1.976s] INFO:colcon.colcon_core.shell:Creating prefix script '/home/stefa/robot_mock_ws/install/local_setup.ps1'
[1.977s] INFO:colcon.colcon_core.shell:Creating prefix util module '/home/stefa/robot_mock_ws/install/_local_setup_util_ps1.py'
[1.978s] INFO:colcon.colcon_core.shell:Creating prefix chain script '/home/stefa/robot_mock_ws/install/setup.ps1'
[1.979s] INFO:colcon.colcon_core.shell:Creating prefix script '/home/stefa/robot_mock_ws/install/local_setup.sh'
[1.979s] INFO:colcon.colcon_core.shell:Creating prefix util module '/home/stefa/robot_mock_ws/install/_local_setup_util_sh.py'
[1.980s] INFO:colcon.colcon_core.shell:Creating prefix chain script '/home/stefa/robot_mock_ws/install/setup.sh'
[1.981s] INFO:colcon.colcon_core.shell:Creating prefix script '/home/stefa/robot_mock_ws/install/local_setup.bash'
[1.981s] INFO:colcon.colcon_core.shell:Creating prefix chain script '/home/stefa/robot_mock_ws/install/setup.bash'
[1.982s] INFO:colcon.colcon_core.shell:Creating prefix script '/home/stefa/robot_mock_ws/install/local_setup.zsh'
[1.983s] INFO:colcon.colcon_core.shell:Creating prefix chain script '/home/stefa/robot_mock_ws/install/setup.zsh'
