[0.903s] Invoking command in '/home/stefa/robot_mock_ws/src/mock_sensors': PYTHONPATH=/home/stefa/robot_mock_ws/build/mock_sensors/prefix_override:/usr/lib/python3/dist-packages/colcon_core/task/python/colcon_distutils_commands:/home/stefa/robot_mock_ws/install/mock_sensors/lib/python3.12/site-packages:${PYTHONPATH} /usr/bin/python3 -W ignore:setup.py install is deprecated -W ignore:easy_install command is deprecated setup.py egg_info --egg-base ../../build/mock_sensors build --build-base /home/stefa/robot_mock_ws/build/mock_sensors/build install --record /home/stefa/robot_mock_ws/build/mock_sensors/install.log --single-version-externally-managed install_data
[1.204s] running egg_info
[1.225s] writing ../../build/mock_sensors/mock_sensors.egg-info/PKG-INFO
[1.225s] writing dependency_links to ../../build/mock_sensors/mock_sensors.egg-info/dependency_links.txt
[1.226s] writing entry points to ../../build/mock_sensors/mock_sensors.egg-info/entry_points.txt
[1.227s] writing requirements to ../../build/mock_sensors/mock_sensors.egg-info/requires.txt
[1.227s] writing top-level names to ../../build/mock_sensors/mock_sensors.egg-info/top_level.txt
[1.267s] reading manifest file '../../build/mock_sensors/mock_sensors.egg-info/SOURCES.txt'
[1.268s] writing manifest file '../../build/mock_sensors/mock_sensors.egg-info/SOURCES.txt'
[1.268s] running build
[1.268s] running build_py
[1.268s] running install
[1.275s] running install_lib
[1.296s] running install_data
[1.296s] running install_egg_info
[1.317s] removing '/home/stefa/robot_mock_ws/install/mock_sensors/lib/python3.12/site-packages/mock_sensors-0.0.0-py3.12.egg-info' (and everything under it)
[1.318s] Copying ../../build/mock_sensors/mock_sensors.egg-info to /home/stefa/robot_mock_ws/install/mock_sensors/lib/python3.12/site-packages/mock_sensors-0.0.0-py3.12.egg-info
[1.319s] running install_scripts
[1.452s] Installing mock_imu script to /home/stefa/robot_mock_ws/install/mock_sensors/lib/mock_sensors
[1.452s] writing list of installed files to '/home/stefa/robot_mock_ws/build/mock_sensors/install.log'
[1.479s] Invoked command in '/home/stefa/robot_mock_ws/src/mock_sensors' returned '0': PYTHONPATH=/home/stefa/robot_mock_ws/build/mock_sensors/prefix_override:/usr/lib/python3/dist-packages/colcon_core/task/python/colcon_distutils_commands:/home/stefa/robot_mock_ws/install/mock_sensors/lib/python3.12/site-packages:${PYTHONPATH} /usr/bin/python3 -W ignore:setup.py install is deprecated -W ignore:easy_install command is deprecated setup.py egg_info --egg-base ../../build/mock_sensors build --build-base /home/stefa/robot_mock_ws/build/mock_sensors/build install --record /home/stefa/robot_mock_ws/build/mock_sensors/install.log --single-version-externally-managed install_data
