[0.433s] DEBUG:colcon:Command line arguments: ['/usr/bin/colcon', 'build']
[0.433s] DEBUG:colcon:Parsed command line arguments: Namespace(log_base=None, log_level=None, verb_name='build', build_base='build', install_base='install', merge_install=False, symlink_install=False, test_result_base=None, continue_on_error=False, executor='parallel', parallel_workers=12, event_handlers=None, ignore_user_meta=False, metas=['./colcon.meta'], base_paths=['.'], packages_ignore=None, packages_ignore_regex=None, paths=None, packages_up_to=None, packages_up_to_regex=None, packages_above=None, packages_above_and_dependencies=None, packages_above_depth=None, packages_select_by_dep=None, packages_skip_by_dep=None, packages_skip_up_to=None, packages_select_build_failed=False, packages_skip_build_finished=False, packages_select_test_failures=False, packages_skip_test_passed=False, packages_select=None, packages_skip=None, packages_select_regex=None, packages_skip_regex=None, packages_start=None, packages_end=None, allow_overriding=[], cmake_args=None, cmake_target=None, cmake_target_skip_unavailable=False, cmake_clean_cache=False, cmake_clean_first=False, cmake_force_configure=False, ament_cmake_args=None, catkin_cmake_args=None, catkin_skip_building_tests=False, verb_parser=<colcon_defaults.argument_parser.defaults.DefaultArgumentsDecorator object at 0x724c6bb941d0>, verb_extension=<colcon_core.verb.build.BuildVerb object at 0x724c6bb66fc0>, main=<bound method BuildVerb.main of <colcon_core.verb.build.BuildVerb object at 0x724c6bb66fc0>>)
[0.496s] Level 1:colcon.colcon_core.package_discovery:discover_packages(colcon_meta) check parameters
[0.496s] Level 1:colcon.colcon_core.package_discovery:discover_packages(recursive) check parameters
[0.497s] Level 1:colcon.colcon_core.package_discovery:discover_packages(ignore) check parameters
[0.497s] Level 1:colcon.colcon_core.package_discovery:discover_packages(path) check parameters
[0.497s] Level 1:colcon.colcon_core.package_discovery:discover_packages(colcon_meta) discover
[0.497s] Level 1:colcon.colcon_core.package_discovery:discover_packages(recursive) discover
[0.497s] INFO:colcon.colcon_core.package_discovery:Crawling recursively for packages in '/home/stefa/robot_mock_ws/src/my_robot_description'
[0.497s] Level 1:colcon.colcon_core.package_identification:_identify(.) by extensions ['ignore', 'ignore_ament_install']
[0.497s] Level 1:colcon.colcon_core.package_identification:_identify(.) by extension 'ignore'
[0.497s] Level 1:colcon.colcon_core.package_identification:_identify(.) by extension 'ignore_ament_install'
[0.497s] Level 1:colcon.colcon_core.package_identification:_identify(.) by extensions ['colcon_pkg']
[0.497s] Level 1:colcon.colcon_core.package_identification:_identify(.) by extension 'colcon_pkg'
[0.497s] Level 1:colcon.colcon_core.package_identification:_identify(.) by extensions ['colcon_meta']
[0.497s] Level 1:colcon.colcon_core.package_identification:_identify(.) by extension 'colcon_meta'
[0.497s] Level 1:colcon.colcon_core.package_identification:_identify(.) by extensions ['ros']
[0.497s] Level 1:colcon.colcon_core.package_identification:_identify(.) by extension 'ros'
[0.538s] DEBUG:colcon.colcon_core.package_identification:Package '.' with type 'ros.ament_cmake' and name 'my_robot_description'
[0.538s] Level 1:colcon.colcon_core.package_discovery:discover_packages(recursive) using defaults
[0.538s] Level 1:colcon.colcon_core.package_discovery:discover_packages(ignore) discover
[0.538s] Level 1:colcon.colcon_core.package_discovery:discover_packages(ignore) using defaults
[0.538s] Level 1:colcon.colcon_core.package_discovery:discover_packages(path) discover
[0.538s] Level 1:colcon.colcon_core.package_discovery:discover_packages(path) using defaults
[0.563s] Level 1:colcon.colcon_core.package_discovery:discover_packages(prefix_path) check parameters
[0.563s] Level 1:colcon.colcon_core.package_discovery:discover_packages(prefix_path) discover
[0.565s] DEBUG:colcon.colcon_installed_package_information.package_discovery:Found 3 installed packages in /home/stefa/robot_mock_ws/install
[0.569s] DEBUG:colcon.colcon_installed_package_information.package_discovery:Found 491 installed packages in /opt/ros/jazzy
[0.571s] Level 1:colcon.colcon_core.package_discovery:discover_packages(prefix_path) using defaults
[0.669s] Level 5:colcon.colcon_core.verb:set package 'my_robot_description' build argument 'cmake_args' from command line to 'None'
[0.669s] Level 5:colcon.colcon_core.verb:set package 'my_robot_description' build argument 'cmake_target' from command line to 'None'
[0.669s] Level 5:colcon.colcon_core.verb:set package 'my_robot_description' build argument 'cmake_target_skip_unavailable' from command line to 'False'
[0.669s] Level 5:colcon.colcon_core.verb:set package 'my_robot_description' build argument 'cmake_clean_cache' from command line to 'False'
[0.669s] Level 5:colcon.colcon_core.verb:set package 'my_robot_description' build argument 'cmake_clean_first' from command line to 'False'
[0.669s] Level 5:colcon.colcon_core.verb:set package 'my_robot_description' build argument 'cmake_force_configure' from command line to 'False'
[0.669s] Level 5:colcon.colcon_core.verb:set package 'my_robot_description' build argument 'ament_cmake_args' from command line to 'None'
[0.670s] Level 5:colcon.colcon_core.verb:set package 'my_robot_description' build argument 'catkin_cmake_args' from command line to 'None'
[0.670s] Level 5:colcon.colcon_core.verb:set package 'my_robot_description' build argument 'catkin_skip_building_tests' from command line to 'False'
[0.670s] DEBUG:colcon.colcon_core.verb:Building package 'my_robot_description' with the following arguments: {'ament_cmake_args': None, 'build_base': '/home/stefa/robot_mock_ws/src/my_robot_description/build/my_robot_description', 'catkin_cmake_args': None, 'catkin_skip_building_tests': False, 'cmake_args': None, 'cmake_clean_cache': False, 'cmake_clean_first': False, 'cmake_force_configure': False, 'cmake_target': None, 'cmake_target_skip_unavailable': False, 'install_base': '/home/stefa/robot_mock_ws/src/my_robot_description/install/my_robot_description', 'merge_install': False, 'path': '/home/stefa/robot_mock_ws/src/my_robot_description', 'symlink_install': False, 'test_result_base': None}
[0.670s] INFO:colcon.colcon_core.executor:Executing jobs using 'parallel' executor
[0.671s] DEBUG:colcon.colcon_parallel_executor.executor.parallel:run_until_complete
[0.672s] INFO:colcon.colcon_ros.task.ament_cmake.build:Building ROS package in '/home/stefa/robot_mock_ws/src/my_robot_description' with build type 'ament_cmake'
[0.672s] INFO:colcon.colcon_cmake.task.cmake.build:Building CMake package in '/home/stefa/robot_mock_ws/src/my_robot_description'
[0.675s] INFO:colcon.colcon_core.plugin_system:Skipping extension 'colcon_core.shell.bat': Not used on non-Windows systems
[0.675s] INFO:colcon.colcon_core.shell:Skip shell extension 'powershell' for command environment: Not usable outside of PowerShell
[0.675s] DEBUG:colcon.colcon_core.shell:Skip shell extension 'dsv' for command environment
[0.708s] DEBUG:colcon.colcon_core.event_handler.log_command:Invoking command in '/home/stefa/robot_mock_ws/src/my_robot_description/build/my_robot_description': CMAKE_PREFIX_PATH=${CMAKE_PREFIX_PATH}:/home/stefa/robot_mock_ws/install/python_tools:/home/stefa/robot_mock_ws/install/mock_sensors:/opt/ros/jazzy /usr/bin/cmake /home/stefa/robot_mock_ws/src/my_robot_description -DCMAKE_INSTALL_PREFIX=/home/stefa/robot_mock_ws/src/my_robot_description/install/my_robot_description
[7.512s] DEBUG:colcon.colcon_core.event_handler.log_command:Invoked command in '/home/stefa/robot_mock_ws/src/my_robot_description/build/my_robot_description' returned '0': CMAKE_PREFIX_PATH=${CMAKE_PREFIX_PATH}:/home/stefa/robot_mock_ws/install/python_tools:/home/stefa/robot_mock_ws/install/mock_sensors:/opt/ros/jazzy /usr/bin/cmake /home/stefa/robot_mock_ws/src/my_robot_description -DCMAKE_INSTALL_PREFIX=/home/stefa/robot_mock_ws/src/my_robot_description/install/my_robot_description
[7.515s] DEBUG:colcon.colcon_core.event_handler.log_command:Invoking command in '/home/stefa/robot_mock_ws/src/my_robot_description/build/my_robot_description': CMAKE_PREFIX_PATH=${CMAKE_PREFIX_PATH}:/home/stefa/robot_mock_ws/install/python_tools:/home/stefa/robot_mock_ws/install/mock_sensors:/opt/ros/jazzy /usr/bin/cmake --build /home/stefa/robot_mock_ws/src/my_robot_description/build/my_robot_description -- -j12 -l12
[7.600s] DEBUG:colcon.colcon_core.event_handler.log_command:Invoked command in '/home/stefa/robot_mock_ws/src/my_robot_description/build/my_robot_description' returned '0': CMAKE_PREFIX_PATH=${CMAKE_PREFIX_PATH}:/home/stefa/robot_mock_ws/install/python_tools:/home/stefa/robot_mock_ws/install/mock_sensors:/opt/ros/jazzy /usr/bin/cmake --build /home/stefa/robot_mock_ws/src/my_robot_description/build/my_robot_description -- -j12 -l12
[7.600s] WARNING:colcon.colcon_cmake.task.cmake.build:Could not run installation step for package 'my_robot_description' because it has no 'install' target
[7.601s] Level 1:colcon.colcon_core.environment:create_environment_scripts_only(my_robot_description)
[7.618s] Level 1:colcon.colcon_core.environment:checking '/home/stefa/robot_mock_ws/src/my_robot_description/install/my_robot_description' for CMake module files
[7.618s] Level 1:colcon.colcon_core.environment:checking '/home/stefa/robot_mock_ws/src/my_robot_description/install/my_robot_description' for CMake config files
[7.619s] Level 1:colcon.colcon_core.environment:checking '/home/stefa/robot_mock_ws/src/my_robot_description/install/my_robot_description/bin'
[7.619s] Level 1:colcon.colcon_core.environment:checking '/home/stefa/robot_mock_ws/src/my_robot_description/install/my_robot_description/lib/pkgconfig/my_robot_description.pc'
[7.619s] Level 1:colcon.colcon_core.environment:checking '/home/stefa/robot_mock_ws/src/my_robot_description/install/my_robot_description/lib/python3.12/site-packages'
[7.620s] Level 1:colcon.colcon_core.environment:checking '/home/stefa/robot_mock_ws/src/my_robot_description/install/my_robot_description/bin'
[7.620s] INFO:colcon.colcon_core.shell:Creating package script '/home/stefa/robot_mock_ws/src/my_robot_description/install/my_robot_description/share/my_robot_description/package.ps1'
[7.624s] INFO:colcon.colcon_core.shell:Creating package descriptor '/home/stefa/robot_mock_ws/src/my_robot_description/install/my_robot_description/share/my_robot_description/package.dsv'
[7.626s] INFO:colcon.colcon_core.shell:Creating package script '/home/stefa/robot_mock_ws/src/my_robot_description/install/my_robot_description/share/my_robot_description/package.sh'
[7.628s] INFO:colcon.colcon_core.shell:Creating package script '/home/stefa/robot_mock_ws/src/my_robot_description/install/my_robot_description/share/my_robot_description/package.bash'
[7.630s] INFO:colcon.colcon_core.shell:Creating package script '/home/stefa/robot_mock_ws/src/my_robot_description/install/my_robot_description/share/my_robot_description/package.zsh'
[7.631s] Level 1:colcon.colcon_core.environment:create_file_with_runtime_dependencies(/home/stefa/robot_mock_ws/src/my_robot_description/install/my_robot_description/share/colcon-core/packages/my_robot_description)
[7.633s] Level 1:colcon.colcon_core.environment:create_environment_scripts_only(my_robot_description)
[7.633s] Level 1:colcon.colcon_core.environment:checking '/home/stefa/robot_mock_ws/src/my_robot_description/install/my_robot_description' for CMake module files
[7.634s] Level 1:colcon.colcon_core.environment:checking '/home/stefa/robot_mock_ws/src/my_robot_description/install/my_robot_description' for CMake config files
[7.634s] Level 1:colcon.colcon_core.environment:checking '/home/stefa/robot_mock_ws/src/my_robot_description/install/my_robot_description/bin'
[7.634s] Level 1:colcon.colcon_core.environment:checking '/home/stefa/robot_mock_ws/src/my_robot_description/install/my_robot_description/lib/pkgconfig/my_robot_description.pc'
[7.635s] Level 1:colcon.colcon_core.environment:checking '/home/stefa/robot_mock_ws/src/my_robot_description/install/my_robot_description/lib/python3.12/site-packages'
[7.635s] Level 1:colcon.colcon_core.environment:checking '/home/stefa/robot_mock_ws/src/my_robot_description/install/my_robot_description/bin'
[7.635s] INFO:colcon.colcon_core.shell:Creating package script '/home/stefa/robot_mock_ws/src/my_robot_description/install/my_robot_description/share/my_robot_description/package.ps1'
[7.636s] INFO:colcon.colcon_core.shell:Creating package descriptor '/home/stefa/robot_mock_ws/src/my_robot_description/install/my_robot_description/share/my_robot_description/package.dsv'
[7.636s] INFO:colcon.colcon_core.shell:Creating package script '/home/stefa/robot_mock_ws/src/my_robot_description/install/my_robot_description/share/my_robot_description/package.sh'
[7.637s] INFO:colcon.colcon_core.shell:Creating package script '/home/stefa/robot_mock_ws/src/my_robot_description/install/my_robot_description/share/my_robot_description/package.bash'
[7.637s] INFO:colcon.colcon_core.shell:Creating package script '/home/stefa/robot_mock_ws/src/my_robot_description/install/my_robot_description/share/my_robot_description/package.zsh'
[7.638s] Level 1:colcon.colcon_core.environment:create_file_with_runtime_dependencies(/home/stefa/robot_mock_ws/src/my_robot_description/install/my_robot_description/share/colcon-core/packages/my_robot_description)
[7.638s] DEBUG:colcon.colcon_parallel_executor.executor.parallel:closing loop
[7.638s] DEBUG:colcon.colcon_parallel_executor.executor.parallel:loop closed
[7.639s] DEBUG:colcon.colcon_parallel_executor.executor.parallel:run_until_complete finished with '0'
[7.639s] DEBUG:colcon.colcon_core.event_reactor:joining thread
[7.783s] INFO:colcon.colcon_core.plugin_system:Skipping extension 'colcon_notification.desktop_notification.notify_send': Could not find 'notify-send'
[7.783s] INFO:colcon.colcon_core.plugin_system:Skipping extension 'colcon_notification.desktop_notification.terminal_notifier': Not used on non-Darwin systems
[7.783s] INFO:colcon.colcon_core.plugin_system:Skipping extension 'colcon_notification.desktop_notification.win32': Not used on non-Windows systems
[7.783s] INFO:colcon.colcon_notification.desktop_notification:Sending desktop notification using 'notify2'
[7.786s] DEBUG:colcon.colcon_notification.desktop_notification.notify2:Failed to initialize notify2: org.freedesktop.DBus.Error.ServiceUnknown: The name org.freedesktop.Notifications was not provided by any .service files
[7.786s] DEBUG:colcon.colcon_core.event_reactor:joined thread
[7.787s] INFO:colcon.colcon_core.shell:Creating prefix script '/home/stefa/robot_mock_ws/src/my_robot_description/install/local_setup.ps1'
[7.788s] INFO:colcon.colcon_core.shell:Creating prefix util module '/home/stefa/robot_mock_ws/src/my_robot_description/install/_local_setup_util_ps1.py'
[7.790s] INFO:colcon.colcon_core.shell:Creating prefix chain script '/home/stefa/robot_mock_ws/src/my_robot_description/install/setup.ps1'
[7.792s] INFO:colcon.colcon_core.shell:Creating prefix script '/home/stefa/robot_mock_ws/src/my_robot_description/install/local_setup.sh'
[7.793s] INFO:colcon.colcon_core.shell:Creating prefix util module '/home/stefa/robot_mock_ws/src/my_robot_description/install/_local_setup_util_sh.py'
[7.793s] INFO:colcon.colcon_core.shell:Creating prefix chain script '/home/stefa/robot_mock_ws/src/my_robot_description/install/setup.sh'
[7.795s] INFO:colcon.colcon_core.shell:Creating prefix script '/home/stefa/robot_mock_ws/src/my_robot_description/install/local_setup.bash'
[7.796s] INFO:colcon.colcon_core.shell:Creating prefix chain script '/home/stefa/robot_mock_ws/src/my_robot_description/install/setup.bash'
[7.797s] INFO:colcon.colcon_core.shell:Creating prefix script '/home/stefa/robot_mock_ws/src/my_robot_description/install/local_setup.zsh'
[7.798s] INFO:colcon.colcon_core.shell:Creating prefix chain script '/home/stefa/robot_mock_ws/src/my_robot_description/install/setup.zsh'
