[0.035s] Invoking command in '/home/stefa/robot_mock_ws/src/my_robot_description/build/my_robot_description': CMAKE_PREFIX_PATH=${CMAKE_PREFIX_PATH}:/home/stefa/robot_mock_ws/install/python_tools:/home/stefa/robot_mock_ws/install/mock_sensors:/opt/ros/jazzy /usr/bin/cmake /home/stefa/robot_mock_ws/src/my_robot_description -DCMAKE_INSTALL_PREFIX=/home/stefa/robot_mock_ws/src/my_robot_description/install/my_robot_description
[0.126s] [33mCMake Warning (dev) in CMakeLists.txt:
[0.126s]   No project() command is present.  The top-level CMakeLists.txt file must
[0.126s]   contain a literal, direct call to the project() command.  Add a line of
[0.126s]   code such as
[0.127s] 
[0.127s]     project(ProjectName)
[0.127s] 
[0.127s]   near the top of the file, but after cmake_minimum_required().
[0.127s] 
[0.127s]   CMake is pretending there is a "project(Project)" command on the first
[0.127s]   line.
[0.127s] This warning is for project developers.  Use -Wno-dev to suppress it.
[0.127s] [0m
[0.127s] [33mCMake Warning (dev) in CMakeLists.txt:
[0.128s]   cmake_minimum_required() should be called prior to this top-level project()
[0.128s]   call.  Please see the cmake-commands(7) manual for usage documentation of
[0.128s]   both commands.
[0.128s] This warning is for project developers.  Use -Wno-dev to suppress it.
[0.128s] [0m
[0.742s] -- The C compiler identification is GNU 13.3.0
[2.712s] -- The CXX compiler identification is GNU 13.3.0
[4.591s] -- Detecting C compiler ABI info
[5.508s] -- Detecting C compiler ABI info - done
[5.534s] -- Check for working C compiler: /usr/bin/cc - skipped
[5.535s] -- Detecting C compile features
[5.538s] -- Detecting C compile features - done
[5.852s] -- Detecting CXX compiler ABI info
[6.802s] -- Detecting CXX compiler ABI info - done
[6.820s] -- Check for working CXX compiler: /usr/bin/c++ - skipped
[6.822s] -- Detecting CXX compile features
[6.825s] -- Detecting CXX compile features - done
[6.826s] -- Configuring done (6.7s)
[6.828s] -- Generating done (0.0s)
[6.832s] -- Build files have been written to: /home/stefa/robot_mock_ws/src/my_robot_description/build/my_robot_description
[6.840s] Invoked command in '/home/stefa/robot_mock_ws/src/my_robot_description/build/my_robot_description' returned '0': CMAKE_PREFIX_PATH=${CMAKE_PREFIX_PATH}:/home/stefa/robot_mock_ws/install/python_tools:/home/stefa/robot_mock_ws/install/mock_sensors:/opt/ros/jazzy /usr/bin/cmake /home/stefa/robot_mock_ws/src/my_robot_description -DCMAKE_INSTALL_PREFIX=/home/stefa/robot_mock_ws/src/my_robot_description/install/my_robot_description
[6.843s] Invoking command in '/home/stefa/robot_mock_ws/src/my_robot_description/build/my_robot_description': CMAKE_PREFIX_PATH=${CMAKE_PREFIX_PATH}:/home/stefa/robot_mock_ws/install/python_tools:/home/stefa/robot_mock_ws/install/mock_sensors:/opt/ros/jazzy /usr/bin/cmake --build /home/stefa/robot_mock_ws/src/my_robot_description/build/my_robot_description -- -j12 -l12
[6.927s] Invoked command in '/home/stefa/robot_mock_ws/src/my_robot_description/build/my_robot_description' returned '0': CMAKE_PREFIX_PATH=${CMAKE_PREFIX_PATH}:/home/stefa/robot_mock_ws/install/python_tools:/home/stefa/robot_mock_ws/install/mock_sensors:/opt/ros/jazzy /usr/bin/cmake --build /home/stefa/robot_mock_ws/src/my_robot_description/build/my_robot_description -- -j12 -l12
