-- Found ament_cmake: 2.5.5 (/opt/ros/jazzy/share/ament_cmake/cmake)
-- Found rclcpp: 28.1.16 (/opt/ros/jazzy/share/rclcpp/cmake)
-- Found rosidl_generator_c: 4.6.7 (/opt/ros/jazzy/share/rosidl_generator_c/cmake)
-- Found rosidl_generator_cpp: 4.6.7 (/opt/ros/jazzy/share/rosidl_generator_cpp/cmake)
-- Using all available rosidl_typesupport_c: rosidl_typesupport_fastrtps_c;rosidl_typesupport_introspection_c
-- Using all available rosidl_typesupport_cpp: rosidl_typesupport_fastrtps_cpp;rosidl_typesupport_introspection_cpp
-- Found rmw_implementation_cmake: 7.3.3 (/opt/ros/jazzy/share/rmw_implementation_cmake/cmake)
-- Found rmw_fastrtps_cpp: 8.4.3 (/opt/ros/jazzy/share/rmw_fastrtps_cpp/cmake)
-- Using RMW implementation 'rmw_fastrtps_cpp' as default
-- Found std_msgs: 5.3.6 (/opt/ros/jazzy/share/std_msgs/cmake)
-- Found sensor_msgs: 5.3.6 (/opt/ros/jazzy/share/sensor_msgs/cmake)
-- Configuring done (1.7s)
-- Generating done (0.0s)
-- Build files have been written to: /home/stefa/robot_mock_ws/build/robot_brain_cpp
[100%] Built target brain_node
-- Install configuration: ""
-- Up-to-date: /home/stefa/robot_mock_ws/install/robot_brain_cpp/lib/robot_brain_cpp/brain_node
-- Up-to-date: /home/stefa/robot_mock_ws/install/robot_brain_cpp/share/ament_index/resource_index/package_run_dependencies/robot_brain_cpp
-- Up-to-date: /home/stefa/robot_mock_ws/install/robot_brain_cpp/share/ament_index/resource_index/parent_prefix_path/robot_brain_cpp
-- Up-to-date: /home/stefa/robot_mock_ws/install/robot_brain_cpp/share/robot_brain_cpp/environment/ament_prefix_path.sh
-- Up-to-date: /home/stefa/robot_mock_ws/install/robot_brain_cpp/share/robot_brain_cpp/environment/ament_prefix_path.dsv
-- Up-to-date: /home/stefa/robot_mock_ws/install/robot_brain_cpp/share/robot_brain_cpp/environment/path.sh
-- Up-to-date: /home/stefa/robot_mock_ws/install/robot_brain_cpp/share/robot_brain_cpp/environment/path.dsv
-- Up-to-date: /home/stefa/robot_mock_ws/install/robot_brain_cpp/share/robot_brain_cpp/local_setup.bash
-- Up-to-date: /home/stefa/robot_mock_ws/install/robot_brain_cpp/share/robot_brain_cpp/local_setup.sh
-- Up-to-date: /home/stefa/robot_mock_ws/install/robot_brain_cpp/share/robot_brain_cpp/local_setup.zsh
-- Up-to-date: /home/stefa/robot_mock_ws/install/robot_brain_cpp/share/robot_brain_cpp/local_setup.dsv
-- Installing: /home/stefa/robot_mock_ws/install/robot_brain_cpp/share/robot_brain_cpp/package.dsv
-- Up-to-date: /home/stefa/robot_mock_ws/install/robot_brain_cpp/share/ament_index/resource_index/packages/robot_brain_cpp
-- Up-to-date: /home/stefa/robot_mock_ws/install/robot_brain_cpp/share/robot_brain_cpp/cmake/robot_brain_cppConfig.cmake
-- Up-to-date: /home/stefa/robot_mock_ws/install/robot_brain_cpp/share/robot_brain_cpp/cmake/robot_brain_cppConfig-version.cmake
-- Up-to-date: /home/stefa/robot_mock_ws/install/robot_brain_cpp/share/robot_brain_cpp/package.xml
