[0.027s] Invoking command in '/home/stefa/robot_mock_ws/build/robot_brain_cpp': CMAKE_PREFIX_PATH=${CMAKE_PREFIX_PATH}:/opt/ros/jazzy /usr/bin/cmake --build /home/stefa/robot_mock_ws/build/robot_brain_cpp -- -j12 -l12
[0.299s] -- Found ament_cmake: 2.5.5 (/opt/ros/jazzy/share/ament_cmake/cmake)
[0.608s] -- Found rclcpp: 28.1.16 (/opt/ros/jazzy/share/rclcpp/cmake)
[0.852s] -- Found rosidl_generator_c: 4.6.7 (/opt/ros/jazzy/share/rosidl_generator_c/cmake)
[0.870s] -- Found rosidl_generator_cpp: 4.6.7 (/opt/ros/jazzy/share/rosidl_generator_cpp/cmake)
[0.898s] -- Using all available rosidl_typesupport_c: rosidl_typesupport_fastrtps_c;rosidl_typesupport_introspection_c
[0.926s] -- Using all available rosidl_typesupport_cpp: rosidl_typesupport_fastrtps_cpp;rosidl_typesupport_introspection_cpp
[1.045s] -- Found rmw_implementation_cmake: 7.3.3 (/opt/ros/jazzy/share/rmw_implementation_cmake/cmake)
[1.050s] -- Found rmw_fastrtps_cpp: 8.4.3 (/opt/ros/jazzy/share/rmw_fastrtps_cpp/cmake)
[1.416s] -- Using RMW implementation 'rmw_fastrtps_cpp' as default
[1.718s] -- Found std_msgs: 5.3.6 (/opt/ros/jazzy/share/std_msgs/cmake)
[1.747s] -- Found sensor_msgs: 5.3.6 (/opt/ros/jazzy/share/sensor_msgs/cmake)
[1.946s] -- Configuring done (1.7s)
[1.984s] -- Generating done (0.0s)
[1.991s] -- Build files have been written to: /home/stefa/robot_mock_ws/build/robot_brain_cpp
[2.130s] [100%] Built target brain_node
[2.145s] Invoked command in '/home/stefa/robot_mock_ws/build/robot_brain_cpp' returned '0': CMAKE_PREFIX_PATH=${CMAKE_PREFIX_PATH}:/opt/ros/jazzy /usr/bin/cmake --build /home/stefa/robot_mock_ws/build/robot_brain_cpp -- -j12 -l12
[2.157s] Invoking command in '/home/stefa/robot_mock_ws/build/robot_brain_cpp': CMAKE_PREFIX_PATH=${CMAKE_PREFIX_PATH}:/opt/ros/jazzy /usr/bin/cmake --install /home/stefa/robot_mock_ws/build/robot_brain_cpp
[2.167s] -- Install configuration: ""
[2.169s] -- Up-to-date: /home/stefa/robot_mock_ws/install/robot_brain_cpp/lib/robot_brain_cpp/brain_node
[2.169s] -- Up-to-date: /home/stefa/robot_mock_ws/install/robot_brain_cpp/share/ament_index/resource_index/package_run_dependencies/robot_brain_cpp
[2.170s] -- Up-to-date: /home/stefa/robot_mock_ws/install/robot_brain_cpp/share/ament_index/resource_index/parent_prefix_path/robot_brain_cpp
[2.170s] -- Up-to-date: /home/stefa/robot_mock_ws/install/robot_brain_cpp/share/robot_brain_cpp/environment/ament_prefix_path.sh
[2.170s] -- Up-to-date: /home/stefa/robot_mock_ws/install/robot_brain_cpp/share/robot_brain_cpp/environment/ament_prefix_path.dsv
[2.171s] -- Up-to-date: /home/stefa/robot_mock_ws/install/robot_brain_cpp/share/robot_brain_cpp/environment/path.sh
[2.171s] -- Up-to-date: /home/stefa/robot_mock_ws/install/robot_brain_cpp/share/robot_brain_cpp/environment/path.dsv
[2.171s] -- Up-to-date: /home/stefa/robot_mock_ws/install/robot_brain_cpp/share/robot_brain_cpp/local_setup.bash
[2.171s] -- Up-to-date: /home/stefa/robot_mock_ws/install/robot_brain_cpp/share/robot_brain_cpp/local_setup.sh
[2.171s] -- Up-to-date: /home/stefa/robot_mock_ws/install/robot_brain_cpp/share/robot_brain_cpp/local_setup.zsh
[2.172s] -- Up-to-date: /home/stefa/robot_mock_ws/install/robot_brain_cpp/share/robot_brain_cpp/local_setup.dsv
[2.172s] -- Installing: /home/stefa/robot_mock_ws/install/robot_brain_cpp/share/robot_brain_cpp/package.dsv
[2.172s] -- Up-to-date: /home/stefa/robot_mock_ws/install/robot_brain_cpp/share/ament_index/resource_index/packages/robot_brain_cpp
[2.172s] -- Up-to-date: /home/stefa/robot_mock_ws/install/robot_brain_cpp/share/robot_brain_cpp/cmake/robot_brain_cppConfig.cmake
[2.172s] -- Up-to-date: /home/stefa/robot_mock_ws/install/robot_brain_cpp/share/robot_brain_cpp/cmake/robot_brain_cppConfig-version.cmake
[2.172s] -- Up-to-date: /home/stefa/robot_mock_ws/install/robot_brain_cpp/share/robot_brain_cpp/package.xml
[2.174s] Invoked command in '/home/stefa/robot_mock_ws/build/robot_brain_cpp' returned '0': CMAKE_PREFIX_PATH=${CMAKE_PREFIX_PATH}:/opt/ros/jazzy /usr/bin/cmake --install /home/stefa/robot_mock_ws/build/robot_brain_cpp
