[0.981s] Invoking command in '/home/stefa/robot_mock_ws/src/mock_sensors': PYTHONPATH=/home/stefa/robot_mock_ws/build/mock_sensors/prefix_override:/usr/lib/python3/dist-packages/colcon_core/task/python/colcon_distutils_commands:/home/stefa/robot_mock_ws/install/mock_sensors/lib/python3.12/site-packages:${PYTHONPATH} /usr/bin/python3 -W ignore:setup.py install is deprecated -W ignore:easy_install command is deprecated setup.py egg_info --egg-base ../../build/mock_sensors build --build-base /home/stefa/robot_mock_ws/build/mock_sensors/build install --record /home/stefa/robot_mock_ws/build/mock_sensors/install.log --single-version-externally-managed install_data
[1.261s] running egg_info
[1.283s] writing ../../build/mock_sensors/mock_sensors.egg-info/PKG-INFO
[1.284s] writing dependency_links to ../../build/mock_sensors/mock_sensors.egg-info/dependency_links.txt
[1.284s] writing entry points to ../../build/mock_sensors/mock_sensors.egg-info/entry_points.txt
[1.285s] writing requirements to ../../build/mock_sensors/mock_sensors.egg-info/requires.txt
[1.285s] writing top-level names to ../../build/mock_sensors/mock_sensors.egg-info/top_level.txt
[1.327s] reading manifest file '../../build/mock_sensors/mock_sensors.egg-info/SOURCES.txt'
[1.328s] writing manifest file '../../build/mock_sensors/mock_sensors.egg-info/SOURCES.txt'
[1.329s] running build
[1.329s] running build_py
[1.329s] copying mock_sensors/mock_imu.py -> /home/stefa/robot_mock_ws/build/mock_sensors/build/lib/mock_sensors
[1.330s] running install
[1.336s] running install_lib
[1.356s] copying /home/stefa/robot_mock_ws/build/mock_sensors/build/lib/mock_sensors/mock_imu.py -> /home/stefa/robot_mock_ws/install/mock_sensors/lib/python3.12/site-packages/mock_sensors
[1.357s] byte-compiling /home/stefa/robot_mock_ws/install/mock_sensors/lib/python3.12/site-packages/mock_sensors/mock_imu.py to mock_imu.cpython-312.pyc
[1.358s] running install_data
[1.358s] running install_egg_info
[1.380s] removing '/home/stefa/robot_mock_ws/install/mock_sensors/lib/python3.12/site-packages/mock_sensors-0.0.0-py3.12.egg-info' (and everything under it)
[1.381s] Copying ../../build/mock_sensors/mock_sensors.egg-info to /home/stefa/robot_mock_ws/install/mock_sensors/lib/python3.12/site-packages/mock_sensors-0.0.0-py3.12.egg-info
[1.382s] running install_scripts
[1.524s] Installing mock_imu script to /home/stefa/robot_mock_ws/install/mock_sensors/lib/mock_sensors
[1.524s] writing list of installed files to '/home/stefa/robot_mock_ws/build/mock_sensors/install.log'
[1.555s] Invoked command in '/home/stefa/robot_mock_ws/src/mock_sensors' returned '0': PYTHONPATH=/home/stefa/robot_mock_ws/build/mock_sensors/prefix_override:/usr/lib/python3/dist-packages/colcon_core/task/python/colcon_distutils_commands:/home/stefa/robot_mock_ws/install/mock_sensors/lib/python3.12/site-packages:${PYTHONPATH} /usr/bin/python3 -W ignore:setup.py install is deprecated -W ignore:easy_install command is deprecated setup.py egg_info --egg-base ../../build/mock_sensors build --build-base /home/stefa/robot_mock_ws/build/mock_sensors/build install --record /home/stefa/robot_mock_ws/build/mock_sensors/install.log --single-version-externally-managed install_data
