[0.416s] DEBUG:colcon:Command line arguments: ['/usr/bin/colcon', 'build']
[0.416s] DEBUG:colcon:Parsed command line arguments: Namespace(log_base=None, log_level=None, verb_name='build', build_base='build', install_base='install', merge_install=False, symlink_install=False, test_result_base=None, continue_on_error=False, executor='parallel', parallel_workers=12, event_handlers=None, ignore_user_meta=False, metas=['./colcon.meta'], base_paths=['.'], packages_ignore=None, packages_ignore_regex=None, paths=None, packages_up_to=None, packages_up_to_regex=None, packages_above=None, packages_above_and_dependencies=None, packages_above_depth=None, packages_select_by_dep=None, packages_skip_by_dep=None, packages_skip_up_to=None, packages_select_build_failed=False, packages_skip_build_finished=False, packages_select_test_failures=False, packages_skip_test_passed=False, packages_select=None, packages_skip=None, packages_select_regex=None, packages_skip_regex=None, packages_start=None, packages_end=None, allow_overriding=[], cmake_args=None, cmake_target=None, cmake_target_skip_unavailable=False, cmake_clean_cache=False, cmake_clean_first=False, cmake_force_configure=False, ament_cmake_args=None, catkin_cmake_args=None, catkin_skip_building_tests=False, verb_parser=<colcon_defaults.argument_parser.defaults.DefaultArgumentsDecorator object at 0x7470bfd3a0f0>, verb_extension=<colcon_core.verb.build.BuildVerb object at 0x7470bfd39bb0>, main=<bound method BuildVerb.main of <colcon_core.verb.build.BuildVerb object at 0x7470bfd39bb0>>)
[0.513s] Level 1:colcon.colcon_core.package_discovery:discover_packages(colcon_meta) check parameters
[0.514s] Level 1:colcon.colcon_core.package_discovery:discover_packages(recursive) check parameters
[0.514s] Level 1:colcon.colcon_core.package_discovery:discover_packages(ignore) check parameters
[0.514s] Level 1:colcon.colcon_core.package_discovery:discover_packages(path) check parameters
[0.514s] Level 1:colcon.colcon_core.package_discovery:discover_packages(colcon_meta) discover
[0.514s] Level 1:colcon.colcon_core.package_discovery:discover_packages(recursive) discover
[0.514s] INFO:colcon.colcon_core.package_discovery:Crawling recursively for packages in '/home/stefa/robot_mock_ws'
[0.514s] Level 1:colcon.colcon_core.package_identification:_identify(.) by extensions ['ignore', 'ignore_ament_install']
[0.514s] Level 1:colcon.colcon_core.package_identification:_identify(.) by extension 'ignore'
[0.514s] Level 1:colcon.colcon_core.package_identification:_identify(.) by extension 'ignore_ament_install'
[0.514s] Level 1:colcon.colcon_core.package_identification:_identify(.) by extensions ['colcon_pkg']
[0.514s] Level 1:colcon.colcon_core.package_identification:_identify(.) by extension 'colcon_pkg'
[0.514s] Level 1:colcon.colcon_core.package_identification:_identify(.) by extensions ['colcon_meta']
[0.514s] Level 1:colcon.colcon_core.package_identification:_identify(.) by extension 'colcon_meta'
[0.514s] Level 1:colcon.colcon_core.package_identification:_identify(.) by extensions ['ros']
[0.514s] Level 1:colcon.colcon_core.package_identification:_identify(.) by extension 'ros'
[0.560s] Level 1:colcon.colcon_core.package_identification:_identify(.) by extensions ['cmake', 'python']
[0.560s] Level 1:colcon.colcon_core.package_identification:_identify(.) by extension 'cmake'
[0.560s] Level 1:colcon.colcon_core.package_identification:_identify(.) by extension 'python'
[0.560s] Level 1:colcon.colcon_core.package_identification:_identify(.) by extensions ['python_setup_py']
[0.560s] Level 1:colcon.colcon_core.package_identification:_identify(.) by extension 'python_setup_py'
[0.561s] Level 1:colcon.colcon_core.package_identification:_identify(build) by extensions ['ignore', 'ignore_ament_install']
[0.561s] Level 1:colcon.colcon_core.package_identification:_identify(build) by extension 'ignore'
[0.561s] Level 1:colcon.colcon_core.package_identification:_identify(build) ignored
[0.562s] Level 1:colcon.colcon_core.package_identification:_identify(install) by extensions ['ignore', 'ignore_ament_install']
[0.562s] Level 1:colcon.colcon_core.package_identification:_identify(install) by extension 'ignore'
[0.562s] Level 1:colcon.colcon_core.package_identification:_identify(install) ignored
[0.562s] Level 1:colcon.colcon_core.package_identification:_identify(log) by extensions ['ignore', 'ignore_ament_install']
[0.562s] Level 1:colcon.colcon_core.package_identification:_identify(log) by extension 'ignore'
[0.562s] Level 1:colcon.colcon_core.package_identification:_identify(log) ignored
[0.562s] Level 1:colcon.colcon_core.package_identification:_identify(src) by extensions ['ignore', 'ignore_ament_install']
[0.562s] Level 1:colcon.colcon_core.package_identification:_identify(src) by extension 'ignore'
[0.562s] Level 1:colcon.colcon_core.package_identification:_identify(src) by extension 'ignore_ament_install'
[0.562s] Level 1:colcon.colcon_core.package_identification:_identify(src) by extensions ['colcon_pkg']
[0.562s] Level 1:colcon.colcon_core.package_identification:_identify(src) by extension 'colcon_pkg'
[0.562s] Level 1:colcon.colcon_core.package_identification:_identify(src) by extensions ['colcon_meta']
[0.562s] Level 1:colcon.colcon_core.package_identification:_identify(src) by extension 'colcon_meta'
[0.563s] Level 1:colcon.colcon_core.package_identification:_identify(src) by extensions ['ros']
[0.563s] Level 1:colcon.colcon_core.package_identification:_identify(src) by extension 'ros'
[0.563s] Level 1:colcon.colcon_core.package_identification:_identify(src) by extensions ['cmake', 'python']
[0.563s] Level 1:colcon.colcon_core.package_identification:_identify(src) by extension 'cmake'
[0.563s] Level 1:colcon.colcon_core.package_identification:_identify(src) by extension 'python'
[0.563s] Level 1:colcon.colcon_core.package_identification:_identify(src) by extensions ['python_setup_py']
[0.563s] Level 1:colcon.colcon_core.package_identification:_identify(src) by extension 'python_setup_py'
[0.563s] Level 1:colcon.colcon_core.package_identification:_identify(src/mock_sensors) by extensions ['ignore', 'ignore_ament_install']
[0.563s] Level 1:colcon.colcon_core.package_identification:_identify(src/mock_sensors) by extension 'ignore'
[0.563s] Level 1:colcon.colcon_core.package_identification:_identify(src/mock_sensors) by extension 'ignore_ament_install'
[0.563s] Level 1:colcon.colcon_core.package_identification:_identify(src/mock_sensors) by extensions ['colcon_pkg']
[0.563s] Level 1:colcon.colcon_core.package_identification:_identify(src/mock_sensors) by extension 'colcon_pkg'
[0.563s] Level 1:colcon.colcon_core.package_identification:_identify(src/mock_sensors) by extensions ['colcon_meta']
[0.563s] Level 1:colcon.colcon_core.package_identification:_identify(src/mock_sensors) by extension 'colcon_meta'
[0.563s] Level 1:colcon.colcon_core.package_identification:_identify(src/mock_sensors) by extensions ['ros']
[0.563s] Level 1:colcon.colcon_core.package_identification:_identify(src/mock_sensors) by extension 'ros'
[0.569s] DEBUG:colcon.colcon_core.package_identification:Package 'src/mock_sensors' with type 'ros.ament_python' and name 'mock_sensors'
[0.569s] Level 1:colcon.colcon_core.package_identification:_identify(src/python_tools) by extensions ['ignore', 'ignore_ament_install']
[0.569s] Level 1:colcon.colcon_core.package_identification:_identify(src/python_tools) by extension 'ignore'
[0.569s] Level 1:colcon.colcon_core.package_identification:_identify(src/python_tools) by extension 'ignore_ament_install'
[0.569s] Level 1:colcon.colcon_core.package_identification:_identify(src/python_tools) by extensions ['colcon_pkg']
[0.569s] Level 1:colcon.colcon_core.package_identification:_identify(src/python_tools) by extension 'colcon_pkg'
[0.569s] Level 1:colcon.colcon_core.package_identification:_identify(src/python_tools) by extensions ['colcon_meta']
[0.569s] Level 1:colcon.colcon_core.package_identification:_identify(src/python_tools) by extension 'colcon_meta'
[0.570s] Level 1:colcon.colcon_core.package_identification:_identify(src/python_tools) by extensions ['ros']
[0.570s] Level 1:colcon.colcon_core.package_identification:_identify(src/python_tools) by extension 'ros'
[0.570s] Level 1:colcon.colcon_core.package_identification:_identify(src/python_tools) by extensions ['cmake', 'python']
[0.570s] Level 1:colcon.colcon_core.package_identification:_identify(src/python_tools) by extension 'cmake'
[0.570s] Level 1:colcon.colcon_core.package_identification:_identify(src/python_tools) by extension 'python'
[0.570s] Level 1:colcon.colcon_core.package_identification:_identify(src/python_tools) by extensions ['python_setup_py']
[0.570s] Level 1:colcon.colcon_core.package_identification:_identify(src/python_tools) by extension 'python_setup_py'
[0.570s] Level 1:colcon.colcon_core.package_identification:_identify(src/robot_brain_cpp) by extensions ['ignore', 'ignore_ament_install']
[0.570s] Level 1:colcon.colcon_core.package_identification:_identify(src/robot_brain_cpp) by extension 'ignore'
[0.570s] Level 1:colcon.colcon_core.package_identification:_identify(src/robot_brain_cpp) by extension 'ignore_ament_install'
[0.570s] Level 1:colcon.colcon_core.package_identification:_identify(src/robot_brain_cpp) by extensions ['colcon_pkg']
[0.570s] Level 1:colcon.colcon_core.package_identification:_identify(src/robot_brain_cpp) by extension 'colcon_pkg'
[0.570s] Level 1:colcon.colcon_core.package_identification:_identify(src/robot_brain_cpp) by extensions ['colcon_meta']
[0.570s] Level 1:colcon.colcon_core.package_identification:_identify(src/robot_brain_cpp) by extension 'colcon_meta'
[0.570s] Level 1:colcon.colcon_core.package_identification:_identify(src/robot_brain_cpp) by extensions ['ros']
[0.570s] Level 1:colcon.colcon_core.package_identification:_identify(src/robot_brain_cpp) by extension 'ros'
[0.571s] DEBUG:colcon.colcon_core.package_identification:Package 'src/robot_brain_cpp' with type 'ros.ament_cmake' and name 'robot_brain_cpp'
[0.572s] Level 1:colcon.colcon_core.package_discovery:discover_packages(recursive) using defaults
[0.572s] Level 1:colcon.colcon_core.package_discovery:discover_packages(ignore) discover
[0.572s] Level 1:colcon.colcon_core.package_discovery:discover_packages(ignore) using defaults
[0.572s] Level 1:colcon.colcon_core.package_discovery:discover_packages(path) discover
[0.572s] Level 1:colcon.colcon_core.package_discovery:discover_packages(path) using defaults
[0.614s] Level 1:colcon.colcon_core.package_discovery:discover_packages(prefix_path) check parameters
[0.614s] Level 1:colcon.colcon_core.package_discovery:discover_packages(prefix_path) discover
[0.621s] DEBUG:colcon.colcon_installed_package_information.package_discovery:Found 2 installed packages in /home/stefa/robot_mock_ws/install
[0.622s] DEBUG:colcon.colcon_installed_package_information.package_discovery:Found 286 installed packages in /opt/ros/jazzy
[0.623s] Level 1:colcon.colcon_core.package_discovery:discover_packages(prefix_path) using defaults
[0.743s] Level 5:colcon.colcon_core.verb:set package 'mock_sensors' build argument 'cmake_args' from command line to 'None'
[0.743s] Level 5:colcon.colcon_core.verb:set package 'mock_sensors' build argument 'cmake_target' from command line to 'None'
[0.743s] Level 5:colcon.colcon_core.verb:set package 'mock_sensors' build argument 'cmake_target_skip_unavailable' from command line to 'False'
[0.743s] Level 5:colcon.colcon_core.verb:set package 'mock_sensors' build argument 'cmake_clean_cache' from command line to 'False'
[0.743s] Level 5:colcon.colcon_core.verb:set package 'mock_sensors' build argument 'cmake_clean_first' from command line to 'False'
[0.743s] Level 5:colcon.colcon_core.verb:set package 'mock_sensors' build argument 'cmake_force_configure' from command line to 'False'
[0.743s] Level 5:colcon.colcon_core.verb:set package 'mock_sensors' build argument 'ament_cmake_args' from command line to 'None'
[0.743s] Level 5:colcon.colcon_core.verb:set package 'mock_sensors' build argument 'catkin_cmake_args' from command line to 'None'
[0.743s] Level 5:colcon.colcon_core.verb:set package 'mock_sensors' build argument 'catkin_skip_building_tests' from command line to 'False'
[0.743s] DEBUG:colcon.colcon_core.verb:Building package 'mock_sensors' with the following arguments: {'ament_cmake_args': None, 'build_base': '/home/stefa/robot_mock_ws/build/mock_sensors', 'catkin_cmake_args': None, 'catkin_skip_building_tests': False, 'cmake_args': None, 'cmake_clean_cache': False, 'cmake_clean_first': False, 'cmake_force_configure': False, 'cmake_target': None, 'cmake_target_skip_unavailable': False, 'install_base': '/home/stefa/robot_mock_ws/install/mock_sensors', 'merge_install': False, 'path': '/home/stefa/robot_mock_ws/src/mock_sensors', 'symlink_install': False, 'test_result_base': None}
[0.743s] Level 5:colcon.colcon_core.verb:set package 'robot_brain_cpp' build argument 'cmake_args' from command line to 'None'
[0.743s] Level 5:colcon.colcon_core.verb:set package 'robot_brain_cpp' build argument 'cmake_target' from command line to 'None'
[0.743s] Level 5:colcon.colcon_core.verb:set package 'robot_brain_cpp' build argument 'cmake_target_skip_unavailable' from command line to 'False'
[0.743s] Level 5:colcon.colcon_core.verb:set package 'robot_brain_cpp' build argument 'cmake_clean_cache' from command line to 'False'
[0.743s] Level 5:colcon.colcon_core.verb:set package 'robot_brain_cpp' build argument 'cmake_clean_first' from command line to 'False'
[0.743s] Level 5:colcon.colcon_core.verb:set package 'robot_brain_cpp' build argument 'cmake_force_configure' from command line to 'False'
[0.743s] Level 5:colcon.colcon_core.verb:set package 'robot_brain_cpp' build argument 'ament_cmake_args' from command line to 'None'
[0.743s] Level 5:colcon.colcon_core.verb:set package 'robot_brain_cpp' build argument 'catkin_cmake_args' from command line to 'None'
[0.744s] Level 5:colcon.colcon_core.verb:set package 'robot_brain_cpp' build argument 'catkin_skip_building_tests' from command line to 'False'
[0.744s] DEBUG:colcon.colcon_core.verb:Building package 'robot_brain_cpp' with the following arguments: {'ament_cmake_args': None, 'build_base': '/home/stefa/robot_mock_ws/build/robot_brain_cpp', 'catkin_cmake_args': None, 'catkin_skip_building_tests': False, 'cmake_args': None, 'cmake_clean_cache': False, 'cmake_clean_first': False, 'cmake_force_configure': False, 'cmake_target': None, 'cmake_target_skip_unavailable': False, 'install_base': '/home/stefa/robot_mock_ws/install/robot_brain_cpp', 'merge_install': False, 'path': '/home/stefa/robot_mock_ws/src/robot_brain_cpp', 'symlink_install': False, 'test_result_base': None}
[0.744s] INFO:colcon.colcon_core.executor:Executing jobs using 'parallel' executor
[0.745s] DEBUG:colcon.colcon_parallel_executor.executor.parallel:run_until_complete
[0.745s] INFO:colcon.colcon_ros.task.ament_python.build:Building ROS package in '/home/stefa/robot_mock_ws/src/mock_sensors' with build type 'ament_python'
[0.745s] Level 1:colcon.colcon_core.shell:create_environment_hook('mock_sensors', 'ament_prefix_path')
[0.753s] INFO:colcon.colcon_core.plugin_system:Skipping extension 'colcon_core.shell.bat': Not used on non-Windows systems
[0.754s] INFO:colcon.colcon_core.shell:Creating environment hook '/home/stefa/robot_mock_ws/install/mock_sensors/share/mock_sensors/hook/ament_prefix_path.ps1'
[0.755s] INFO:colcon.colcon_core.shell:Creating environment descriptor '/home/stefa/robot_mock_ws/install/mock_sensors/share/mock_sensors/hook/ament_prefix_path.dsv'
[0.756s] INFO:colcon.colcon_core.shell:Creating environment hook '/home/stefa/robot_mock_ws/install/mock_sensors/share/mock_sensors/hook/ament_prefix_path.sh'
[0.757s] INFO:colcon.colcon_core.shell:Skip shell extension 'powershell' for command environment: Not usable outside of PowerShell
[0.757s] DEBUG:colcon.colcon_core.shell:Skip shell extension 'dsv' for command environment
[0.762s] INFO:colcon.colcon_ros.task.ament_cmake.build:Building ROS package in '/home/stefa/robot_mock_ws/src/robot_brain_cpp' with build type 'ament_cmake'
[0.762s] INFO:colcon.colcon_cmake.task.cmake.build:Building CMake package in '/home/stefa/robot_mock_ws/src/robot_brain_cpp'
[0.762s] INFO:colcon.colcon_core.shell:Skip shell extension 'powershell' for command environment: Not usable outside of PowerShell
[0.763s] DEBUG:colcon.colcon_core.shell:Skip shell extension 'dsv' for command environment
[0.998s] INFO:colcon.colcon_core.task.python.build:Building Python package in '/home/stefa/robot_mock_ws/src/mock_sensors'
[0.998s] INFO:colcon.colcon_core.shell:Skip shell extension 'powershell' for command environment: Not usable outside of PowerShell
[0.998s] DEBUG:colcon.colcon_core.shell:Skip shell extension 'dsv' for command environment
[1.007s] DEBUG:colcon.colcon_core.event_handler.log_command:Invoking command in '/home/stefa/robot_mock_ws/build/robot_brain_cpp': CMAKE_PREFIX_PATH=${CMAKE_PREFIX_PATH}:/home/stefa/robot_mock_ws/install/mock_sensors:/opt/ros/jazzy /usr/bin/cmake --build /home/stefa/robot_mock_ws/build/robot_brain_cpp -- -j12 -l12
[0.710s] DEBUG:colcon.colcon_core.event_handler.log_command:Invoked command in '/home/stefa/robot_mock_ws/build/robot_brain_cpp' returned '0': CMAKE_PREFIX_PATH=${CMAKE_PREFIX_PATH}:/home/stefa/robot_mock_ws/install/mock_sensors:/opt/ros/jazzy /usr/bin/cmake --build /home/stefa/robot_mock_ws/build/robot_brain_cpp -- -j12 -l12
[0.726s] DEBUG:colcon.colcon_core.event_handler.log_command:Invoking command in '/home/stefa/robot_mock_ws/build/robot_brain_cpp': CMAKE_PREFIX_PATH=${CMAKE_PREFIX_PATH}:/home/stefa/robot_mock_ws/install/mock_sensors:/opt/ros/jazzy /usr/bin/cmake --install /home/stefa/robot_mock_ws/build/robot_brain_cpp
[0.743s] Level 1:colcon.colcon_core.environment:create_environment_scripts_only(robot_brain_cpp)
[0.744s] DEBUG:colcon.colcon_core.event_handler.log_command:Invoked command in '/home/stefa/robot_mock_ws/build/robot_brain_cpp' returned '0': CMAKE_PREFIX_PATH=${CMAKE_PREFIX_PATH}:/home/stefa/robot_mock_ws/install/mock_sensors:/opt/ros/jazzy /usr/bin/cmake --install /home/stefa/robot_mock_ws/build/robot_brain_cpp
[0.754s] Level 1:colcon.colcon_core.environment:checking '/home/stefa/robot_mock_ws/install/robot_brain_cpp' for CMake module files
[0.755s] Level 1:colcon.colcon_core.environment:checking '/home/stefa/robot_mock_ws/install/robot_brain_cpp' for CMake config files
[0.759s] Level 1:colcon.colcon_core.shell:create_environment_hook('robot_brain_cpp', 'cmake_prefix_path')
[0.759s] INFO:colcon.colcon_core.shell:Creating environment hook '/home/stefa/robot_mock_ws/install/robot_brain_cpp/share/robot_brain_cpp/hook/cmake_prefix_path.ps1'
[0.759s] INFO:colcon.colcon_core.shell:Creating environment descriptor '/home/stefa/robot_mock_ws/install/robot_brain_cpp/share/robot_brain_cpp/hook/cmake_prefix_path.dsv'
[0.760s] INFO:colcon.colcon_core.shell:Creating environment hook '/home/stefa/robot_mock_ws/install/robot_brain_cpp/share/robot_brain_cpp/hook/cmake_prefix_path.sh'
[0.761s] Level 1:colcon.colcon_core.environment:checking '/home/stefa/robot_mock_ws/install/robot_brain_cpp/lib'
[0.761s] Level 1:colcon.colcon_core.environment:checking '/home/stefa/robot_mock_ws/install/robot_brain_cpp/bin'
[0.761s] Level 1:colcon.colcon_core.environment:checking '/home/stefa/robot_mock_ws/install/robot_brain_cpp/lib/pkgconfig/robot_brain_cpp.pc'
[0.761s] Level 1:colcon.colcon_core.environment:checking '/home/stefa/robot_mock_ws/install/robot_brain_cpp/lib/python3.12/site-packages'
[0.762s] Level 1:colcon.colcon_core.environment:checking '/home/stefa/robot_mock_ws/install/robot_brain_cpp/bin'
[0.762s] INFO:colcon.colcon_core.shell:Creating package script '/home/stefa/robot_mock_ws/install/robot_brain_cpp/share/robot_brain_cpp/package.ps1'
[0.763s] INFO:colcon.colcon_core.shell:Creating package descriptor '/home/stefa/robot_mock_ws/install/robot_brain_cpp/share/robot_brain_cpp/package.dsv'
[0.765s] INFO:colcon.colcon_core.shell:Creating package script '/home/stefa/robot_mock_ws/install/robot_brain_cpp/share/robot_brain_cpp/package.sh'
[0.766s] INFO:colcon.colcon_core.shell:Creating package script '/home/stefa/robot_mock_ws/install/robot_brain_cpp/share/robot_brain_cpp/package.bash'
[0.767s] INFO:colcon.colcon_core.shell:Creating package script '/home/stefa/robot_mock_ws/install/robot_brain_cpp/share/robot_brain_cpp/package.zsh'
[0.768s] Level 1:colcon.colcon_core.environment:create_file_with_runtime_dependencies(/home/stefa/robot_mock_ws/install/robot_brain_cpp/share/colcon-core/packages/robot_brain_cpp)
[0.769s] Level 1:colcon.colcon_core.environment:create_environment_scripts_only(robot_brain_cpp)
[0.769s] Level 1:colcon.colcon_core.environment:checking '/home/stefa/robot_mock_ws/install/robot_brain_cpp' for CMake module files
[0.769s] Level 1:colcon.colcon_core.environment:checking '/home/stefa/robot_mock_ws/install/robot_brain_cpp' for CMake config files
[0.770s] Level 1:colcon.colcon_core.shell:create_environment_hook('robot_brain_cpp', 'cmake_prefix_path')
[0.770s] INFO:colcon.colcon_core.shell:Creating environment hook '/home/stefa/robot_mock_ws/install/robot_brain_cpp/share/robot_brain_cpp/hook/cmake_prefix_path.ps1'
[0.770s] INFO:colcon.colcon_core.shell:Creating environment descriptor '/home/stefa/robot_mock_ws/install/robot_brain_cpp/share/robot_brain_cpp/hook/cmake_prefix_path.dsv'
[0.770s] INFO:colcon.colcon_core.shell:Creating environment hook '/home/stefa/robot_mock_ws/install/robot_brain_cpp/share/robot_brain_cpp/hook/cmake_prefix_path.sh'
[0.771s] Level 1:colcon.colcon_core.environment:checking '/home/stefa/robot_mock_ws/install/robot_brain_cpp/lib'
[0.771s] Level 1:colcon.colcon_core.environment:checking '/home/stefa/robot_mock_ws/install/robot_brain_cpp/bin'
[0.771s] Level 1:colcon.colcon_core.environment:checking '/home/stefa/robot_mock_ws/install/robot_brain_cpp/lib/pkgconfig/robot_brain_cpp.pc'
[0.771s] Level 1:colcon.colcon_core.environment:checking '/home/stefa/robot_mock_ws/install/robot_brain_cpp/lib/python3.12/site-packages'
[0.772s] Level 1:colcon.colcon_core.environment:checking '/home/stefa/robot_mock_ws/install/robot_brain_cpp/bin'
[0.772s] INFO:colcon.colcon_core.shell:Creating package script '/home/stefa/robot_mock_ws/install/robot_brain_cpp/share/robot_brain_cpp/package.ps1'
[0.773s] INFO:colcon.colcon_core.shell:Creating package descriptor '/home/stefa/robot_mock_ws/install/robot_brain_cpp/share/robot_brain_cpp/package.dsv'
[0.773s] INFO:colcon.colcon_core.shell:Creating package script '/home/stefa/robot_mock_ws/install/robot_brain_cpp/share/robot_brain_cpp/package.sh'
[0.774s] INFO:colcon.colcon_core.shell:Creating package script '/home/stefa/robot_mock_ws/install/robot_brain_cpp/share/robot_brain_cpp/package.bash'
[0.774s] INFO:colcon.colcon_core.shell:Creating package script '/home/stefa/robot_mock_ws/install/robot_brain_cpp/share/robot_brain_cpp/package.zsh'
[0.774s] Level 1:colcon.colcon_core.environment:create_file_with_runtime_dependencies(/home/stefa/robot_mock_ws/install/robot_brain_cpp/share/colcon-core/packages/robot_brain_cpp)
[1.538s] DEBUG:colcon.colcon_core.event_handler.log_command:Invoking command in '/home/stefa/robot_mock_ws/src/mock_sensors': PYTHONPATH=/home/stefa/robot_mock_ws/build/mock_sensors/prefix_override:/usr/lib/python3/dist-packages/colcon_core/task/python/colcon_distutils_commands:/home/stefa/robot_mock_ws/install/mock_sensors/lib/python3.12/site-packages:${PYTHONPATH} /usr/bin/python3 -W ignore:setup.py install is deprecated -W ignore:easy_install command is deprecated setup.py egg_info --egg-base ../../build/mock_sensors build --build-base /home/stefa/robot_mock_ws/build/mock_sensors/build install --record /home/stefa/robot_mock_ws/build/mock_sensors/install.log --single-version-externally-managed install_data
[2.092s] Level 1:colcon.colcon_core.environment:checking '/home/stefa/robot_mock_ws/install/mock_sensors' for CMake module files
[2.093s] DEBUG:colcon.colcon_core.event_handler.log_command:Invoked command in '/home/stefa/robot_mock_ws/src/mock_sensors' returned '0': PYTHONPATH=/home/stefa/robot_mock_ws/build/mock_sensors/prefix_override:/usr/lib/python3/dist-packages/colcon_core/task/python/colcon_distutils_commands:/home/stefa/robot_mock_ws/install/mock_sensors/lib/python3.12/site-packages:${PYTHONPATH} /usr/bin/python3 -W ignore:setup.py install is deprecated -W ignore:easy_install command is deprecated setup.py egg_info --egg-base ../../build/mock_sensors build --build-base /home/stefa/robot_mock_ws/build/mock_sensors/build install --record /home/stefa/robot_mock_ws/build/mock_sensors/install.log --single-version-externally-managed install_data
[2.094s] Level 1:colcon.colcon_core.environment:checking '/home/stefa/robot_mock_ws/install/mock_sensors' for CMake config files
[2.099s] Level 1:colcon.colcon_core.environment:checking '/home/stefa/robot_mock_ws/install/mock_sensors/lib'
[2.099s] Level 1:colcon.colcon_core.environment:checking '/home/stefa/robot_mock_ws/install/mock_sensors/bin'
[2.099s] Level 1:colcon.colcon_core.environment:checking '/home/stefa/robot_mock_ws/install/mock_sensors/lib/pkgconfig/mock_sensors.pc'
[2.099s] Level 1:colcon.colcon_core.environment:checking '/home/stefa/robot_mock_ws/install/mock_sensors/lib/python3.12/site-packages'
[2.099s] Level 1:colcon.colcon_core.shell:create_environment_hook('mock_sensors', 'pythonpath')
[2.099s] INFO:colcon.colcon_core.shell:Creating environment hook '/home/stefa/robot_mock_ws/install/mock_sensors/share/mock_sensors/hook/pythonpath.ps1'
[2.100s] INFO:colcon.colcon_core.shell:Creating environment descriptor '/home/stefa/robot_mock_ws/install/mock_sensors/share/mock_sensors/hook/pythonpath.dsv'
[2.100s] INFO:colcon.colcon_core.shell:Creating environment hook '/home/stefa/robot_mock_ws/install/mock_sensors/share/mock_sensors/hook/pythonpath.sh'
[2.101s] Level 1:colcon.colcon_core.environment:checking '/home/stefa/robot_mock_ws/install/mock_sensors/bin'
[2.101s] Level 1:colcon.colcon_core.environment:create_environment_scripts_only(mock_sensors)
[2.101s] INFO:colcon.colcon_core.shell:Creating package script '/home/stefa/robot_mock_ws/install/mock_sensors/share/mock_sensors/package.ps1'
[2.101s] INFO:colcon.colcon_core.shell:Creating package descriptor '/home/stefa/robot_mock_ws/install/mock_sensors/share/mock_sensors/package.dsv'
[2.102s] INFO:colcon.colcon_core.shell:Creating package script '/home/stefa/robot_mock_ws/install/mock_sensors/share/mock_sensors/package.sh'
[2.102s] INFO:colcon.colcon_core.shell:Creating package script '/home/stefa/robot_mock_ws/install/mock_sensors/share/mock_sensors/package.bash'
[2.103s] INFO:colcon.colcon_core.shell:Creating package script '/home/stefa/robot_mock_ws/install/mock_sensors/share/mock_sensors/package.zsh'
[2.103s] Level 1:colcon.colcon_core.environment:create_file_with_runtime_dependencies(/home/stefa/robot_mock_ws/install/mock_sensors/share/colcon-core/packages/mock_sensors)
[2.103s] DEBUG:colcon.colcon_parallel_executor.executor.parallel:closing loop
[2.104s] DEBUG:colcon.colcon_parallel_executor.executor.parallel:loop closed
[2.105s] DEBUG:colcon.colcon_parallel_executor.executor.parallel:run_until_complete finished with '0'
[2.105s] DEBUG:colcon.colcon_core.event_reactor:joining thread
[2.193s] INFO:colcon.colcon_core.plugin_system:Skipping extension 'colcon_notification.desktop_notification.notify_send': Could not find 'notify-send'
[2.193s] INFO:colcon.colcon_core.plugin_system:Skipping extension 'colcon_notification.desktop_notification.terminal_notifier': Not used on non-Darwin systems
[2.193s] INFO:colcon.colcon_core.plugin_system:Skipping extension 'colcon_notification.desktop_notification.win32': Not used on non-Windows systems
[2.193s] INFO:colcon.colcon_notification.desktop_notification:Sending desktop notification using 'notify2'
[2.195s] DEBUG:colcon.colcon_notification.desktop_notification.notify2:Failed to initialize notify2: org.freedesktop.DBus.Error.ServiceUnknown: The name org.freedesktop.Notifications was not provided by any .service files
[2.195s] DEBUG:colcon.colcon_core.event_reactor:joined thread
[2.195s] INFO:colcon.colcon_core.shell:Creating prefix script '/home/stefa/robot_mock_ws/install/local_setup.ps1'
[2.197s] INFO:colcon.colcon_core.shell:Creating prefix util module '/home/stefa/robot_mock_ws/install/_local_setup_util_ps1.py'
[2.198s] INFO:colcon.colcon_core.shell:Creating prefix chain script '/home/stefa/robot_mock_ws/install/setup.ps1'
[2.199s] INFO:colcon.colcon_core.shell:Creating prefix script '/home/stefa/robot_mock_ws/install/local_setup.sh'
[2.200s] INFO:colcon.colcon_core.shell:Creating prefix util module '/home/stefa/robot_mock_ws/install/_local_setup_util_sh.py'
[2.201s] INFO:colcon.colcon_core.shell:Creating prefix chain script '/home/stefa/robot_mock_ws/install/setup.sh'
[2.202s] INFO:colcon.colcon_core.shell:Creating prefix script '/home/stefa/robot_mock_ws/install/local_setup.bash'
[2.203s] INFO:colcon.colcon_core.shell:Creating prefix chain script '/home/stefa/robot_mock_ws/install/setup.bash'
[2.204s] INFO:colcon.colcon_core.shell:Creating prefix script '/home/stefa/robot_mock_ws/install/local_setup.zsh'
[2.205s] INFO:colcon.colcon_core.shell:Creating prefix chain script '/home/stefa/robot_mock_ws/install/setup.zsh'
