[0.430s] DEBUG:colcon:Command line arguments: ['/usr/bin/colcon', 'build']
[0.430s] DEBUG:colcon:Parsed command line arguments: Namespace(log_base=None, log_level=None, verb_name='build', build_base='build', install_base='install', merge_install=False, symlink_install=False, test_result_base=None, continue_on_error=False, executor='parallel', parallel_workers=12, event_handlers=None, ignore_user_meta=False, metas=['./colcon.meta'], base_paths=['.'], packages_ignore=None, packages_ignore_regex=None, paths=None, packages_up_to=None, packages_up_to_regex=None, packages_above=None, packages_above_and_dependencies=None, packages_above_depth=None, packages_select_by_dep=None, packages_skip_by_dep=None, packages_skip_up_to=None, packages_select_build_failed=False, packages_skip_build_finished=False, packages_select_test_failures=False, packages_skip_test_passed=False, packages_select=None, packages_skip=None, packages_select_regex=None, packages_skip_regex=None, packages_start=None, packages_end=None, allow_overriding=[], cmake_args=None, cmake_target=None, cmake_target_skip_unavailable=False, cmake_clean_cache=False, cmake_clean_first=False, cmake_force_configure=False, ament_cmake_args=None, catkin_cmake_args=None, catkin_skip_building_tests=False, verb_parser=<colcon_defaults.argument_parser.defaults.DefaultArgumentsDecorator object at 0x768f2d636240>, verb_extension=<colcon_core.verb.build.BuildVerb object at 0x768f2d6360c0>, main=<bound method BuildVerb.main of <colcon_core.verb.build.BuildVerb object at 0x768f2d6360c0>>)
[0.530s] Level 1:colcon.colcon_core.package_discovery:discover_packages(colcon_meta) check parameters
[0.530s] Level 1:colcon.colcon_core.package_discovery:discover_packages(recursive) check parameters
[0.530s] Level 1:colcon.colcon_core.package_discovery:discover_packages(ignore) check parameters
[0.530s] Level 1:colcon.colcon_core.package_discovery:discover_packages(path) check parameters
[0.530s] Level 1:colcon.colcon_core.package_discovery:discover_packages(colcon_meta) discover
[0.530s] Level 1:colcon.colcon_core.package_discovery:discover_packages(recursive) discover
[0.530s] INFO:colcon.colcon_core.package_discovery:Crawling recursively for packages in '/home/stefa/robot_mock_ws'
[0.531s] Level 1:colcon.colcon_core.package_identification:_identify(.) by extensions ['ignore', 'ignore_ament_install']
[0.531s] Level 1:colcon.colcon_core.package_identification:_identify(.) by extension 'ignore'
[0.531s] Level 1:colcon.colcon_core.package_identification:_identify(.) by extension 'ignore_ament_install'
[0.531s] Level 1:colcon.colcon_core.package_identification:_identify(.) by extensions ['colcon_pkg']
[0.531s] Level 1:colcon.colcon_core.package_identification:_identify(.) by extension 'colcon_pkg'
[0.531s] Level 1:colcon.colcon_core.package_identification:_identify(.) by extensions ['colcon_meta']
[0.531s] Level 1:colcon.colcon_core.package_identification:_identify(.) by extension 'colcon_meta'
[0.531s] Level 1:colcon.colcon_core.package_identification:_identify(.) by extensions ['ros']
[0.531s] Level 1:colcon.colcon_core.package_identification:_identify(.) by extension 'ros'
[0.577s] Level 1:colcon.colcon_core.package_identification:_identify(.) by extensions ['cmake', 'python']
[0.577s] Level 1:colcon.colcon_core.package_identification:_identify(.) by extension 'cmake'
[0.577s] Level 1:colcon.colcon_core.package_identification:_identify(.) by extension 'python'
[0.577s] Level 1:colcon.colcon_core.package_identification:_identify(.) by extensions ['python_setup_py']
[0.577s] Level 1:colcon.colcon_core.package_identification:_identify(.) by extension 'python_setup_py'
[0.577s] Level 1:colcon.colcon_core.package_identification:_identify(build) by extensions ['ignore', 'ignore_ament_install']
[0.577s] Level 1:colcon.colcon_core.package_identification:_identify(build) by extension 'ignore'
[0.578s] Level 1:colcon.colcon_core.package_identification:_identify(build) ignored
[0.578s] Level 1:colcon.colcon_core.package_identification:_identify(install) by extensions ['ignore', 'ignore_ament_install']
[0.578s] Level 1:colcon.colcon_core.package_identification:_identify(install) by extension 'ignore'
[0.578s] Level 1:colcon.colcon_core.package_identification:_identify(install) ignored
[0.578s] Level 1:colcon.colcon_core.package_identification:_identify(log) by extensions ['ignore', 'ignore_ament_install']
[0.578s] Level 1:colcon.colcon_core.package_identification:_identify(log) by extension 'ignore'
[0.578s] Level 1:colcon.colcon_core.package_identification:_identify(log) ignored
[0.579s] Level 1:colcon.colcon_core.package_identification:_identify(src) by extensions ['ignore', 'ignore_ament_install']
[0.579s] Level 1:colcon.colcon_core.package_identification:_identify(src) by extension 'ignore'
[0.579s] Level 1:colcon.colcon_core.package_identification:_identify(src) by extension 'ignore_ament_install'
[0.579s] Level 1:colcon.colcon_core.package_identification:_identify(src) by extensions ['colcon_pkg']
[0.579s] Level 1:colcon.colcon_core.package_identification:_identify(src) by extension 'colcon_pkg'
[0.579s] Level 1:colcon.colcon_core.package_identification:_identify(src) by extensions ['colcon_meta']
[0.579s] Level 1:colcon.colcon_core.package_identification:_identify(src) by extension 'colcon_meta'
[0.579s] Level 1:colcon.colcon_core.package_identification:_identify(src) by extensions ['ros']
[0.579s] Level 1:colcon.colcon_core.package_identification:_identify(src) by extension 'ros'
[0.579s] Level 1:colcon.colcon_core.package_identification:_identify(src) by extensions ['cmake', 'python']
[0.579s] Level 1:colcon.colcon_core.package_identification:_identify(src) by extension 'cmake'
[0.579s] Level 1:colcon.colcon_core.package_identification:_identify(src) by extension 'python'
[0.579s] Level 1:colcon.colcon_core.package_identification:_identify(src) by extensions ['python_setup_py']
[0.579s] Level 1:colcon.colcon_core.package_identification:_identify(src) by extension 'python_setup_py'
[0.580s] Level 1:colcon.colcon_core.package_identification:_identify(src/log) by extensions ['ignore', 'ignore_ament_install']
[0.580s] Level 1:colcon.colcon_core.package_identification:_identify(src/log) by extension 'ignore'
[0.580s] Level 1:colcon.colcon_core.package_identification:_identify(src/log) ignored
[0.580s] Level 1:colcon.colcon_core.package_identification:_identify(src/mock_sensors) by extensions ['ignore', 'ignore_ament_install']
[0.580s] Level 1:colcon.colcon_core.package_identification:_identify(src/mock_sensors) by extension 'ignore'
[0.581s] Level 1:colcon.colcon_core.package_identification:_identify(src/mock_sensors) by extension 'ignore_ament_install'
[0.581s] Level 1:colcon.colcon_core.package_identification:_identify(src/mock_sensors) by extensions ['colcon_pkg']
[0.581s] Level 1:colcon.colcon_core.package_identification:_identify(src/mock_sensors) by extension 'colcon_pkg'
[0.581s] Level 1:colcon.colcon_core.package_identification:_identify(src/mock_sensors) by extensions ['colcon_meta']
[0.581s] Level 1:colcon.colcon_core.package_identification:_identify(src/mock_sensors) by extension 'colcon_meta'
[0.581s] Level 1:colcon.colcon_core.package_identification:_identify(src/mock_sensors) by extensions ['ros']
[0.581s] Level 1:colcon.colcon_core.package_identification:_identify(src/mock_sensors) by extension 'ros'
[0.586s] DEBUG:colcon.colcon_core.package_identification:Package 'src/mock_sensors' with type 'ros.ament_python' and name 'mock_sensors'
[0.586s] Level 1:colcon.colcon_core.package_identification:_identify(src/python_tools) by extensions ['ignore', 'ignore_ament_install']
[0.586s] Level 1:colcon.colcon_core.package_identification:_identify(src/python_tools) by extension 'ignore'
[0.586s] Level 1:colcon.colcon_core.package_identification:_identify(src/python_tools) by extension 'ignore_ament_install'
[0.586s] Level 1:colcon.colcon_core.package_identification:_identify(src/python_tools) by extensions ['colcon_pkg']
[0.586s] Level 1:colcon.colcon_core.package_identification:_identify(src/python_tools) by extension 'colcon_pkg'
[0.586s] Level 1:colcon.colcon_core.package_identification:_identify(src/python_tools) by extensions ['colcon_meta']
[0.586s] Level 1:colcon.colcon_core.package_identification:_identify(src/python_tools) by extension 'colcon_meta'
[0.587s] Level 1:colcon.colcon_core.package_identification:_identify(src/python_tools) by extensions ['ros']
[0.587s] Level 1:colcon.colcon_core.package_identification:_identify(src/python_tools) by extension 'ros'
[0.587s] DEBUG:colcon.colcon_core.package_identification:Package 'src/python_tools' with type 'ros.ament_python' and name 'python_tools'
[0.588s] Level 1:colcon.colcon_core.package_identification:_identify(src/robot_brain_cpp) by extensions ['ignore', 'ignore_ament_install']
[0.588s] Level 1:colcon.colcon_core.package_identification:_identify(src/robot_brain_cpp) by extension 'ignore'
[0.588s] Level 1:colcon.colcon_core.package_identification:_identify(src/robot_brain_cpp) by extension 'ignore_ament_install'
[0.588s] Level 1:colcon.colcon_core.package_identification:_identify(src/robot_brain_cpp) by extensions ['colcon_pkg']
[0.588s] Level 1:colcon.colcon_core.package_identification:_identify(src/robot_brain_cpp) by extension 'colcon_pkg'
[0.588s] Level 1:colcon.colcon_core.package_identification:_identify(src/robot_brain_cpp) by extensions ['colcon_meta']
[0.588s] Level 1:colcon.colcon_core.package_identification:_identify(src/robot_brain_cpp) by extension 'colcon_meta'
[0.588s] Level 1:colcon.colcon_core.package_identification:_identify(src/robot_brain_cpp) by extensions ['ros']
[0.588s] Level 1:colcon.colcon_core.package_identification:_identify(src/robot_brain_cpp) by extension 'ros'
[0.589s] DEBUG:colcon.colcon_core.package_identification:Package 'src/robot_brain_cpp' with type 'ros.ament_cmake' and name 'robot_brain_cpp'
[0.589s] Level 1:colcon.colcon_core.package_discovery:discover_packages(recursive) using defaults
[0.589s] Level 1:colcon.colcon_core.package_discovery:discover_packages(ignore) discover
[0.589s] Level 1:colcon.colcon_core.package_discovery:discover_packages(ignore) using defaults
[0.589s] Level 1:colcon.colcon_core.package_discovery:discover_packages(path) discover
[0.589s] Level 1:colcon.colcon_core.package_discovery:discover_packages(path) using defaults
[0.622s] Level 1:colcon.colcon_core.package_discovery:discover_packages(prefix_path) check parameters
[0.622s] Level 1:colcon.colcon_core.package_discovery:discover_packages(prefix_path) discover
[0.629s] DEBUG:colcon.colcon_installed_package_information.package_discovery:Found 3 installed packages in /home/stefa/robot_mock_ws/install
[0.631s] DEBUG:colcon.colcon_installed_package_information.package_discovery:Found 286 installed packages in /opt/ros/jazzy
[0.632s] Level 1:colcon.colcon_core.package_discovery:discover_packages(prefix_path) using defaults
[0.746s] Level 5:colcon.colcon_core.verb:set package 'mock_sensors' build argument 'cmake_args' from command line to 'None'
[0.747s] Level 5:colcon.colcon_core.verb:set package 'mock_sensors' build argument 'cmake_target' from command line to 'None'
[0.747s] Level 5:colcon.colcon_core.verb:set package 'mock_sensors' build argument 'cmake_target_skip_unavailable' from command line to 'False'
[0.747s] Level 5:colcon.colcon_core.verb:set package 'mock_sensors' build argument 'cmake_clean_cache' from command line to 'False'
[0.747s] Level 5:colcon.colcon_core.verb:set package 'mock_sensors' build argument 'cmake_clean_first' from command line to 'False'
[0.747s] Level 5:colcon.colcon_core.verb:set package 'mock_sensors' build argument 'cmake_force_configure' from command line to 'False'
[0.747s] Level 5:colcon.colcon_core.verb:set package 'mock_sensors' build argument 'ament_cmake_args' from command line to 'None'
[0.747s] Level 5:colcon.colcon_core.verb:set package 'mock_sensors' build argument 'catkin_cmake_args' from command line to 'None'
[0.747s] Level 5:colcon.colcon_core.verb:set package 'mock_sensors' build argument 'catkin_skip_building_tests' from command line to 'False'
[0.747s] DEBUG:colcon.colcon_core.verb:Building package 'mock_sensors' with the following arguments: {'ament_cmake_args': None, 'build_base': '/home/stefa/robot_mock_ws/build/mock_sensors', 'catkin_cmake_args': None, 'catkin_skip_building_tests': False, 'cmake_args': None, 'cmake_clean_cache': False, 'cmake_clean_first': False, 'cmake_force_configure': False, 'cmake_target': None, 'cmake_target_skip_unavailable': False, 'install_base': '/home/stefa/robot_mock_ws/install/mock_sensors', 'merge_install': False, 'path': '/home/stefa/robot_mock_ws/src/mock_sensors', 'symlink_install': False, 'test_result_base': None}
[0.747s] Level 5:colcon.colcon_core.verb:set package 'python_tools' build argument 'cmake_args' from command line to 'None'
[0.747s] Level 5:colcon.colcon_core.verb:set package 'python_tools' build argument 'cmake_target' from command line to 'None'
[0.747s] Level 5:colcon.colcon_core.verb:set package 'python_tools' build argument 'cmake_target_skip_unavailable' from command line to 'False'
[0.747s] Level 5:colcon.colcon_core.verb:set package 'python_tools' build argument 'cmake_clean_cache' from command line to 'False'
[0.747s] Level 5:colcon.colcon_core.verb:set package 'python_tools' build argument 'cmake_clean_first' from command line to 'False'
[0.747s] Level 5:colcon.colcon_core.verb:set package 'python_tools' build argument 'cmake_force_configure' from command line to 'False'
[0.747s] Level 5:colcon.colcon_core.verb:set package 'python_tools' build argument 'ament_cmake_args' from command line to 'None'
[0.747s] Level 5:colcon.colcon_core.verb:set package 'python_tools' build argument 'catkin_cmake_args' from command line to 'None'
[0.747s] Level 5:colcon.colcon_core.verb:set package 'python_tools' build argument 'catkin_skip_building_tests' from command line to 'False'
[0.747s] DEBUG:colcon.colcon_core.verb:Building package 'python_tools' with the following arguments: {'ament_cmake_args': None, 'build_base': '/home/stefa/robot_mock_ws/build/python_tools', 'catkin_cmake_args': None, 'catkin_skip_building_tests': False, 'cmake_args': None, 'cmake_clean_cache': False, 'cmake_clean_first': False, 'cmake_force_configure': False, 'cmake_target': None, 'cmake_target_skip_unavailable': False, 'install_base': '/home/stefa/robot_mock_ws/install/python_tools', 'merge_install': False, 'path': '/home/stefa/robot_mock_ws/src/python_tools', 'symlink_install': False, 'test_result_base': None}
[0.748s] Level 5:colcon.colcon_core.verb:set package 'robot_brain_cpp' build argument 'cmake_args' from command line to 'None'
[0.748s] Level 5:colcon.colcon_core.verb:set package 'robot_brain_cpp' build argument 'cmake_target' from command line to 'None'
[0.748s] Level 5:colcon.colcon_core.verb:set package 'robot_brain_cpp' build argument 'cmake_target_skip_unavailable' from command line to 'False'
[0.748s] Level 5:colcon.colcon_core.verb:set package 'robot_brain_cpp' build argument 'cmake_clean_cache' from command line to 'False'
[0.748s] Level 5:colcon.colcon_core.verb:set package 'robot_brain_cpp' build argument 'cmake_clean_first' from command line to 'False'
[0.748s] Level 5:colcon.colcon_core.verb:set package 'robot_brain_cpp' build argument 'cmake_force_configure' from command line to 'False'
[0.748s] Level 5:colcon.colcon_core.verb:set package 'robot_brain_cpp' build argument 'ament_cmake_args' from command line to 'None'
[0.748s] Level 5:colcon.colcon_core.verb:set package 'robot_brain_cpp' build argument 'catkin_cmake_args' from command line to 'None'
[0.748s] Level 5:colcon.colcon_core.verb:set package 'robot_brain_cpp' build argument 'catkin_skip_building_tests' from command line to 'False'
[0.748s] DEBUG:colcon.colcon_core.verb:Building package 'robot_brain_cpp' with the following arguments: {'ament_cmake_args': None, 'build_base': '/home/stefa/robot_mock_ws/build/robot_brain_cpp', 'catkin_cmake_args': None, 'catkin_skip_building_tests': False, 'cmake_args': None, 'cmake_clean_cache': False, 'cmake_clean_first': False, 'cmake_force_configure': False, 'cmake_target': None, 'cmake_target_skip_unavailable': False, 'install_base': '/home/stefa/robot_mock_ws/install/robot_brain_cpp', 'merge_install': False, 'path': '/home/stefa/robot_mock_ws/src/robot_brain_cpp', 'symlink_install': False, 'test_result_base': None}
[0.748s] INFO:colcon.colcon_core.executor:Executing jobs using 'parallel' executor
[0.749s] DEBUG:colcon.colcon_parallel_executor.executor.parallel:run_until_complete
[0.749s] INFO:colcon.colcon_ros.task.ament_python.build:Building ROS package in '/home/stefa/robot_mock_ws/src/mock_sensors' with build type 'ament_python'
[0.749s] Level 1:colcon.colcon_core.shell:create_environment_hook('mock_sensors', 'ament_prefix_path')
[0.757s] INFO:colcon.colcon_core.plugin_system:Skipping extension 'colcon_core.shell.bat': Not used on non-Windows systems
[0.757s] INFO:colcon.colcon_core.shell:Creating environment hook '/home/stefa/robot_mock_ws/install/mock_sensors/share/mock_sensors/hook/ament_prefix_path.ps1'
[0.758s] INFO:colcon.colcon_core.shell:Creating environment descriptor '/home/stefa/robot_mock_ws/install/mock_sensors/share/mock_sensors/hook/ament_prefix_path.dsv'
[0.759s] INFO:colcon.colcon_core.shell:Creating environment hook '/home/stefa/robot_mock_ws/install/mock_sensors/share/mock_sensors/hook/ament_prefix_path.sh'
[0.760s] INFO:colcon.colcon_core.shell:Skip shell extension 'powershell' for command environment: Not usable outside of PowerShell
[0.760s] DEBUG:colcon.colcon_core.shell:Skip shell extension 'dsv' for command environment
[0.764s] INFO:colcon.colcon_ros.task.ament_python.build:Building ROS package in '/home/stefa/robot_mock_ws/src/python_tools' with build type 'ament_python'
[0.764s] Level 1:colcon.colcon_core.shell:create_environment_hook('python_tools', 'ament_prefix_path')
[0.764s] INFO:colcon.colcon_core.shell:Creating environment hook '/home/stefa/robot_mock_ws/install/python_tools/share/python_tools/hook/ament_prefix_path.ps1'
[0.765s] INFO:colcon.colcon_core.shell:Creating environment descriptor '/home/stefa/robot_mock_ws/install/python_tools/share/python_tools/hook/ament_prefix_path.dsv'
[0.765s] INFO:colcon.colcon_core.shell:Creating environment hook '/home/stefa/robot_mock_ws/install/python_tools/share/python_tools/hook/ament_prefix_path.sh'
[0.766s] INFO:colcon.colcon_core.shell:Skip shell extension 'powershell' for command environment: Not usable outside of PowerShell
[0.766s] DEBUG:colcon.colcon_core.shell:Skip shell extension 'dsv' for command environment
[0.770s] INFO:colcon.colcon_ros.task.ament_cmake.build:Building ROS package in '/home/stefa/robot_mock_ws/src/robot_brain_cpp' with build type 'ament_cmake'
[0.770s] INFO:colcon.colcon_cmake.task.cmake.build:Building CMake package in '/home/stefa/robot_mock_ws/src/robot_brain_cpp'
[0.770s] INFO:colcon.colcon_core.shell:Skip shell extension 'powershell' for command environment: Not usable outside of PowerShell
[0.770s] DEBUG:colcon.colcon_core.shell:Skip shell extension 'dsv' for command environment
[1.028s] INFO:colcon.colcon_core.task.python.build:Building Python package in '/home/stefa/robot_mock_ws/src/mock_sensors'
[1.028s] INFO:colcon.colcon_core.shell:Skip shell extension 'powershell' for command environment: Not usable outside of PowerShell
[1.028s] DEBUG:colcon.colcon_core.shell:Skip shell extension 'dsv' for command environment
[1.252s] INFO:colcon.colcon_core.task.python.build:Building Python package in '/home/stefa/robot_mock_ws/src/python_tools'
[1.252s] INFO:colcon.colcon_core.shell:Skip shell extension 'powershell' for command environment: Not usable outside of PowerShell
[1.252s] DEBUG:colcon.colcon_core.shell:Skip shell extension 'dsv' for command environment
[1.261s] DEBUG:colcon.colcon_core.event_handler.log_command:Invoking command in '/home/stefa/robot_mock_ws/build/robot_brain_cpp': CMAKE_PREFIX_PATH=${CMAKE_PREFIX_PATH}:/home/stefa/robot_mock_ws/install/python_tools:/home/stefa/robot_mock_ws/install/mock_sensors:/opt/ros/jazzy /usr/bin/cmake --build /home/stefa/robot_mock_ws/build/robot_brain_cpp -- -j12 -l12
[1.498s] DEBUG:colcon.colcon_core.event_handler.log_command:Invoked command in '/home/stefa/robot_mock_ws/build/robot_brain_cpp' returned '0': CMAKE_PREFIX_PATH=${CMAKE_PREFIX_PATH}:/home/stefa/robot_mock_ws/install/python_tools:/home/stefa/robot_mock_ws/install/mock_sensors:/opt/ros/jazzy /usr/bin/cmake --build /home/stefa/robot_mock_ws/build/robot_brain_cpp -- -j12 -l12
[1.512s] DEBUG:colcon.colcon_core.event_handler.log_command:Invoking command in '/home/stefa/robot_mock_ws/build/robot_brain_cpp': CMAKE_PREFIX_PATH=${CMAKE_PREFIX_PATH}:/home/stefa/robot_mock_ws/install/python_tools:/home/stefa/robot_mock_ws/install/mock_sensors:/opt/ros/jazzy /usr/bin/cmake --install /home/stefa/robot_mock_ws/build/robot_brain_cpp
[1.549s] Level 1:colcon.colcon_core.environment:create_environment_scripts_only(robot_brain_cpp)
[1.549s] DEBUG:colcon.colcon_core.event_handler.log_command:Invoked command in '/home/stefa/robot_mock_ws/build/robot_brain_cpp' returned '0': CMAKE_PREFIX_PATH=${CMAKE_PREFIX_PATH}:/home/stefa/robot_mock_ws/install/python_tools:/home/stefa/robot_mock_ws/install/mock_sensors:/opt/ros/jazzy /usr/bin/cmake --install /home/stefa/robot_mock_ws/build/robot_brain_cpp
[1.558s] Level 1:colcon.colcon_core.environment:checking '/home/stefa/robot_mock_ws/install/robot_brain_cpp' for CMake module files
[1.560s] Level 1:colcon.colcon_core.environment:checking '/home/stefa/robot_mock_ws/install/robot_brain_cpp' for CMake config files
[1.563s] Level 1:colcon.colcon_core.shell:create_environment_hook('robot_brain_cpp', 'cmake_prefix_path')
[1.563s] INFO:colcon.colcon_core.shell:Creating environment hook '/home/stefa/robot_mock_ws/install/robot_brain_cpp/share/robot_brain_cpp/hook/cmake_prefix_path.ps1'
[1.564s] INFO:colcon.colcon_core.shell:Creating environment descriptor '/home/stefa/robot_mock_ws/install/robot_brain_cpp/share/robot_brain_cpp/hook/cmake_prefix_path.dsv'
[1.564s] INFO:colcon.colcon_core.shell:Creating environment hook '/home/stefa/robot_mock_ws/install/robot_brain_cpp/share/robot_brain_cpp/hook/cmake_prefix_path.sh'
[1.565s] Level 1:colcon.colcon_core.environment:checking '/home/stefa/robot_mock_ws/install/robot_brain_cpp/lib'
[1.566s] Level 1:colcon.colcon_core.environment:checking '/home/stefa/robot_mock_ws/install/robot_brain_cpp/bin'
[1.566s] Level 1:colcon.colcon_core.environment:checking '/home/stefa/robot_mock_ws/install/robot_brain_cpp/lib/pkgconfig/robot_brain_cpp.pc'
[1.567s] Level 1:colcon.colcon_core.environment:checking '/home/stefa/robot_mock_ws/install/robot_brain_cpp/lib/python3.12/site-packages'
[1.567s] Level 1:colcon.colcon_core.environment:checking '/home/stefa/robot_mock_ws/install/robot_brain_cpp/bin'
[1.567s] INFO:colcon.colcon_core.shell:Creating package script '/home/stefa/robot_mock_ws/install/robot_brain_cpp/share/robot_brain_cpp/package.ps1'
[1.568s] INFO:colcon.colcon_core.shell:Creating package descriptor '/home/stefa/robot_mock_ws/install/robot_brain_cpp/share/robot_brain_cpp/package.dsv'
[1.569s] INFO:colcon.colcon_core.shell:Creating package script '/home/stefa/robot_mock_ws/install/robot_brain_cpp/share/robot_brain_cpp/package.sh'
[1.570s] INFO:colcon.colcon_core.shell:Creating package script '/home/stefa/robot_mock_ws/install/robot_brain_cpp/share/robot_brain_cpp/package.bash'
[1.571s] INFO:colcon.colcon_core.shell:Creating package script '/home/stefa/robot_mock_ws/install/robot_brain_cpp/share/robot_brain_cpp/package.zsh'
[1.572s] Level 1:colcon.colcon_core.environment:create_file_with_runtime_dependencies(/home/stefa/robot_mock_ws/install/robot_brain_cpp/share/colcon-core/packages/robot_brain_cpp)
[1.573s] Level 1:colcon.colcon_core.environment:create_environment_scripts_only(robot_brain_cpp)
[1.573s] Level 1:colcon.colcon_core.environment:checking '/home/stefa/robot_mock_ws/install/robot_brain_cpp' for CMake module files
[1.574s] Level 1:colcon.colcon_core.environment:checking '/home/stefa/robot_mock_ws/install/robot_brain_cpp' for CMake config files
[1.574s] Level 1:colcon.colcon_core.shell:create_environment_hook('robot_brain_cpp', 'cmake_prefix_path')
[1.574s] INFO:colcon.colcon_core.shell:Creating environment hook '/home/stefa/robot_mock_ws/install/robot_brain_cpp/share/robot_brain_cpp/hook/cmake_prefix_path.ps1'
[1.575s] INFO:colcon.colcon_core.shell:Creating environment descriptor '/home/stefa/robot_mock_ws/install/robot_brain_cpp/share/robot_brain_cpp/hook/cmake_prefix_path.dsv'
[1.575s] INFO:colcon.colcon_core.shell:Creating environment hook '/home/stefa/robot_mock_ws/install/robot_brain_cpp/share/robot_brain_cpp/hook/cmake_prefix_path.sh'
[1.575s] Level 1:colcon.colcon_core.environment:checking '/home/stefa/robot_mock_ws/install/robot_brain_cpp/lib'
[1.576s] Level 1:colcon.colcon_core.environment:checking '/home/stefa/robot_mock_ws/install/robot_brain_cpp/bin'
[1.576s] Level 1:colcon.colcon_core.environment:checking '/home/stefa/robot_mock_ws/install/robot_brain_cpp/lib/pkgconfig/robot_brain_cpp.pc'
[1.576s] Level 1:colcon.colcon_core.environment:checking '/home/stefa/robot_mock_ws/install/robot_brain_cpp/lib/python3.12/site-packages'
[1.576s] Level 1:colcon.colcon_core.environment:checking '/home/stefa/robot_mock_ws/install/robot_brain_cpp/bin'
[1.576s] INFO:colcon.colcon_core.shell:Creating package script '/home/stefa/robot_mock_ws/install/robot_brain_cpp/share/robot_brain_cpp/package.ps1'
[1.577s] INFO:colcon.colcon_core.shell:Creating package descriptor '/home/stefa/robot_mock_ws/install/robot_brain_cpp/share/robot_brain_cpp/package.dsv'
[1.577s] INFO:colcon.colcon_core.shell:Creating package script '/home/stefa/robot_mock_ws/install/robot_brain_cpp/share/robot_brain_cpp/package.sh'
[1.578s] INFO:colcon.colcon_core.shell:Creating package script '/home/stefa/robot_mock_ws/install/robot_brain_cpp/share/robot_brain_cpp/package.bash'
[1.578s] INFO:colcon.colcon_core.shell:Creating package script '/home/stefa/robot_mock_ws/install/robot_brain_cpp/share/robot_brain_cpp/package.zsh'
[1.579s] Level 1:colcon.colcon_core.environment:create_file_with_runtime_dependencies(/home/stefa/robot_mock_ws/install/robot_brain_cpp/share/colcon-core/packages/robot_brain_cpp)
[2.328s] DEBUG:colcon.colcon_core.event_handler.log_command:Invoking command in '/home/stefa/robot_mock_ws/src/mock_sensors': PYTHONPATH=/home/stefa/robot_mock_ws/build/mock_sensors/prefix_override:/usr/lib/python3/dist-packages/colcon_core/task/python/colcon_distutils_commands:/home/stefa/robot_mock_ws/install/mock_sensors/lib/python3.12/site-packages:${PYTHONPATH} /usr/bin/python3 -W ignore:setup.py install is deprecated -W ignore:easy_install command is deprecated setup.py egg_info --egg-base ../../build/mock_sensors build --build-base /home/stefa/robot_mock_ws/build/mock_sensors/build install --record /home/stefa/robot_mock_ws/build/mock_sensors/install.log --single-version-externally-managed install_data
[2.331s] DEBUG:colcon.colcon_core.event_handler.log_command:Invoking command in '/home/stefa/robot_mock_ws/src/python_tools': PYTHONPATH=/home/stefa/robot_mock_ws/build/python_tools/prefix_override:/usr/lib/python3/dist-packages/colcon_core/task/python/colcon_distutils_commands:/home/stefa/robot_mock_ws/install/python_tools/lib/python3.12/site-packages:${PYTHONPATH} /usr/bin/python3 -W ignore:setup.py install is deprecated -W ignore:easy_install command is deprecated setup.py egg_info --egg-base ../../build/python_tools build --build-base /home/stefa/robot_mock_ws/build/python_tools/build install --record /home/stefa/robot_mock_ws/build/python_tools/install.log --single-version-externally-managed install_data
[2.978s] Level 1:colcon.colcon_core.environment:checking '/home/stefa/robot_mock_ws/install/python_tools' for CMake module files
[2.978s] DEBUG:colcon.colcon_core.event_handler.log_command:Invoked command in '/home/stefa/robot_mock_ws/src/python_tools' returned '0': PYTHONPATH=/home/stefa/robot_mock_ws/build/python_tools/prefix_override:/usr/lib/python3/dist-packages/colcon_core/task/python/colcon_distutils_commands:/home/stefa/robot_mock_ws/install/python_tools/lib/python3.12/site-packages:${PYTHONPATH} /usr/bin/python3 -W ignore:setup.py install is deprecated -W ignore:easy_install command is deprecated setup.py egg_info --egg-base ../../build/python_tools build --build-base /home/stefa/robot_mock_ws/build/python_tools/build install --record /home/stefa/robot_mock_ws/build/python_tools/install.log --single-version-externally-managed install_data
[2.979s] Level 1:colcon.colcon_core.environment:checking '/home/stefa/robot_mock_ws/install/python_tools' for CMake config files
[2.983s] Level 1:colcon.colcon_core.environment:checking '/home/stefa/robot_mock_ws/install/python_tools/lib'
[2.983s] Level 1:colcon.colcon_core.environment:checking '/home/stefa/robot_mock_ws/install/python_tools/bin'
[2.983s] Level 1:colcon.colcon_core.environment:checking '/home/stefa/robot_mock_ws/install/python_tools/lib/pkgconfig/python_tools.pc'
[2.984s] Level 1:colcon.colcon_core.environment:checking '/home/stefa/robot_mock_ws/install/python_tools/lib/python3.12/site-packages'
[2.984s] Level 1:colcon.colcon_core.shell:create_environment_hook('python_tools', 'pythonpath')
[2.984s] INFO:colcon.colcon_core.shell:Creating environment hook '/home/stefa/robot_mock_ws/install/python_tools/share/python_tools/hook/pythonpath.ps1'
[2.984s] INFO:colcon.colcon_core.shell:Creating environment descriptor '/home/stefa/robot_mock_ws/install/python_tools/share/python_tools/hook/pythonpath.dsv'
[2.985s] INFO:colcon.colcon_core.shell:Creating environment hook '/home/stefa/robot_mock_ws/install/python_tools/share/python_tools/hook/pythonpath.sh'
[2.986s] Level 1:colcon.colcon_core.environment:checking '/home/stefa/robot_mock_ws/install/python_tools/bin'
[2.986s] Level 1:colcon.colcon_core.environment:create_environment_scripts_only(python_tools)
[2.986s] INFO:colcon.colcon_core.shell:Creating package script '/home/stefa/robot_mock_ws/install/python_tools/share/python_tools/package.ps1'
[2.986s] INFO:colcon.colcon_core.shell:Creating package descriptor '/home/stefa/robot_mock_ws/install/python_tools/share/python_tools/package.dsv'
[2.987s] INFO:colcon.colcon_core.shell:Creating package script '/home/stefa/robot_mock_ws/install/python_tools/share/python_tools/package.sh'
[2.987s] INFO:colcon.colcon_core.shell:Creating package script '/home/stefa/robot_mock_ws/install/python_tools/share/python_tools/package.bash'
[2.988s] INFO:colcon.colcon_core.shell:Creating package script '/home/stefa/robot_mock_ws/install/python_tools/share/python_tools/package.zsh'
[2.988s] Level 1:colcon.colcon_core.environment:create_file_with_runtime_dependencies(/home/stefa/robot_mock_ws/install/python_tools/share/colcon-core/packages/python_tools)
[2.990s] Level 1:colcon.colcon_core.environment:checking '/home/stefa/robot_mock_ws/install/mock_sensors' for CMake module files
[2.991s] DEBUG:colcon.colcon_core.event_handler.log_command:Invoked command in '/home/stefa/robot_mock_ws/src/mock_sensors' returned '0': PYTHONPATH=/home/stefa/robot_mock_ws/build/mock_sensors/prefix_override:/usr/lib/python3/dist-packages/colcon_core/task/python/colcon_distutils_commands:/home/stefa/robot_mock_ws/install/mock_sensors/lib/python3.12/site-packages:${PYTHONPATH} /usr/bin/python3 -W ignore:setup.py install is deprecated -W ignore:easy_install command is deprecated setup.py egg_info --egg-base ../../build/mock_sensors build --build-base /home/stefa/robot_mock_ws/build/mock_sensors/build install --record /home/stefa/robot_mock_ws/build/mock_sensors/install.log --single-version-externally-managed install_data
[2.992s] Level 1:colcon.colcon_core.environment:checking '/home/stefa/robot_mock_ws/install/mock_sensors' for CMake config files
[2.995s] Level 1:colcon.colcon_core.environment:checking '/home/stefa/robot_mock_ws/install/mock_sensors/lib'
[2.995s] Level 1:colcon.colcon_core.environment:checking '/home/stefa/robot_mock_ws/install/mock_sensors/bin'
[2.995s] Level 1:colcon.colcon_core.environment:checking '/home/stefa/robot_mock_ws/install/mock_sensors/lib/pkgconfig/mock_sensors.pc'
[2.995s] Level 1:colcon.colcon_core.environment:checking '/home/stefa/robot_mock_ws/install/mock_sensors/lib/python3.12/site-packages'
[2.995s] Level 1:colcon.colcon_core.shell:create_environment_hook('mock_sensors', 'pythonpath')
[2.995s] INFO:colcon.colcon_core.shell:Creating environment hook '/home/stefa/robot_mock_ws/install/mock_sensors/share/mock_sensors/hook/pythonpath.ps1'
[2.996s] INFO:colcon.colcon_core.shell:Creating environment descriptor '/home/stefa/robot_mock_ws/install/mock_sensors/share/mock_sensors/hook/pythonpath.dsv'
[2.997s] INFO:colcon.colcon_core.shell:Creating environment hook '/home/stefa/robot_mock_ws/install/mock_sensors/share/mock_sensors/hook/pythonpath.sh'
[2.998s] Level 1:colcon.colcon_core.environment:checking '/home/stefa/robot_mock_ws/install/mock_sensors/bin'
[2.998s] Level 1:colcon.colcon_core.environment:create_environment_scripts_only(mock_sensors)
[2.998s] INFO:colcon.colcon_core.shell:Creating package script '/home/stefa/robot_mock_ws/install/mock_sensors/share/mock_sensors/package.ps1'
[2.999s] INFO:colcon.colcon_core.shell:Creating package descriptor '/home/stefa/robot_mock_ws/install/mock_sensors/share/mock_sensors/package.dsv'
[2.999s] INFO:colcon.colcon_core.shell:Creating package script '/home/stefa/robot_mock_ws/install/mock_sensors/share/mock_sensors/package.sh'
[3.000s] INFO:colcon.colcon_core.shell:Creating package script '/home/stefa/robot_mock_ws/install/mock_sensors/share/mock_sensors/package.bash'
[3.001s] INFO:colcon.colcon_core.shell:Creating package script '/home/stefa/robot_mock_ws/install/mock_sensors/share/mock_sensors/package.zsh'
[3.001s] Level 1:colcon.colcon_core.environment:create_file_with_runtime_dependencies(/home/stefa/robot_mock_ws/install/mock_sensors/share/colcon-core/packages/mock_sensors)
[3.001s] DEBUG:colcon.colcon_parallel_executor.executor.parallel:closing loop
[3.002s] DEBUG:colcon.colcon_parallel_executor.executor.parallel:loop closed
[3.002s] DEBUG:colcon.colcon_parallel_executor.executor.parallel:run_until_complete finished with '0'
[3.002s] DEBUG:colcon.colcon_core.event_reactor:joining thread
[3.096s] INFO:colcon.colcon_core.plugin_system:Skipping extension 'colcon_notification.desktop_notification.notify_send': Could not find 'notify-send'
[3.096s] INFO:colcon.colcon_core.plugin_system:Skipping extension 'colcon_notification.desktop_notification.terminal_notifier': Not used on non-Darwin systems
[3.096s] INFO:colcon.colcon_core.plugin_system:Skipping extension 'colcon_notification.desktop_notification.win32': Not used on non-Windows systems
[3.096s] INFO:colcon.colcon_notification.desktop_notification:Sending desktop notification using 'notify2'
[3.099s] DEBUG:colcon.colcon_notification.desktop_notification.notify2:Failed to initialize notify2: org.freedesktop.DBus.Error.ServiceUnknown: The name org.freedesktop.Notifications was not provided by any .service files
[3.099s] DEBUG:colcon.colcon_core.event_reactor:joined thread
[3.099s] INFO:colcon.colcon_core.shell:Creating prefix script '/home/stefa/robot_mock_ws/install/local_setup.ps1'
[3.101s] INFO:colcon.colcon_core.shell:Creating prefix util module '/home/stefa/robot_mock_ws/install/_local_setup_util_ps1.py'
[3.102s] INFO:colcon.colcon_core.shell:Creating prefix chain script '/home/stefa/robot_mock_ws/install/setup.ps1'
[3.103s] INFO:colcon.colcon_core.shell:Creating prefix script '/home/stefa/robot_mock_ws/install/local_setup.sh'
[3.104s] INFO:colcon.colcon_core.shell:Creating prefix util module '/home/stefa/robot_mock_ws/install/_local_setup_util_sh.py'
[3.105s] INFO:colcon.colcon_core.shell:Creating prefix chain script '/home/stefa/robot_mock_ws/install/setup.sh'
[3.106s] INFO:colcon.colcon_core.shell:Creating prefix script '/home/stefa/robot_mock_ws/install/local_setup.bash'
[3.107s] INFO:colcon.colcon_core.shell:Creating prefix chain script '/home/stefa/robot_mock_ws/install/setup.bash'
[3.108s] INFO:colcon.colcon_core.shell:Creating prefix script '/home/stefa/robot_mock_ws/install/local_setup.zsh'
[3.109s] INFO:colcon.colcon_core.shell:Creating prefix chain script '/home/stefa/robot_mock_ws/install/setup.zsh'
