[2.559s] Invoking command in '/home/stefa/robot_mock_ws/src/mock_sensors': PYTHONPATH=/home/stefa/robot_mock_ws/build/mock_sensors/prefix_override:/usr/lib/python3/dist-packages/colcon_core/task/python/colcon_distutils_commands:/home/stefa/robot_mock_ws/install/mock_sensors/lib/python3.12/site-packages:${PYTHONPATH} /usr/bin/python3 -W ignore:setup.py install is deprecated -W ignore:easy_install command is deprecated setup.py egg_info --egg-base ../../build/mock_sensors build --build-base /home/stefa/robot_mock_ws/build/mock_sensors/build install --record /home/stefa/robot_mock_ws/build/mock_sensors/install.log --single-version-externally-managed install_data
[3.104s] running egg_info
[3.150s] writing ../../build/mock_sensors/mock_sensors.egg-info/PKG-INFO
[3.151s] writing dependency_links to ../../build/mock_sensors/mock_sensors.egg-info/dependency_links.txt
[3.152s] writing entry points to ../../build/mock_sensors/mock_sensors.egg-info/entry_points.txt
[3.153s] writing requirements to ../../build/mock_sensors/mock_sensors.egg-info/requires.txt
[3.154s] writing top-level names to ../../build/mock_sensors/mock_sensors.egg-info/top_level.txt
[3.267s] reading manifest file '../../build/mock_sensors/mock_sensors.egg-info/SOURCES.txt'
[3.269s] writing manifest file '../../build/mock_sensors/mock_sensors.egg-info/SOURCES.txt'
[3.269s] running build
[3.270s] running build_py
[3.270s] running install
[3.281s] running install_lib
[3.327s] running install_data
[3.328s] running install_egg_info
[3.381s] removing '/home/stefa/robot_mock_ws/install/mock_sensors/lib/python3.12/site-packages/mock_sensors-0.0.0-py3.12.egg-info' (and everything under it)
[3.383s] Copying ../../build/mock_sensors/mock_sensors.egg-info to /home/stefa/robot_mock_ws/install/mock_sensors/lib/python3.12/site-packages/mock_sensors-0.0.0-py3.12.egg-info
[3.386s] running install_scripts
[3.714s] Installing mock_imu script to /home/stefa/robot_mock_ws/install/mock_sensors/lib/mock_sensors
[3.715s] writing list of installed files to '/home/stefa/robot_mock_ws/build/mock_sensors/install.log'
[3.776s] Invoked command in '/home/stefa/robot_mock_ws/src/mock_sensors' returned '0': PYTHONPATH=/home/stefa/robot_mock_ws/build/mock_sensors/prefix_override:/usr/lib/python3/dist-packages/colcon_core/task/python/colcon_distutils_commands:/home/stefa/robot_mock_ws/install/mock_sensors/lib/python3.12/site-packages:${PYTHONPATH} /usr/bin/python3 -W ignore:setup.py install is deprecated -W ignore:easy_install command is deprecated setup.py egg_info --egg-base ../../build/mock_sensors build --build-base /home/stefa/robot_mock_ws/build/mock_sensors/build install --record /home/stefa/robot_mock_ws/build/mock_sensors/install.log --single-version-externally-managed install_data
