[2.112s] Invoking command in '/home/stefa/robot_mock_ws/src/mock_sensors': PYTHONPATH=/home/stefa/robot_mock_ws/build/mock_sensors/prefix_override:/usr/lib/python3/dist-packages/colcon_core/task/python/colcon_distutils_commands:/home/stefa/robot_mock_ws/install/mock_sensors/lib/python3.12/site-packages:${PYTHONPATH} /usr/bin/python3 -W ignore:setup.py install is deprecated -W ignore:easy_install command is deprecated setup.py egg_info --egg-base ../../build/mock_sensors build --build-base /home/stefa/robot_mock_ws/build/mock_sensors/build install --record /home/stefa/robot_mock_ws/build/mock_sensors/install.log --single-version-externally-managed install_data
[2.704s] running egg_info
[2.742s] writing ../../build/mock_sensors/mock_sensors.egg-info/PKG-INFO
[2.743s] writing dependency_links to ../../build/mock_sensors/mock_sensors.egg-info/dependency_links.txt
[2.743s] writing entry points to ../../build/mock_sensors/mock_sensors.egg-info/entry_points.txt
[2.743s] writing requirements to ../../build/mock_sensors/mock_sensors.egg-info/requires.txt
[2.744s] writing top-level names to ../../build/mock_sensors/mock_sensors.egg-info/top_level.txt
[2.829s] reading manifest file '../../build/mock_sensors/mock_sensors.egg-info/SOURCES.txt'
[2.831s] writing manifest file '../../build/mock_sensors/mock_sensors.egg-info/SOURCES.txt'
[2.831s] running build
[2.831s] running build_py
[2.832s] running install
[2.844s] running install_lib
[2.889s] running install_data
[2.889s] running install_egg_info
[2.932s] removing '/home/stefa/robot_mock_ws/install/mock_sensors/lib/python3.12/site-packages/mock_sensors-0.0.0-py3.12.egg-info' (and everything under it)
[2.933s] Copying ../../build/mock_sensors/mock_sensors.egg-info to /home/stefa/robot_mock_ws/install/mock_sensors/lib/python3.12/site-packages/mock_sensors-0.0.0-py3.12.egg-info
[2.936s] running install_scripts
[3.189s] Installing mock_imu script to /home/stefa/robot_mock_ws/install/mock_sensors/lib/mock_sensors
[3.190s] writing list of installed files to '/home/stefa/robot_mock_ws/build/mock_sensors/install.log'
[3.238s] Invoked command in '/home/stefa/robot_mock_ws/src/mock_sensors' returned '0': PYTHONPATH=/home/stefa/robot_mock_ws/build/mock_sensors/prefix_override:/usr/lib/python3/dist-packages/colcon_core/task/python/colcon_distutils_commands:/home/stefa/robot_mock_ws/install/mock_sensors/lib/python3.12/site-packages:${PYTHONPATH} /usr/bin/python3 -W ignore:setup.py install is deprecated -W ignore:easy_install command is deprecated setup.py egg_info --egg-base ../../build/mock_sensors build --build-base /home/stefa/robot_mock_ws/build/mock_sensors/build install --record /home/stefa/robot_mock_ws/build/mock_sensors/install.log --single-version-externally-managed install_data
