[1.566s] Invoking command in '/home/stefa/robot_mock_ws/src/python_tools': PYTHONPATH=/home/stefa/robot_mock_ws/build/python_tools/prefix_override:/usr/lib/python3/dist-packages/colcon_core/task/python/colcon_distutils_commands:/home/stefa/robot_mock_ws/install/python_tools/lib/python3.12/site-packages:${PYTHONPATH} /usr/bin/python3 -W ignore:setup.py install is deprecated -W ignore:easy_install command is deprecated setup.py egg_info --egg-base ../../build/python_tools build --build-base /home/stefa/robot_mock_ws/build/python_tools/build install --record /home/stefa/robot_mock_ws/build/python_tools/install.log --single-version-externally-managed install_data
[1.890s] running egg_info
[1.911s] writing ../../build/python_tools/python_tools.egg-info/PKG-INFO
[1.912s] writing dependency_links to ../../build/python_tools/python_tools.egg-info/dependency_links.txt
[1.912s] writing entry points to ../../build/python_tools/python_tools.egg-info/entry_points.txt
[1.912s] writing requirements to ../../build/python_tools/python_tools.egg-info/requires.txt
[1.912s] writing top-level names to ../../build/python_tools/python_tools.egg-info/top_level.txt
[1.953s] reading manifest file '../../build/python_tools/python_tools.egg-info/SOURCES.txt'
[1.956s] writing manifest file '../../build/python_tools/python_tools.egg-info/SOURCES.txt'
[1.956s] running build
[1.956s] running build_py
[1.956s] running install
[1.962s] running install_lib
[1.983s] running install_data
[1.983s] running install_egg_info
[2.006s] removing '/home/stefa/robot_mock_ws/install/python_tools/lib/python3.12/site-packages/python_tools-0.0.0-py3.12.egg-info' (and everything under it)
[2.006s] Copying ../../build/python_tools/python_tools.egg-info to /home/stefa/robot_mock_ws/install/python_tools/lib/python3.12/site-packages/python_tools-0.0.0-py3.12.egg-info
[2.008s] running install_scripts
[2.174s] Installing brain_monitor_node script to /home/stefa/robot_mock_ws/install/python_tools/lib/python_tools
[2.175s] Installing mock_imu script to /home/stefa/robot_mock_ws/install/python_tools/lib/python_tools
[2.175s] writing list of installed files to '/home/stefa/robot_mock_ws/build/python_tools/install.log'
[2.214s] Invoked command in '/home/stefa/robot_mock_ws/src/python_tools' returned '0': PYTHONPATH=/home/stefa/robot_mock_ws/build/python_tools/prefix_override:/usr/lib/python3/dist-packages/colcon_core/task/python/colcon_distutils_commands:/home/stefa/robot_mock_ws/install/python_tools/lib/python3.12/site-packages:${PYTHONPATH} /usr/bin/python3 -W ignore:setup.py install is deprecated -W ignore:easy_install command is deprecated setup.py egg_info --egg-base ../../build/python_tools build --build-base /home/stefa/robot_mock_ws/build/python_tools/build install --record /home/stefa/robot_mock_ws/build/python_tools/install.log --single-version-externally-managed install_data
