[0.702s] Invoking command in '/home/stefa/robot_mock_ws/build/robot_brain_cpp': CMAKE_PREFIX_PATH=${CMAKE_PREFIX_PATH}:/home/stefa/robot_mock_ws/install/python_tools:/home/stefa/robot_mock_ws/install/mock_sensors:/opt/ros/jazzy /usr/bin/cmake --build /home/stefa/robot_mock_ws/build/robot_brain_cpp -- -j12 -l12
[1.079s] [100%] Built target brain_node
[1.101s] Invoked command in '/home/stefa/robot_mock_ws/build/robot_brain_cpp' returned '0': CMAKE_PREFIX_PATH=${CMAKE_PREFIX_PATH}:/home/stefa/robot_mock_ws/install/python_tools:/home/stefa/robot_mock_ws/install/mock_sensors:/opt/ros/jazzy /usr/bin/cmake --build /home/stefa/robot_mock_ws/build/robot_brain_cpp -- -j12 -l12
[1.123s] Invoking command in '/home/stefa/robot_mock_ws/build/robot_brain_cpp': CMAKE_PREFIX_PATH=${CMAKE_PREFIX_PATH}:/home/stefa/robot_mock_ws/install/python_tools:/home/stefa/robot_mock_ws/install/mock_sensors:/opt/ros/jazzy /usr/bin/cmake --install /home/stefa/robot_mock_ws/build/robot_brain_cpp
[1.142s] -- Install configuration: ""
[1.144s] -- Execute custom install script
[1.145s] -- Up-to-date symlink: /home/stefa/robot_mock_ws/install/robot_brain_cpp/lib/robot_brain_cpp/brain_node
[1.146s] -- Up-to-date symlink: /home/stefa/robot_mock_ws/install/robot_brain_cpp/share/ament_index/resource_index/package_run_dependencies/robot_brain_cpp
[1.147s] -- Up-to-date symlink: /home/stefa/robot_mock_ws/install/robot_brain_cpp/share/ament_index/resource_index/parent_prefix_path/robot_brain_cpp
[1.148s] -- Up-to-date symlink: /home/stefa/robot_mock_ws/install/robot_brain_cpp/share/robot_brain_cpp/environment/ament_prefix_path.sh
[1.148s] -- Up-to-date symlink: /home/stefa/robot_mock_ws/install/robot_brain_cpp/share/robot_brain_cpp/environment/ament_prefix_path.dsv
[1.149s] -- Up-to-date symlink: /home/stefa/robot_mock_ws/install/robot_brain_cpp/share/robot_brain_cpp/environment/path.sh
[1.149s] -- Up-to-date symlink: /home/stefa/robot_mock_ws/install/robot_brain_cpp/share/robot_brain_cpp/environment/path.dsv
[1.151s] -- Up-to-date symlink: /home/stefa/robot_mock_ws/install/robot_brain_cpp/share/robot_brain_cpp/local_setup.bash
[1.151s] -- Up-to-date symlink: /home/stefa/robot_mock_ws/install/robot_brain_cpp/share/robot_brain_cpp/local_setup.sh
[1.152s] -- Up-to-date symlink: /home/stefa/robot_mock_ws/install/robot_brain_cpp/share/robot_brain_cpp/local_setup.zsh
[1.152s] -- Up-to-date symlink: /home/stefa/robot_mock_ws/install/robot_brain_cpp/share/robot_brain_cpp/local_setup.dsv
[1.153s] -- Symlinking: /home/stefa/robot_mock_ws/install/robot_brain_cpp/share/robot_brain_cpp/package.dsv
[1.175s] -- Up-to-date symlink: /home/stefa/robot_mock_ws/install/robot_brain_cpp/share/ament_index/resource_index/packages/robot_brain_cpp
[1.176s] -- Up-to-date symlink: /home/stefa/robot_mock_ws/install/robot_brain_cpp/share/robot_brain_cpp/cmake/robot_brain_cppConfig.cmake
[1.177s] -- Up-to-date symlink: /home/stefa/robot_mock_ws/install/robot_brain_cpp/share/robot_brain_cpp/cmake/robot_brain_cppConfig-version.cmake
[1.177s] -- Up-to-date symlink: /home/stefa/robot_mock_ws/install/robot_brain_cpp/share/robot_brain_cpp/package.xml
[1.181s] Invoked command in '/home/stefa/robot_mock_ws/build/robot_brain_cpp' returned '0': CMAKE_PREFIX_PATH=${CMAKE_PREFIX_PATH}:/home/stefa/robot_mock_ws/install/python_tools:/home/stefa/robot_mock_ws/install/mock_sensors:/opt/ros/jazzy /usr/bin/cmake --install /home/stefa/robot_mock_ws/build/robot_brain_cpp
