[0.457s] DEBUG:colcon:Command line arguments: ['/usr/bin/colcon', 'build', '--symlink-install']
[0.458s] DEBUG:colcon:Parsed command line arguments: Namespace(log_base=None, log_level=None, verb_name='build', build_base='build', install_base='install', merge_install=False, symlink_install=True, test_result_base=None, continue_on_error=False, executor='parallel', parallel_workers=12, event_handlers=None, ignore_user_meta=False, metas=['./colcon.meta'], base_paths=['.'], packages_ignore=None, packages_ignore_regex=None, paths=None, packages_up_to=None, packages_up_to_regex=None, packages_above=None, packages_above_and_dependencies=None, packages_above_depth=None, packages_select_by_dep=None, packages_skip_by_dep=None, packages_skip_up_to=None, packages_select_build_failed=False, packages_skip_build_finished=False, packages_select_test_failures=False, packages_skip_test_passed=False, packages_select=None, packages_skip=None, packages_select_regex=None, packages_skip_regex=None, packages_start=None, packages_end=None, allow_overriding=[], cmake_args=None, cmake_target=None, cmake_target_skip_unavailable=False, cmake_clean_cache=False, cmake_clean_first=False, cmake_force_configure=False, ament_cmake_args=None, catkin_cmake_args=None, catkin_skip_building_tests=False, verb_parser=<colcon_defaults.argument_parser.defaults.DefaultArgumentsDecorator object at 0x716bbd07a000>, verb_extension=<colcon_core.verb.build.BuildVerb object at 0x716bbd079c10>, main=<bound method BuildVerb.main of <colcon_core.verb.build.BuildVerb object at 0x716bbd079c10>>)
[0.535s] Level 1:colcon.colcon_core.package_discovery:discover_packages(colcon_meta) check parameters
[0.535s] Level 1:colcon.colcon_core.package_discovery:discover_packages(recursive) check parameters
[0.535s] Level 1:colcon.colcon_core.package_discovery:discover_packages(ignore) check parameters
[0.535s] Level 1:colcon.colcon_core.package_discovery:discover_packages(path) check parameters
[0.536s] Level 1:colcon.colcon_core.package_discovery:discover_packages(colcon_meta) discover
[0.536s] Level 1:colcon.colcon_core.package_discovery:discover_packages(recursive) discover
[0.536s] INFO:colcon.colcon_core.package_discovery:Crawling recursively for packages in '/home/stefa/robot_mock_ws'
[0.536s] Level 1:colcon.colcon_core.package_identification:_identify(.) by extensions ['ignore', 'ignore_ament_install']
[0.536s] Level 1:colcon.colcon_core.package_identification:_identify(.) by extension 'ignore'
[0.536s] Level 1:colcon.colcon_core.package_identification:_identify(.) by extension 'ignore_ament_install'
[0.536s] Level 1:colcon.colcon_core.package_identification:_identify(.) by extensions ['colcon_pkg']
[0.536s] Level 1:colcon.colcon_core.package_identification:_identify(.) by extension 'colcon_pkg'
[0.536s] Level 1:colcon.colcon_core.package_identification:_identify(.) by extensions ['colcon_meta']
[0.537s] Level 1:colcon.colcon_core.package_identification:_identify(.) by extension 'colcon_meta'
[0.537s] Level 1:colcon.colcon_core.package_identification:_identify(.) by extensions ['ros']
[0.537s] Level 1:colcon.colcon_core.package_identification:_identify(.) by extension 'ros'
[0.575s] Level 1:colcon.colcon_core.package_identification:_identify(.) by extensions ['cmake', 'python']
[0.575s] Level 1:colcon.colcon_core.package_identification:_identify(.) by extension 'cmake'
[0.575s] Level 1:colcon.colcon_core.package_identification:_identify(.) by extension 'python'
[0.575s] Level 1:colcon.colcon_core.package_identification:_identify(.) by extensions ['python_setup_py']
[0.575s] Level 1:colcon.colcon_core.package_identification:_identify(.) by extension 'python_setup_py'
[0.578s] Level 1:colcon.colcon_core.package_identification:_identify(build) by extensions ['ignore', 'ignore_ament_install']
[0.578s] Level 1:colcon.colcon_core.package_identification:_identify(build) by extension 'ignore'
[0.578s] Level 1:colcon.colcon_core.package_identification:_identify(build) ignored
[0.579s] Level 1:colcon.colcon_core.package_identification:_identify(install) by extensions ['ignore', 'ignore_ament_install']
[0.579s] Level 1:colcon.colcon_core.package_identification:_identify(install) by extension 'ignore'
[0.579s] Level 1:colcon.colcon_core.package_identification:_identify(install) ignored
[0.579s] Level 1:colcon.colcon_core.package_identification:_identify(log) by extensions ['ignore', 'ignore_ament_install']
[0.579s] Level 1:colcon.colcon_core.package_identification:_identify(log) by extension 'ignore'
[0.579s] Level 1:colcon.colcon_core.package_identification:_identify(log) ignored
[0.580s] Level 1:colcon.colcon_core.package_identification:_identify(src) by extensions ['ignore', 'ignore_ament_install']
[0.580s] Level 1:colcon.colcon_core.package_identification:_identify(src) by extension 'ignore'
[0.580s] Level 1:colcon.colcon_core.package_identification:_identify(src) by extension 'ignore_ament_install'
[0.580s] Level 1:colcon.colcon_core.package_identification:_identify(src) by extensions ['colcon_pkg']
[0.580s] Level 1:colcon.colcon_core.package_identification:_identify(src) by extension 'colcon_pkg'
[0.580s] Level 1:colcon.colcon_core.package_identification:_identify(src) by extensions ['colcon_meta']
[0.580s] Level 1:colcon.colcon_core.package_identification:_identify(src) by extension 'colcon_meta'
[0.580s] Level 1:colcon.colcon_core.package_identification:_identify(src) by extensions ['ros']
[0.580s] Level 1:colcon.colcon_core.package_identification:_identify(src) by extension 'ros'
[0.580s] Level 1:colcon.colcon_core.package_identification:_identify(src) by extensions ['cmake', 'python']
[0.581s] Level 1:colcon.colcon_core.package_identification:_identify(src) by extension 'cmake'
[0.581s] Level 1:colcon.colcon_core.package_identification:_identify(src) by extension 'python'
[0.581s] Level 1:colcon.colcon_core.package_identification:_identify(src) by extensions ['python_setup_py']
[0.581s] Level 1:colcon.colcon_core.package_identification:_identify(src) by extension 'python_setup_py'
[0.581s] Level 1:colcon.colcon_core.package_identification:_identify(src/log) by extensions ['ignore', 'ignore_ament_install']
[0.581s] Level 1:colcon.colcon_core.package_identification:_identify(src/log) by extension 'ignore'
[0.581s] Level 1:colcon.colcon_core.package_identification:_identify(src/log) ignored
[0.581s] Level 1:colcon.colcon_core.package_identification:_identify(src/mock_sensors) by extensions ['ignore', 'ignore_ament_install']
[0.581s] Level 1:colcon.colcon_core.package_identification:_identify(src/mock_sensors) by extension 'ignore'
[0.581s] Level 1:colcon.colcon_core.package_identification:_identify(src/mock_sensors) by extension 'ignore_ament_install'
[0.582s] Level 1:colcon.colcon_core.package_identification:_identify(src/mock_sensors) by extensions ['colcon_pkg']
[0.582s] Level 1:colcon.colcon_core.package_identification:_identify(src/mock_sensors) by extension 'colcon_pkg'
[0.582s] Level 1:colcon.colcon_core.package_identification:_identify(src/mock_sensors) by extensions ['colcon_meta']
[0.582s] Level 1:colcon.colcon_core.package_identification:_identify(src/mock_sensors) by extension 'colcon_meta'
[0.582s] Level 1:colcon.colcon_core.package_identification:_identify(src/mock_sensors) by extensions ['ros']
[0.582s] Level 1:colcon.colcon_core.package_identification:_identify(src/mock_sensors) by extension 'ros'
[0.588s] DEBUG:colcon.colcon_core.package_identification:Package 'src/mock_sensors' with type 'ros.ament_python' and name 'mock_sensors'
[0.588s] Level 1:colcon.colcon_core.package_identification:_identify(src/python_tools) by extensions ['ignore', 'ignore_ament_install']
[0.588s] Level 1:colcon.colcon_core.package_identification:_identify(src/python_tools) by extension 'ignore'
[0.589s] Level 1:colcon.colcon_core.package_identification:_identify(src/python_tools) by extension 'ignore_ament_install'
[0.589s] Level 1:colcon.colcon_core.package_identification:_identify(src/python_tools) by extensions ['colcon_pkg']
[0.589s] Level 1:colcon.colcon_core.package_identification:_identify(src/python_tools) by extension 'colcon_pkg'
[0.589s] Level 1:colcon.colcon_core.package_identification:_identify(src/python_tools) by extensions ['colcon_meta']
[0.589s] Level 1:colcon.colcon_core.package_identification:_identify(src/python_tools) by extension 'colcon_meta'
[0.589s] Level 1:colcon.colcon_core.package_identification:_identify(src/python_tools) by extensions ['ros']
[0.589s] Level 1:colcon.colcon_core.package_identification:_identify(src/python_tools) by extension 'ros'
[0.590s] DEBUG:colcon.colcon_core.package_identification:Package 'src/python_tools' with type 'ros.ament_python' and name 'python_tools'
[0.590s] Level 1:colcon.colcon_core.package_identification:_identify(src/robot_brain_cpp) by extensions ['ignore', 'ignore_ament_install']
[0.590s] Level 1:colcon.colcon_core.package_identification:_identify(src/robot_brain_cpp) by extension 'ignore'
[0.590s] Level 1:colcon.colcon_core.package_identification:_identify(src/robot_brain_cpp) by extension 'ignore_ament_install'
[0.591s] Level 1:colcon.colcon_core.package_identification:_identify(src/robot_brain_cpp) by extensions ['colcon_pkg']
[0.591s] Level 1:colcon.colcon_core.package_identification:_identify(src/robot_brain_cpp) by extension 'colcon_pkg'
[0.591s] Level 1:colcon.colcon_core.package_identification:_identify(src/robot_brain_cpp) by extensions ['colcon_meta']
[0.591s] Level 1:colcon.colcon_core.package_identification:_identify(src/robot_brain_cpp) by extension 'colcon_meta'
[0.591s] Level 1:colcon.colcon_core.package_identification:_identify(src/robot_brain_cpp) by extensions ['ros']
[0.591s] Level 1:colcon.colcon_core.package_identification:_identify(src/robot_brain_cpp) by extension 'ros'
[0.592s] DEBUG:colcon.colcon_core.package_identification:Package 'src/robot_brain_cpp' with type 'ros.ament_cmake' and name 'robot_brain_cpp'
[0.592s] Level 1:colcon.colcon_core.package_discovery:discover_packages(recursive) using defaults
[0.592s] Level 1:colcon.colcon_core.package_discovery:discover_packages(ignore) discover
[0.592s] Level 1:colcon.colcon_core.package_discovery:discover_packages(ignore) using defaults
[0.592s] Level 1:colcon.colcon_core.package_discovery:discover_packages(path) discover
[0.592s] Level 1:colcon.colcon_core.package_discovery:discover_packages(path) using defaults
[0.628s] Level 1:colcon.colcon_core.package_discovery:discover_packages(prefix_path) check parameters
[0.628s] Level 1:colcon.colcon_core.package_discovery:discover_packages(prefix_path) discover
[0.642s] DEBUG:colcon.colcon_installed_package_information.package_discovery:Found 2 installed packages in /home/stefa/robot_mock_ws/install
[0.649s] DEBUG:colcon.colcon_installed_package_information.package_discovery:Found 286 installed packages in /opt/ros/jazzy
[0.651s] Level 1:colcon.colcon_core.package_discovery:discover_packages(prefix_path) using defaults
[0.899s] Level 5:colcon.colcon_core.verb:set package 'mock_sensors' build argument 'cmake_args' from command line to 'None'
[0.899s] Level 5:colcon.colcon_core.verb:set package 'mock_sensors' build argument 'cmake_target' from command line to 'None'
[0.899s] Level 5:colcon.colcon_core.verb:set package 'mock_sensors' build argument 'cmake_target_skip_unavailable' from command line to 'False'
[0.899s] Level 5:colcon.colcon_core.verb:set package 'mock_sensors' build argument 'cmake_clean_cache' from command line to 'False'
[0.899s] Level 5:colcon.colcon_core.verb:set package 'mock_sensors' build argument 'cmake_clean_first' from command line to 'False'
[0.899s] Level 5:colcon.colcon_core.verb:set package 'mock_sensors' build argument 'cmake_force_configure' from command line to 'False'
[0.899s] Level 5:colcon.colcon_core.verb:set package 'mock_sensors' build argument 'ament_cmake_args' from command line to 'None'
[0.899s] Level 5:colcon.colcon_core.verb:set package 'mock_sensors' build argument 'catkin_cmake_args' from command line to 'None'
[0.899s] Level 5:colcon.colcon_core.verb:set package 'mock_sensors' build argument 'catkin_skip_building_tests' from command line to 'False'
[0.899s] DEBUG:colcon.colcon_core.verb:Building package 'mock_sensors' with the following arguments: {'ament_cmake_args': None, 'build_base': '/home/stefa/robot_mock_ws/build/mock_sensors', 'catkin_cmake_args': None, 'catkin_skip_building_tests': False, 'cmake_args': None, 'cmake_clean_cache': False, 'cmake_clean_first': False, 'cmake_force_configure': False, 'cmake_target': None, 'cmake_target_skip_unavailable': False, 'install_base': '/home/stefa/robot_mock_ws/install/mock_sensors', 'merge_install': False, 'path': '/home/stefa/robot_mock_ws/src/mock_sensors', 'symlink_install': True, 'test_result_base': None}
[0.900s] Level 5:colcon.colcon_core.verb:set package 'python_tools' build argument 'cmake_args' from command line to 'None'
[0.900s] Level 5:colcon.colcon_core.verb:set package 'python_tools' build argument 'cmake_target' from command line to 'None'
[0.900s] Level 5:colcon.colcon_core.verb:set package 'python_tools' build argument 'cmake_target_skip_unavailable' from command line to 'False'
[0.900s] Level 5:colcon.colcon_core.verb:set package 'python_tools' build argument 'cmake_clean_cache' from command line to 'False'
[0.900s] Level 5:colcon.colcon_core.verb:set package 'python_tools' build argument 'cmake_clean_first' from command line to 'False'
[0.900s] Level 5:colcon.colcon_core.verb:set package 'python_tools' build argument 'cmake_force_configure' from command line to 'False'
[0.900s] Level 5:colcon.colcon_core.verb:set package 'python_tools' build argument 'ament_cmake_args' from command line to 'None'
[0.900s] Level 5:colcon.colcon_core.verb:set package 'python_tools' build argument 'catkin_cmake_args' from command line to 'None'
[0.900s] Level 5:colcon.colcon_core.verb:set package 'python_tools' build argument 'catkin_skip_building_tests' from command line to 'False'
[0.900s] DEBUG:colcon.colcon_core.verb:Building package 'python_tools' with the following arguments: {'ament_cmake_args': None, 'build_base': '/home/stefa/robot_mock_ws/build/python_tools', 'catkin_cmake_args': None, 'catkin_skip_building_tests': False, 'cmake_args': None, 'cmake_clean_cache': False, 'cmake_clean_first': False, 'cmake_force_configure': False, 'cmake_target': None, 'cmake_target_skip_unavailable': False, 'install_base': '/home/stefa/robot_mock_ws/install/python_tools', 'merge_install': False, 'path': '/home/stefa/robot_mock_ws/src/python_tools', 'symlink_install': True, 'test_result_base': None}
[0.900s] Level 5:colcon.colcon_core.verb:set package 'robot_brain_cpp' build argument 'cmake_args' from command line to 'None'
[0.900s] Level 5:colcon.colcon_core.verb:set package 'robot_brain_cpp' build argument 'cmake_target' from command line to 'None'
[0.900s] Level 5:colcon.colcon_core.verb:set package 'robot_brain_cpp' build argument 'cmake_target_skip_unavailable' from command line to 'False'
[0.900s] Level 5:colcon.colcon_core.verb:set package 'robot_brain_cpp' build argument 'cmake_clean_cache' from command line to 'False'
[0.900s] Level 5:colcon.colcon_core.verb:set package 'robot_brain_cpp' build argument 'cmake_clean_first' from command line to 'False'
[0.900s] Level 5:colcon.colcon_core.verb:set package 'robot_brain_cpp' build argument 'cmake_force_configure' from command line to 'False'
[0.900s] Level 5:colcon.colcon_core.verb:set package 'robot_brain_cpp' build argument 'ament_cmake_args' from command line to 'None'
[0.901s] Level 5:colcon.colcon_core.verb:set package 'robot_brain_cpp' build argument 'catkin_cmake_args' from command line to 'None'
[0.901s] Level 5:colcon.colcon_core.verb:set package 'robot_brain_cpp' build argument 'catkin_skip_building_tests' from command line to 'False'
[0.901s] DEBUG:colcon.colcon_core.verb:Building package 'robot_brain_cpp' with the following arguments: {'ament_cmake_args': None, 'build_base': '/home/stefa/robot_mock_ws/build/robot_brain_cpp', 'catkin_cmake_args': None, 'catkin_skip_building_tests': False, 'cmake_args': None, 'cmake_clean_cache': False, 'cmake_clean_first': False, 'cmake_force_configure': False, 'cmake_target': None, 'cmake_target_skip_unavailable': False, 'install_base': '/home/stefa/robot_mock_ws/install/robot_brain_cpp', 'merge_install': False, 'path': '/home/stefa/robot_mock_ws/src/robot_brain_cpp', 'symlink_install': True, 'test_result_base': None}
[0.901s] INFO:colcon.colcon_core.executor:Executing jobs using 'parallel' executor
[0.903s] DEBUG:colcon.colcon_parallel_executor.executor.parallel:run_until_complete
[0.903s] INFO:colcon.colcon_ros.task.ament_python.build:Building ROS package in '/home/stefa/robot_mock_ws/src/mock_sensors' with build type 'ament_python'
[0.903s] Level 1:colcon.colcon_core.shell:create_environment_hook('mock_sensors', 'ament_prefix_path')
[0.916s] INFO:colcon.colcon_core.plugin_system:Skipping extension 'colcon_core.shell.bat': Not used on non-Windows systems
[0.916s] INFO:colcon.colcon_core.shell:Creating environment hook '/home/stefa/robot_mock_ws/install/mock_sensors/share/mock_sensors/hook/ament_prefix_path.ps1'
[0.918s] INFO:colcon.colcon_core.shell:Creating environment descriptor '/home/stefa/robot_mock_ws/install/mock_sensors/share/mock_sensors/hook/ament_prefix_path.dsv'
[0.919s] INFO:colcon.colcon_core.shell:Creating environment hook '/home/stefa/robot_mock_ws/install/mock_sensors/share/mock_sensors/hook/ament_prefix_path.sh'
[0.921s] INFO:colcon.colcon_core.shell:Skip shell extension 'powershell' for command environment: Not usable outside of PowerShell
[0.921s] DEBUG:colcon.colcon_core.shell:Skip shell extension 'dsv' for command environment
[0.929s] INFO:colcon.colcon_ros.task.ament_python.build:Building ROS package in '/home/stefa/robot_mock_ws/src/python_tools' with build type 'ament_python'
[0.929s] Level 1:colcon.colcon_core.shell:create_environment_hook('python_tools', 'ament_prefix_path')
[0.929s] INFO:colcon.colcon_core.shell:Creating environment hook '/home/stefa/robot_mock_ws/install/python_tools/share/python_tools/hook/ament_prefix_path.ps1'
[0.935s] INFO:colcon.colcon_core.shell:Creating environment descriptor '/home/stefa/robot_mock_ws/install/python_tools/share/python_tools/hook/ament_prefix_path.dsv'
[0.935s] INFO:colcon.colcon_core.shell:Creating environment hook '/home/stefa/robot_mock_ws/install/python_tools/share/python_tools/hook/ament_prefix_path.sh'
[0.936s] INFO:colcon.colcon_core.shell:Skip shell extension 'powershell' for command environment: Not usable outside of PowerShell
[0.937s] DEBUG:colcon.colcon_core.shell:Skip shell extension 'dsv' for command environment
[0.942s] INFO:colcon.colcon_ros.task.ament_cmake.build:Building ROS package in '/home/stefa/robot_mock_ws/src/robot_brain_cpp' with build type 'ament_cmake'
[0.942s] INFO:colcon.colcon_cmake.task.cmake.build:Building CMake package in '/home/stefa/robot_mock_ws/src/robot_brain_cpp'
[0.943s] INFO:colcon.colcon_core.shell:Skip shell extension 'powershell' for command environment: Not usable outside of PowerShell
[0.943s] DEBUG:colcon.colcon_core.shell:Skip shell extension 'dsv' for command environment
[1.291s] INFO:colcon.colcon_core.task.python.build:Building Python package in '/home/stefa/robot_mock_ws/src/mock_sensors'
[1.291s] INFO:colcon.colcon_core.shell:Skip shell extension 'powershell' for command environment: Not usable outside of PowerShell
[1.291s] DEBUG:colcon.colcon_core.shell:Skip shell extension 'dsv' for command environment
[1.617s] INFO:colcon.colcon_core.task.python.build:Building Python package in '/home/stefa/robot_mock_ws/src/python_tools'
[1.617s] INFO:colcon.colcon_core.shell:Skip shell extension 'powershell' for command environment: Not usable outside of PowerShell
[1.618s] DEBUG:colcon.colcon_core.shell:Skip shell extension 'dsv' for command environment
[1.635s] DEBUG:colcon.colcon_core.event_handler.log_command:Invoking command in '/home/stefa/robot_mock_ws/build/robot_brain_cpp': CMAKE_PREFIX_PATH=${CMAKE_PREFIX_PATH}:/home/stefa/robot_mock_ws/install/mock_sensors:/opt/ros/jazzy /usr/bin/cmake /home/stefa/robot_mock_ws/src/robot_brain_cpp -DAMENT_CMAKE_SYMLINK_INSTALL=1 -DCMAKE_INSTALL_PREFIX=/home/stefa/robot_mock_ws/install/robot_brain_cpp
[3.682s] DEBUG:colcon.colcon_core.event_handler.log_command:Invoking command in '/home/stefa/robot_mock_ws/build/python_tools': PYTHONPATH=/home/stefa/robot_mock_ws/build/python_tools/prefix_override:/usr/lib/python3/dist-packages/colcon_core/task/python/colcon_distutils_commands:/home/stefa/robot_mock_ws/install/python_tools/lib/python3.12/site-packages:${PYTHONPATH} /usr/bin/python3 -W ignore:setup.py install is deprecated -W ignore:easy_install command is deprecated setup.py develop --editable --build-directory /home/stefa/robot_mock_ws/build/python_tools/build --no-deps symlink_data
[3.683s] DEBUG:colcon.colcon_core.task.python.build:While undoing a previous installation files outside the Python library path are being ignored: /home/stefa/robot_mock_ws/install/mock_sensors/share/ament_index/resource_index/packages/mock_sensors
[3.684s] DEBUG:colcon.colcon_core.task.python.build:While undoing a previous installation files outside the Python library path are being ignored: /home/stefa/robot_mock_ws/install/mock_sensors/share/mock_sensors/package.xml
[3.684s] DEBUG:colcon.colcon_core.task.python.build:While undoing a previous installation files outside the Python library path are being ignored: /home/stefa/robot_mock_ws/install/mock_sensors/lib/mock_sensors/mock_imu
[3.695s] DEBUG:colcon.colcon_core.event_handler.log_command:Invoking command in '/home/stefa/robot_mock_ws/build/mock_sensors': PYTHONPATH=/home/stefa/robot_mock_ws/build/mock_sensors/prefix_override:/usr/lib/python3/dist-packages/colcon_core/task/python/colcon_distutils_commands:/home/stefa/robot_mock_ws/install/mock_sensors/lib/python3.12/site-packages:${PYTHONPATH} /usr/bin/python3 -W ignore:setup.py install is deprecated -W ignore:easy_install command is deprecated setup.py develop --editable --build-directory /home/stefa/robot_mock_ws/build/mock_sensors/build --no-deps symlink_data --force
[4.896s] Level 1:colcon.colcon_core.shell:create_environment_hook('mock_sensors', 'pythonpath_develop')
[4.897s] INFO:colcon.colcon_core.shell:Creating environment hook '/home/stefa/robot_mock_ws/build/mock_sensors/share/mock_sensors/hook/pythonpath_develop.ps1'
[4.897s] DEBUG:colcon.colcon_core.event_handler.log_command:Invoked command in '/home/stefa/robot_mock_ws/build/mock_sensors' returned '0': PYTHONPATH=/home/stefa/robot_mock_ws/build/mock_sensors/prefix_override:/usr/lib/python3/dist-packages/colcon_core/task/python/colcon_distutils_commands:/home/stefa/robot_mock_ws/install/mock_sensors/lib/python3.12/site-packages:${PYTHONPATH} /usr/bin/python3 -W ignore:setup.py install is deprecated -W ignore:easy_install command is deprecated setup.py develop --editable --build-directory /home/stefa/robot_mock_ws/build/mock_sensors/build --no-deps symlink_data --force
[4.900s] INFO:colcon.colcon_core.shell:Creating environment descriptor '/home/stefa/robot_mock_ws/build/mock_sensors/share/mock_sensors/hook/pythonpath_develop.dsv'
[4.901s] INFO:colcon.colcon_core.shell:Creating environment hook '/home/stefa/robot_mock_ws/build/mock_sensors/share/mock_sensors/hook/pythonpath_develop.sh'
[4.915s] Level 1:colcon.colcon_core.environment:checking '/home/stefa/robot_mock_ws/install/mock_sensors' for CMake module files
[4.916s] Level 1:colcon.colcon_core.environment:checking '/home/stefa/robot_mock_ws/install/mock_sensors' for CMake config files
[4.919s] Level 1:colcon.colcon_core.environment:checking '/home/stefa/robot_mock_ws/install/mock_sensors/lib'
[4.920s] Level 1:colcon.colcon_core.environment:checking '/home/stefa/robot_mock_ws/install/mock_sensors/bin'
[4.920s] Level 1:colcon.colcon_core.environment:checking '/home/stefa/robot_mock_ws/install/mock_sensors/lib/pkgconfig/mock_sensors.pc'
[4.920s] Level 1:colcon.colcon_core.environment:checking '/home/stefa/robot_mock_ws/install/mock_sensors/lib/python3.12/site-packages'
[4.920s] Level 1:colcon.colcon_core.shell:create_environment_hook('mock_sensors', 'pythonpath')
[4.920s] INFO:colcon.colcon_core.shell:Creating environment hook '/home/stefa/robot_mock_ws/install/mock_sensors/share/mock_sensors/hook/pythonpath.ps1'
[4.921s] INFO:colcon.colcon_core.shell:Creating environment descriptor '/home/stefa/robot_mock_ws/install/mock_sensors/share/mock_sensors/hook/pythonpath.dsv'
[4.922s] INFO:colcon.colcon_core.shell:Creating environment hook '/home/stefa/robot_mock_ws/install/mock_sensors/share/mock_sensors/hook/pythonpath.sh'
[4.923s] Level 1:colcon.colcon_core.environment:checking '/home/stefa/robot_mock_ws/install/mock_sensors/bin'
[4.923s] Level 1:colcon.colcon_core.environment:create_environment_scripts_only(mock_sensors)
[4.923s] INFO:colcon.colcon_core.shell:Creating package script '/home/stefa/robot_mock_ws/install/mock_sensors/share/mock_sensors/package.ps1'
[4.925s] INFO:colcon.colcon_core.shell:Creating package descriptor '/home/stefa/robot_mock_ws/install/mock_sensors/share/mock_sensors/package.dsv'
[4.927s] INFO:colcon.colcon_core.shell:Creating package script '/home/stefa/robot_mock_ws/install/mock_sensors/share/mock_sensors/package.sh'
[4.929s] INFO:colcon.colcon_core.shell:Creating package script '/home/stefa/robot_mock_ws/install/mock_sensors/share/mock_sensors/package.bash'
[4.930s] INFO:colcon.colcon_core.shell:Creating package script '/home/stefa/robot_mock_ws/install/mock_sensors/share/mock_sensors/package.zsh'
[4.932s] Level 1:colcon.colcon_core.environment:create_file_with_runtime_dependencies(/home/stefa/robot_mock_ws/install/mock_sensors/share/colcon-core/packages/mock_sensors)
[4.936s] Level 1:colcon.colcon_core.shell:create_environment_hook('python_tools', 'pythonpath_develop')
[4.936s] INFO:colcon.colcon_core.shell:Creating environment hook '/home/stefa/robot_mock_ws/build/python_tools/share/python_tools/hook/pythonpath_develop.ps1'
[4.937s] DEBUG:colcon.colcon_core.event_handler.log_command:Invoked command in '/home/stefa/robot_mock_ws/build/python_tools' returned '0': PYTHONPATH=/home/stefa/robot_mock_ws/build/python_tools/prefix_override:/usr/lib/python3/dist-packages/colcon_core/task/python/colcon_distutils_commands:/home/stefa/robot_mock_ws/install/python_tools/lib/python3.12/site-packages:${PYTHONPATH} /usr/bin/python3 -W ignore:setup.py install is deprecated -W ignore:easy_install command is deprecated setup.py develop --editable --build-directory /home/stefa/robot_mock_ws/build/python_tools/build --no-deps symlink_data
[4.940s] INFO:colcon.colcon_core.shell:Creating environment descriptor '/home/stefa/robot_mock_ws/build/python_tools/share/python_tools/hook/pythonpath_develop.dsv'
[4.941s] INFO:colcon.colcon_core.shell:Creating environment hook '/home/stefa/robot_mock_ws/build/python_tools/share/python_tools/hook/pythonpath_develop.sh'
[4.942s] Level 1:colcon.colcon_core.environment:checking '/home/stefa/robot_mock_ws/install/python_tools' for CMake module files
[4.944s] Level 1:colcon.colcon_core.environment:checking '/home/stefa/robot_mock_ws/install/python_tools' for CMake config files
[4.945s] Level 1:colcon.colcon_core.environment:checking '/home/stefa/robot_mock_ws/install/python_tools/lib'
[4.945s] Level 1:colcon.colcon_core.environment:checking '/home/stefa/robot_mock_ws/install/python_tools/bin'
[4.945s] Level 1:colcon.colcon_core.environment:checking '/home/stefa/robot_mock_ws/install/python_tools/lib/pkgconfig/python_tools.pc'
[4.945s] Level 1:colcon.colcon_core.environment:checking '/home/stefa/robot_mock_ws/install/python_tools/lib/python3.12/site-packages'
[4.946s] Level 1:colcon.colcon_core.shell:create_environment_hook('python_tools', 'pythonpath')
[4.946s] INFO:colcon.colcon_core.shell:Creating environment hook '/home/stefa/robot_mock_ws/install/python_tools/share/python_tools/hook/pythonpath.ps1'
[4.947s] INFO:colcon.colcon_core.shell:Creating environment descriptor '/home/stefa/robot_mock_ws/install/python_tools/share/python_tools/hook/pythonpath.dsv'
[4.948s] INFO:colcon.colcon_core.shell:Creating environment hook '/home/stefa/robot_mock_ws/install/python_tools/share/python_tools/hook/pythonpath.sh'
[4.949s] Level 1:colcon.colcon_core.environment:checking '/home/stefa/robot_mock_ws/install/python_tools/bin'
[4.949s] Level 1:colcon.colcon_core.environment:create_environment_scripts_only(python_tools)
[4.950s] INFO:colcon.colcon_core.shell:Creating package script '/home/stefa/robot_mock_ws/install/python_tools/share/python_tools/package.ps1'
[4.951s] INFO:colcon.colcon_core.shell:Creating package descriptor '/home/stefa/robot_mock_ws/install/python_tools/share/python_tools/package.dsv'
[4.951s] INFO:colcon.colcon_core.shell:Creating package script '/home/stefa/robot_mock_ws/install/python_tools/share/python_tools/package.sh'
[4.952s] INFO:colcon.colcon_core.shell:Creating package script '/home/stefa/robot_mock_ws/install/python_tools/share/python_tools/package.bash'
[4.952s] INFO:colcon.colcon_core.shell:Creating package script '/home/stefa/robot_mock_ws/install/python_tools/share/python_tools/package.zsh'
[4.953s] Level 1:colcon.colcon_core.environment:create_file_with_runtime_dependencies(/home/stefa/robot_mock_ws/install/python_tools/share/colcon-core/packages/python_tools)
[5.258s] DEBUG:colcon.colcon_core.event_handler.log_command:Invoked command in '/home/stefa/robot_mock_ws/build/robot_brain_cpp' returned '0': CMAKE_PREFIX_PATH=${CMAKE_PREFIX_PATH}:/home/stefa/robot_mock_ws/install/mock_sensors:/opt/ros/jazzy /usr/bin/cmake /home/stefa/robot_mock_ws/src/robot_brain_cpp -DAMENT_CMAKE_SYMLINK_INSTALL=1 -DCMAKE_INSTALL_PREFIX=/home/stefa/robot_mock_ws/install/robot_brain_cpp
[5.260s] DEBUG:colcon.colcon_core.event_handler.log_command:Invoking command in '/home/stefa/robot_mock_ws/build/robot_brain_cpp': CMAKE_PREFIX_PATH=${CMAKE_PREFIX_PATH}:/home/stefa/robot_mock_ws/install/mock_sensors:/opt/ros/jazzy /usr/bin/cmake --build /home/stefa/robot_mock_ws/build/robot_brain_cpp -- -j12 -l12
[6.604s] DEBUG:colcon.colcon_core.event_handler.log_command:Invoked command in '/home/stefa/robot_mock_ws/build/robot_brain_cpp' returned '0': CMAKE_PREFIX_PATH=${CMAKE_PREFIX_PATH}:/home/stefa/robot_mock_ws/install/mock_sensors:/opt/ros/jazzy /usr/bin/cmake --build /home/stefa/robot_mock_ws/build/robot_brain_cpp -- -j12 -l12
[6.636s] DEBUG:colcon.colcon_core.event_handler.log_command:Invoking command in '/home/stefa/robot_mock_ws/build/robot_brain_cpp': CMAKE_PREFIX_PATH=${CMAKE_PREFIX_PATH}:/home/stefa/robot_mock_ws/install/mock_sensors:/opt/ros/jazzy /usr/bin/cmake --install /home/stefa/robot_mock_ws/build/robot_brain_cpp
[6.986s] Level 1:colcon.colcon_core.environment:create_environment_scripts_only(robot_brain_cpp)
[6.986s] Level 1:colcon.colcon_core.environment:checking '/home/stefa/robot_mock_ws/install/robot_brain_cpp' for CMake module files
[6.988s] DEBUG:colcon.colcon_core.event_handler.log_command:Invoked command in '/home/stefa/robot_mock_ws/build/robot_brain_cpp' returned '0': CMAKE_PREFIX_PATH=${CMAKE_PREFIX_PATH}:/home/stefa/robot_mock_ws/install/mock_sensors:/opt/ros/jazzy /usr/bin/cmake --install /home/stefa/robot_mock_ws/build/robot_brain_cpp
[6.988s] Level 1:colcon.colcon_core.environment:checking '/home/stefa/robot_mock_ws/install/robot_brain_cpp' for CMake config files
[6.993s] Level 1:colcon.colcon_core.shell:create_environment_hook('robot_brain_cpp', 'cmake_prefix_path')
[6.993s] INFO:colcon.colcon_core.shell:Creating environment hook '/home/stefa/robot_mock_ws/install/robot_brain_cpp/share/robot_brain_cpp/hook/cmake_prefix_path.ps1'
[6.994s] INFO:colcon.colcon_core.shell:Creating environment descriptor '/home/stefa/robot_mock_ws/install/robot_brain_cpp/share/robot_brain_cpp/hook/cmake_prefix_path.dsv'
[6.995s] INFO:colcon.colcon_core.shell:Creating environment hook '/home/stefa/robot_mock_ws/install/robot_brain_cpp/share/robot_brain_cpp/hook/cmake_prefix_path.sh'
[6.997s] Level 1:colcon.colcon_core.environment:checking '/home/stefa/robot_mock_ws/install/robot_brain_cpp/lib'
[6.997s] Level 1:colcon.colcon_core.environment:checking '/home/stefa/robot_mock_ws/install/robot_brain_cpp/bin'
[6.997s] Level 1:colcon.colcon_core.environment:checking '/home/stefa/robot_mock_ws/install/robot_brain_cpp/lib/pkgconfig/robot_brain_cpp.pc'
[6.998s] Level 1:colcon.colcon_core.environment:checking '/home/stefa/robot_mock_ws/install/robot_brain_cpp/lib/python3.12/site-packages'
[6.999s] Level 1:colcon.colcon_core.environment:checking '/home/stefa/robot_mock_ws/install/robot_brain_cpp/bin'
[6.999s] INFO:colcon.colcon_core.shell:Creating package script '/home/stefa/robot_mock_ws/install/robot_brain_cpp/share/robot_brain_cpp/package.ps1'
[7.000s] INFO:colcon.colcon_core.shell:Creating package descriptor '/home/stefa/robot_mock_ws/install/robot_brain_cpp/share/robot_brain_cpp/package.dsv'
[7.001s] INFO:colcon.colcon_core.shell:Creating package script '/home/stefa/robot_mock_ws/install/robot_brain_cpp/share/robot_brain_cpp/package.sh'
[7.002s] INFO:colcon.colcon_core.shell:Creating package script '/home/stefa/robot_mock_ws/install/robot_brain_cpp/share/robot_brain_cpp/package.bash'
[7.003s] INFO:colcon.colcon_core.shell:Creating package script '/home/stefa/robot_mock_ws/install/robot_brain_cpp/share/robot_brain_cpp/package.zsh'
[7.004s] Level 1:colcon.colcon_core.environment:create_file_with_runtime_dependencies(/home/stefa/robot_mock_ws/install/robot_brain_cpp/share/colcon-core/packages/robot_brain_cpp)
[7.005s] Level 1:colcon.colcon_core.environment:create_environment_scripts_only(robot_brain_cpp)
[7.005s] Level 1:colcon.colcon_core.environment:checking '/home/stefa/robot_mock_ws/install/robot_brain_cpp' for CMake module files
[7.006s] Level 1:colcon.colcon_core.environment:checking '/home/stefa/robot_mock_ws/install/robot_brain_cpp' for CMake config files
[7.007s] Level 1:colcon.colcon_core.shell:create_environment_hook('robot_brain_cpp', 'cmake_prefix_path')
[7.007s] INFO:colcon.colcon_core.shell:Creating environment hook '/home/stefa/robot_mock_ws/install/robot_brain_cpp/share/robot_brain_cpp/hook/cmake_prefix_path.ps1'
[7.008s] INFO:colcon.colcon_core.shell:Creating environment descriptor '/home/stefa/robot_mock_ws/install/robot_brain_cpp/share/robot_brain_cpp/hook/cmake_prefix_path.dsv'
[7.009s] INFO:colcon.colcon_core.shell:Creating environment hook '/home/stefa/robot_mock_ws/install/robot_brain_cpp/share/robot_brain_cpp/hook/cmake_prefix_path.sh'
[7.011s] Level 1:colcon.colcon_core.environment:checking '/home/stefa/robot_mock_ws/install/robot_brain_cpp/lib'
[7.011s] Level 1:colcon.colcon_core.environment:checking '/home/stefa/robot_mock_ws/install/robot_brain_cpp/bin'
[7.011s] Level 1:colcon.colcon_core.environment:checking '/home/stefa/robot_mock_ws/install/robot_brain_cpp/lib/pkgconfig/robot_brain_cpp.pc'
[7.012s] Level 1:colcon.colcon_core.environment:checking '/home/stefa/robot_mock_ws/install/robot_brain_cpp/lib/python3.12/site-packages'
[7.012s] Level 1:colcon.colcon_core.environment:checking '/home/stefa/robot_mock_ws/install/robot_brain_cpp/bin'
[7.013s] INFO:colcon.colcon_core.shell:Creating package script '/home/stefa/robot_mock_ws/install/robot_brain_cpp/share/robot_brain_cpp/package.ps1'
[7.015s] INFO:colcon.colcon_core.shell:Creating package descriptor '/home/stefa/robot_mock_ws/install/robot_brain_cpp/share/robot_brain_cpp/package.dsv'
[7.016s] INFO:colcon.colcon_core.shell:Creating package script '/home/stefa/robot_mock_ws/install/robot_brain_cpp/share/robot_brain_cpp/package.sh'
[7.017s] INFO:colcon.colcon_core.shell:Creating package script '/home/stefa/robot_mock_ws/install/robot_brain_cpp/share/robot_brain_cpp/package.bash'
[7.018s] INFO:colcon.colcon_core.shell:Creating package script '/home/stefa/robot_mock_ws/install/robot_brain_cpp/share/robot_brain_cpp/package.zsh'
[7.019s] Level 1:colcon.colcon_core.environment:create_file_with_runtime_dependencies(/home/stefa/robot_mock_ws/install/robot_brain_cpp/share/colcon-core/packages/robot_brain_cpp)
[7.020s] DEBUG:colcon.colcon_parallel_executor.executor.parallel:closing loop
[7.022s] DEBUG:colcon.colcon_parallel_executor.executor.parallel:loop closed
[7.024s] DEBUG:colcon.colcon_parallel_executor.executor.parallel:run_until_complete finished with '0'
[7.024s] DEBUG:colcon.colcon_core.event_reactor:joining thread
[7.205s] INFO:colcon.colcon_core.plugin_system:Skipping extension 'colcon_notification.desktop_notification.notify_send': Could not find 'notify-send'
[7.205s] INFO:colcon.colcon_core.plugin_system:Skipping extension 'colcon_notification.desktop_notification.terminal_notifier': Not used on non-Darwin systems
[7.205s] INFO:colcon.colcon_core.plugin_system:Skipping extension 'colcon_notification.desktop_notification.win32': Not used on non-Windows systems
[7.205s] INFO:colcon.colcon_notification.desktop_notification:Sending desktop notification using 'notify2'
[7.215s] DEBUG:colcon.colcon_notification.desktop_notification.notify2:Failed to initialize notify2: org.freedesktop.DBus.Error.ServiceUnknown: The name org.freedesktop.Notifications was not provided by any .service files
[7.215s] DEBUG:colcon.colcon_core.event_reactor:joined thread
[7.216s] INFO:colcon.colcon_core.shell:Creating prefix script '/home/stefa/robot_mock_ws/install/local_setup.ps1'
[7.217s] INFO:colcon.colcon_core.shell:Creating prefix util module '/home/stefa/robot_mock_ws/install/_local_setup_util_ps1.py'
[7.220s] INFO:colcon.colcon_core.shell:Creating prefix chain script '/home/stefa/robot_mock_ws/install/setup.ps1'
[7.222s] INFO:colcon.colcon_core.shell:Creating prefix script '/home/stefa/robot_mock_ws/install/local_setup.sh'
[7.223s] INFO:colcon.colcon_core.shell:Creating prefix util module '/home/stefa/robot_mock_ws/install/_local_setup_util_sh.py'
[7.224s] INFO:colcon.colcon_core.shell:Creating prefix chain script '/home/stefa/robot_mock_ws/install/setup.sh'
[7.226s] INFO:colcon.colcon_core.shell:Creating prefix script '/home/stefa/robot_mock_ws/install/local_setup.bash'
[7.227s] INFO:colcon.colcon_core.shell:Creating prefix chain script '/home/stefa/robot_mock_ws/install/setup.bash'
[7.228s] INFO:colcon.colcon_core.shell:Creating prefix script '/home/stefa/robot_mock_ws/install/local_setup.zsh'
[7.230s] INFO:colcon.colcon_core.shell:Creating prefix chain script '/home/stefa/robot_mock_ws/install/setup.zsh'
