running egg_info
writing ../../build/python_tools/python_tools.egg-info/PKG-INFO
writing dependency_links to ../../build/python_tools/python_tools.egg-info/dependency_links.txt
writing entry points to ../../build/python_tools/python_tools.egg-info/entry_points.txt
writing requirements to ../../build/python_tools/python_tools.egg-info/requires.txt
writing top-level names to ../../build/python_tools/python_tools.egg-info/top_level.txt
reading manifest file '../../build/python_tools/python_tools.egg-info/SOURCES.txt'
writing manifest file '../../build/python_tools/python_tools.egg-info/SOURCES.txt'
running build
running build_py
running install
running install_lib
running install_data
running install_egg_info
removing '/home/stefa/robot_mock_ws/install/python_tools/lib/python3.12/site-packages/python_tools-0.0.0-py3.12.egg-info' (and everything under it)
Copying ../../build/python_tools/python_tools.egg-info to /home/stefa/robot_mock_ws/install/python_tools/lib/python3.12/site-packages/python_tools-0.0.0-py3.12.egg-info
running install_scripts
Installing brain_monitor_node script to /home/stefa/robot_mock_ws/install/python_tools/lib/python_tools
Installing mock_imu script to /home/stefa/robot_mock_ws/install/python_tools/lib/python_tools
writing list of installed files to '/home/stefa/robot_mock_ws/build/python_tools/install.log'
