[0.490s] Invoking command in '/home/stefa/robot_mock_ws/build/robot_brain_cpp': CMAKE_PREFIX_PATH=${CMAKE_PREFIX_PATH}:/home/stefa/robot_mock_ws/install/python_tools:/home/stefa/robot_mock_ws/install/mock_sensors:/opt/ros/jazzy /usr/bin/cmake --build /home/stefa/robot_mock_ws/build/robot_brain_cpp -- -j12 -l12
[0.713s] [100%] Built target brain_node
[0.727s] Invoked command in '/home/stefa/robot_mock_ws/build/robot_brain_cpp' returned '0': CMAKE_PREFIX_PATH=${CMAKE_PREFIX_PATH}:/home/stefa/robot_mock_ws/install/python_tools:/home/stefa/robot_mock_ws/install/mock_sensors:/opt/ros/jazzy /usr/bin/cmake --build /home/stefa/robot_mock_ws/build/robot_brain_cpp -- -j12 -l12
[0.742s] Invoking command in '/home/stefa/robot_mock_ws/build/robot_brain_cpp': CMAKE_PREFIX_PATH=${CMAKE_PREFIX_PATH}:/home/stefa/robot_mock_ws/install/python_tools:/home/stefa/robot_mock_ws/install/mock_sensors:/opt/ros/jazzy /usr/bin/cmake --install /home/stefa/robot_mock_ws/build/robot_brain_cpp
[0.756s] -- Install configuration: ""
[0.757s] -- Execute custom install script
[0.758s] -- Up-to-date symlink: /home/stefa/robot_mock_ws/install/robot_brain_cpp/lib/robot_brain_cpp/brain_node
[0.758s] -- Up-to-date symlink: /home/stefa/robot_mock_ws/install/robot_brain_cpp/share/ament_index/resource_index/package_run_dependencies/robot_brain_cpp
[0.759s] -- Up-to-date symlink: /home/stefa/robot_mock_ws/install/robot_brain_cpp/share/ament_index/resource_index/parent_prefix_path/robot_brain_cpp
[0.759s] -- Up-to-date symlink: /home/stefa/robot_mock_ws/install/robot_brain_cpp/share/robot_brain_cpp/environment/ament_prefix_path.sh
[0.760s] -- Up-to-date symlink: /home/stefa/robot_mock_ws/install/robot_brain_cpp/share/robot_brain_cpp/environment/ament_prefix_path.dsv
[0.761s] -- Up-to-date symlink: /home/stefa/robot_mock_ws/install/robot_brain_cpp/share/robot_brain_cpp/environment/path.sh
[0.761s] -- Up-to-date symlink: /home/stefa/robot_mock_ws/install/robot_brain_cpp/share/robot_brain_cpp/environment/path.dsv
[0.762s] -- Up-to-date symlink: /home/stefa/robot_mock_ws/install/robot_brain_cpp/share/robot_brain_cpp/local_setup.bash
[0.762s] -- Up-to-date symlink: /home/stefa/robot_mock_ws/install/robot_brain_cpp/share/robot_brain_cpp/local_setup.sh
[0.763s] -- Up-to-date symlink: /home/stefa/robot_mock_ws/install/robot_brain_cpp/share/robot_brain_cpp/local_setup.zsh
[0.763s] -- Up-to-date symlink: /home/stefa/robot_mock_ws/install/robot_brain_cpp/share/robot_brain_cpp/local_setup.dsv
[0.764s] -- Symlinking: /home/stefa/robot_mock_ws/install/robot_brain_cpp/share/robot_brain_cpp/package.dsv
[0.775s] -- Up-to-date symlink: /home/stefa/robot_mock_ws/install/robot_brain_cpp/share/ament_index/resource_index/packages/robot_brain_cpp
[0.775s] -- Up-to-date symlink: /home/stefa/robot_mock_ws/install/robot_brain_cpp/share/robot_brain_cpp/cmake/robot_brain_cppConfig.cmake
[0.776s] -- Up-to-date symlink: /home/stefa/robot_mock_ws/install/robot_brain_cpp/share/robot_brain_cpp/cmake/robot_brain_cppConfig-version.cmake
[0.776s] -- Up-to-date symlink: /home/stefa/robot_mock_ws/install/robot_brain_cpp/share/robot_brain_cpp/package.xml
[0.779s] Invoked command in '/home/stefa/robot_mock_ws/build/robot_brain_cpp' returned '0': CMAKE_PREFIX_PATH=${CMAKE_PREFIX_PATH}:/home/stefa/robot_mock_ws/install/python_tools:/home/stefa/robot_mock_ws/install/mock_sensors:/opt/ros/jazzy /usr/bin/cmake --install /home/stefa/robot_mock_ws/build/robot_brain_cpp
