running develop
Removing /home/stefa/robot_mock_ws/install/python_tools/lib/python3.12/site-packages/python-tools.egg-link (link to .)
running egg_info
writing ../../build/python_tools/python_tools.egg-info/PKG-INFO
writing dependency_links to ../../build/python_tools/python_tools.egg-info/dependency_links.txt
writing entry points to ../../build/python_tools/python_tools.egg-info/entry_points.txt
writing requirements to ../../build/python_tools/python_tools.egg-info/requires.txt
writing top-level names to ../../build/python_tools/python_tools.egg-info/top_level.txt
reading manifest file '../../build/python_tools/python_tools.egg-info/SOURCES.txt'
writing manifest file '../../build/python_tools/python_tools.egg-info/SOURCES.txt'
running build
running build_py
creating /home/stefa/robot_mock_ws/build/python_tools/build
creating /home/stefa/robot_mock_ws/build/python_tools/build/lib
creating /home/stefa/robot_mock_ws/build/python_tools/build/lib/python_tools
copying python_tools/__init__.py -> /home/stefa/robot_mock_ws/build/python_tools/build/lib/python_tools
copying python_tools/brain_monitor_node.py -> /home/stefa/robot_mock_ws/build/python_tools/build/lib/python_tools
copying python_tools/mock_imu.py -> /home/stefa/robot_mock_ws/build/python_tools/build/lib/python_tools
running install
running install_lib
creating /home/stefa/robot_mock_ws/install/python_tools/lib/python3.12/site-packages/python_tools
copying /home/stefa/robot_mock_ws/build/python_tools/build/lib/python_tools/__init__.py -> /home/stefa/robot_mock_ws/install/python_tools/lib/python3.12/site-packages/python_tools
copying /home/stefa/robot_mock_ws/build/python_tools/build/lib/python_tools/brain_monitor_node.py -> /home/stefa/robot_mock_ws/install/python_tools/lib/python3.12/site-packages/python_tools
copying /home/stefa/robot_mock_ws/build/python_tools/build/lib/python_tools/mock_imu.py -> /home/stefa/robot_mock_ws/install/python_tools/lib/python3.12/site-packages/python_tools
byte-compiling /home/stefa/robot_mock_ws/install/python_tools/lib/python3.12/site-packages/python_tools/__init__.py to __init__.cpython-312.pyc
byte-compiling /home/stefa/robot_mock_ws/install/python_tools/lib/python3.12/site-packages/python_tools/brain_monitor_node.py to brain_monitor_node.cpython-312.pyc
byte-compiling /home/stefa/robot_mock_ws/install/python_tools/lib/python3.12/site-packages/python_tools/mock_imu.py to mock_imu.cpython-312.pyc
running install_data
copying resource/python_tools -> /home/stefa/robot_mock_ws/install/python_tools/share/ament_index/resource_index/packages
copying package.xml -> /home/stefa/robot_mock_ws/install/python_tools/share/python_tools
running install_egg_info
Copying ../../build/python_tools/python_tools.egg-info to /home/stefa/robot_mock_ws/install/python_tools/lib/python3.12/site-packages/python_tools-0.0.0-py3.12.egg-info
running install_scripts
Installing brain_monitor_node script to /home/stefa/robot_mock_ws/install/python_tools/lib/python_tools
Installing mock_imu script to /home/stefa/robot_mock_ws/install/python_tools/lib/python_tools
writing list of installed files to '/home/stefa/robot_mock_ws/build/python_tools/install.log'
